model_args: Namespace(data_dir='data', output_dir='output_tmp/YelpC30H128S1', data_name='Yelp', do_eval=False, full_sort=0, max_seq_length=50, model_name='CONV', hidden_size=128, num_hidden_layers=2, num_attention_heads=1, hidden_act='gelu', no_filter=False, attention_probs_dropout_prob=0.5, hidden_dropout_prob=0.5, lr=0.001, ablate=0, batch_size=256, drop_null=0, zero_pad=1, patience=10, seed=1, epochs=200, weight_decay=0.0, n_fft=50, local=3, pool_size=2, conv_name=1, initialize=1, padding_mode=0, conv_size=30, act=0, ffn_multiplier=4, trial='None', data_file='data/Yelp.txt', sample_file='data/Yelp_sample.txt', item_size=20034)
Total Parameters: 2843392
Train, Epoch:0, rec_loss:1211.0231
Val, Epoch:0, HIT@1:0.1116 HIT@5:0.3251 HIT@10:0.4701 NDCG@1:0.1116 NDCG@5:0.2195 NDCG@10:0.2663 MRR:0.2256
Train, Epoch:1, rec_loss:953.8948
Val, Epoch:1, HIT@1:0.1462 HIT@5:0.4139 HIT@10:0.5921 NDCG@1:0.1462 NDCG@5:0.2821 NDCG@10:0.3396 MRR:0.2832
Train, Epoch:2, rec_loss:790.7360
Val, Epoch:2, HIT@1:0.1760 HIT@5:0.4734 HIT@10:0.6584 NDCG@1:0.1760 NDCG@5:0.3277 NDCG@10:0.3873 MRR:0.3226
Train, Epoch:3, rec_loss:691.9886
Val, Epoch:3, HIT@1:0.1953 HIT@5:0.5093 HIT@10:0.6963 NDCG@1:0.1953 NDCG@5:0.3558 NDCG@10:0.4163 MRR:0.3472
Train, Epoch:4, rec_loss:626.1885
Val, Epoch:4, HIT@1:0.2093 HIT@5:0.5376 HIT@10:0.7209 NDCG@1:0.2093 NDCG@5:0.3777 NDCG@10:0.4370 MRR:0.3652
Train, Epoch:5, rec_loss:582.2658
Val, Epoch:5, HIT@1:0.2193 HIT@5:0.5539 HIT@10:0.7367 NDCG@1:0.2193 NDCG@5:0.3908 NDCG@10:0.4500 MRR:0.3764
Train, Epoch:6, rec_loss:545.1955
Val, Epoch:6, HIT@1:0.2247 HIT@5:0.5640 HIT@10:0.7421 NDCG@1:0.2247 NDCG@5:0.3981 NDCG@10:0.4558 MRR:0.3818
Train, Epoch:7, rec_loss:515.8580
Val, Epoch:7, HIT@1:0.2361 HIT@5:0.5782 HIT@10:0.7517 NDCG@1:0.2361 NDCG@5:0.4121 NDCG@10:0.4683 MRR:0.3945
Train, Epoch:8, rec_loss:494.8123
Val, Epoch:8, HIT@1:0.2359 HIT@5:0.5796 HIT@10:0.7567 NDCG@1:0.2359 NDCG@5:0.4123 NDCG@10:0.4697 MRR:0.3946
Train, Epoch:9, rec_loss:474.0435
Val, Epoch:9, HIT@1:0.2442 HIT@5:0.5895 HIT@10:0.7611 NDCG@1:0.2442 NDCG@5:0.4218 NDCG@10:0.4775 MRR:0.4027
Train, Epoch:10, rec_loss:455.9554
Val, Epoch:10, HIT@1:0.2473 HIT@5:0.5929 HIT@10:0.7660 NDCG@1:0.2473 NDCG@5:0.4253 NDCG@10:0.4813 MRR:0.4059
Train, Epoch:11, rec_loss:445.6822
Val, Epoch:11, HIT@1:0.2522 HIT@5:0.5967 HIT@10:0.7675 NDCG@1:0.2522 NDCG@5:0.4299 NDCG@10:0.4851 MRR:0.4103
Train, Epoch:12, rec_loss:434.9322
Val, Epoch:12, HIT@1:0.2519 HIT@5:0.5986 HIT@10:0.7694 NDCG@1:0.2519 NDCG@5:0.4304 NDCG@10:0.4858 MRR:0.4105
Train, Epoch:13, rec_loss:423.9340
Val, Epoch:13, HIT@1:0.2538 HIT@5:0.6016 HIT@10:0.7691 NDCG@1:0.2538 NDCG@5:0.4332 NDCG@10:0.4876 MRR:0.4127
Train, Epoch:14, rec_loss:415.1200
Val, Epoch:14, HIT@1:0.2560 HIT@5:0.6020 HIT@10:0.7693 NDCG@1:0.2560 NDCG@5:0.4346 NDCG@10:0.4889 MRR:0.4142
Train, Epoch:15, rec_loss:405.5739
Val, Epoch:15, HIT@1:0.2610 HIT@5:0.6040 HIT@10:0.7736 NDCG@1:0.2610 NDCG@5:0.4380 NDCG@10:0.4930 MRR:0.4181
Train, Epoch:16, rec_loss:399.2612
Val, Epoch:16, HIT@1:0.2609 HIT@5:0.6037 HIT@10:0.7710 NDCG@1:0.2609 NDCG@5:0.4380 NDCG@10:0.4923 MRR:0.4180
Train, Epoch:17, rec_loss:393.1290
Val, Epoch:17, HIT@1:0.2605 HIT@5:0.6064 HIT@10:0.7692 NDCG@1:0.2605 NDCG@5:0.4387 NDCG@10:0.4916 MRR:0.4175
Train, Epoch:18, rec_loss:387.0034
Val, Epoch:18, HIT@1:0.2636 HIT@5:0.6088 HIT@10:0.7739 NDCG@1:0.2636 NDCG@5:0.4419 NDCG@10:0.4955 MRR:0.4207
Train, Epoch:19, rec_loss:381.9542
Val, Epoch:19, HIT@1:0.2657 HIT@5:0.6073 HIT@10:0.7722 NDCG@1:0.2657 NDCG@5:0.4423 NDCG@10:0.4959 MRR:0.4220
Train, Epoch:20, rec_loss:376.3361
Val, Epoch:20, HIT@1:0.2625 HIT@5:0.6083 HIT@10:0.7738 NDCG@1:0.2625 NDCG@5:0.4417 NDCG@10:0.4953 MRR:0.4206
Train, Epoch:21, rec_loss:369.2007
Val, Epoch:21, HIT@1:0.2689 HIT@5:0.6144 HIT@10:0.7743 NDCG@1:0.2689 NDCG@5:0.4478 NDCG@10:0.4997 MRR:0.4261
Train, Epoch:22, rec_loss:369.5504
Val, Epoch:22, HIT@1:0.2712 HIT@5:0.6142 HIT@10:0.7738 NDCG@1:0.2712 NDCG@5:0.4482 NDCG@10:0.5000 MRR:0.4267
Train, Epoch:23, rec_loss:363.9660
Val, Epoch:23, HIT@1:0.2709 HIT@5:0.6153 HIT@10:0.7784 NDCG@1:0.2709 NDCG@5:0.4487 NDCG@10:0.5018 MRR:0.4272
Train, Epoch:24, rec_loss:361.7345
Val, Epoch:24, HIT@1:0.2696 HIT@5:0.6142 HIT@10:0.7769 NDCG@1:0.2696 NDCG@5:0.4478 NDCG@10:0.5007 MRR:0.4263
Train, Epoch:25, rec_loss:355.4625
Val, Epoch:25, HIT@1:0.2752 HIT@5:0.6147 HIT@10:0.7747 NDCG@1:0.2752 NDCG@5:0.4510 NDCG@10:0.5030 MRR:0.4302
Train, Epoch:26, rec_loss:351.8848
Val, Epoch:26, HIT@1:0.2746 HIT@5:0.6139 HIT@10:0.7739 NDCG@1:0.2746 NDCG@5:0.4502 NDCG@10:0.5023 MRR:0.4295
Train, Epoch:27, rec_loss:350.5961
Val, Epoch:27, HIT@1:0.2738 HIT@5:0.6169 HIT@10:0.7747 NDCG@1:0.2738 NDCG@5:0.4515 NDCG@10:0.5028 MRR:0.4297
Train, Epoch:28, rec_loss:347.1331
Val, Epoch:28, HIT@1:0.2710 HIT@5:0.6147 HIT@10:0.7711 NDCG@1:0.2710 NDCG@5:0.4496 NDCG@10:0.5003 MRR:0.4277
Train, Epoch:29, rec_loss:343.8743
Val, Epoch:29, HIT@1:0.2761 HIT@5:0.6173 HIT@10:0.7732 NDCG@1:0.2761 NDCG@5:0.4529 NDCG@10:0.5036 MRR:0.4312
Train, Epoch:30, rec_loss:341.1700
Val, Epoch:30, HIT@1:0.2753 HIT@5:0.6157 HIT@10:0.7727 NDCG@1:0.2753 NDCG@5:0.4521 NDCG@10:0.5032 MRR:0.4309
Train, Epoch:31, rec_loss:337.6264
Val, Epoch:31, HIT@1:0.2770 HIT@5:0.6194 HIT@10:0.7746 NDCG@1:0.2770 NDCG@5:0.4550 NDCG@10:0.5054 MRR:0.4330
Train, Epoch:32, rec_loss:335.6062
Val, Epoch:32, HIT@1:0.2781 HIT@5:0.6192 HIT@10:0.7737 NDCG@1:0.2781 NDCG@5:0.4546 NDCG@10:0.5047 MRR:0.4326
Train, Epoch:33, rec_loss:330.1621
Val, Epoch:33, HIT@1:0.2773 HIT@5:0.6188 HIT@10:0.7741 NDCG@1:0.2773 NDCG@5:0.4549 NDCG@10:0.5055 MRR:0.4333
Train, Epoch:34, rec_loss:332.6350
Val, Epoch:34, HIT@1:0.2790 HIT@5:0.6209 HIT@10:0.7742 NDCG@1:0.2790 NDCG@5:0.4565 NDCG@10:0.5062 MRR:0.4341
Train, Epoch:35, rec_loss:328.5395
Val, Epoch:35, HIT@1:0.2780 HIT@5:0.6206 HIT@10:0.7718 NDCG@1:0.2780 NDCG@5:0.4560 NDCG@10:0.5051 MRR:0.4334
Train, Epoch:36, rec_loss:328.5939
Val, Epoch:36, HIT@1:0.2780 HIT@5:0.6220 HIT@10:0.7718 NDCG@1:0.2780 NDCG@5:0.4567 NDCG@10:0.5054 MRR:0.4337
Train, Epoch:37, rec_loss:323.5414
Val, Epoch:37, HIT@1:0.2788 HIT@5:0.6181 HIT@10:0.7722 NDCG@1:0.2788 NDCG@5:0.4550 NDCG@10:0.5052 MRR:0.4334
Train, Epoch:38, rec_loss:323.7079
Val, Epoch:38, HIT@1:0.2815 HIT@5:0.6219 HIT@10:0.7733 NDCG@1:0.2815 NDCG@5:0.4579 NDCG@10:0.5071 MRR:0.4355
Train, Epoch:39, rec_loss:322.5942
Val, Epoch:39, HIT@1:0.2790 HIT@5:0.6184 HIT@10:0.7717 NDCG@1:0.2790 NDCG@5:0.4551 NDCG@10:0.5050 MRR:0.4333
Train, Epoch:40, rec_loss:322.5029
Val, Epoch:40, HIT@1:0.2798 HIT@5:0.6200 HIT@10:0.7713 NDCG@1:0.2798 NDCG@5:0.4566 NDCG@10:0.5058 MRR:0.4344
Train, Epoch:41, rec_loss:318.1030
Val, Epoch:41, HIT@1:0.2798 HIT@5:0.6213 HIT@10:0.7705 NDCG@1:0.2798 NDCG@5:0.4575 NDCG@10:0.5061 MRR:0.4350
Train, Epoch:42, rec_loss:318.0433
Val, Epoch:42, HIT@1:0.2802 HIT@5:0.6226 HIT@10:0.7726 NDCG@1:0.2802 NDCG@5:0.4580 NDCG@10:0.5066 MRR:0.4351
Train, Epoch:43, rec_loss:313.9665
Val, Epoch:43, HIT@1:0.2838 HIT@5:0.6225 HIT@10:0.7745 NDCG@1:0.2838 NDCG@5:0.4596 NDCG@10:0.5091 MRR:0.4375
Train, Epoch:44, rec_loss:313.7762
Val, Epoch:44, HIT@1:0.2820 HIT@5:0.6191 HIT@10:0.7699 NDCG@1:0.2820 NDCG@5:0.4572 NDCG@10:0.5063 MRR:0.4355
Train, Epoch:45, rec_loss:312.5432
Val, Epoch:45, HIT@1:0.2828 HIT@5:0.6230 HIT@10:0.7711 NDCG@1:0.2828 NDCG@5:0.4596 NDCG@10:0.5077 MRR:0.4370
Train, Epoch:46, rec_loss:311.8490
Val, Epoch:46, HIT@1:0.2866 HIT@5:0.6252 HIT@10:0.7737 NDCG@1:0.2866 NDCG@5:0.4628 NDCG@10:0.5111 MRR:0.4405
Train, Epoch:47, rec_loss:308.8231
Val, Epoch:47, HIT@1:0.2842 HIT@5:0.6226 HIT@10:0.7741 NDCG@1:0.2842 NDCG@5:0.4606 NDCG@10:0.5098 MRR:0.4386
Train, Epoch:48, rec_loss:310.2796
Val, Epoch:48, HIT@1:0.2850 HIT@5:0.6247 HIT@10:0.7734 NDCG@1:0.2850 NDCG@5:0.4614 NDCG@10:0.5097 MRR:0.4389
Train, Epoch:49, rec_loss:303.9701
Val, Epoch:49, HIT@1:0.2857 HIT@5:0.6243 HIT@10:0.7730 NDCG@1:0.2857 NDCG@5:0.4619 NDCG@10:0.5102 MRR:0.4395
Train, Epoch:50, rec_loss:303.5104
Val, Epoch:50, HIT@1:0.2836 HIT@5:0.6228 HIT@10:0.7723 NDCG@1:0.2836 NDCG@5:0.4602 NDCG@10:0.5089 MRR:0.4380
Train, Epoch:51, rec_loss:305.5995
Val, Epoch:51, HIT@1:0.2873 HIT@5:0.6225 HIT@10:0.7719 NDCG@1:0.2873 NDCG@5:0.4614 NDCG@10:0.5099 MRR:0.4396
Train, Epoch:52, rec_loss:302.9143
Val, Epoch:52, HIT@1:0.2849 HIT@5:0.6243 HIT@10:0.7712 NDCG@1:0.2849 NDCG@5:0.4612 NDCG@10:0.5089 MRR:0.4383
Train, Epoch:53, rec_loss:303.4466
Val, Epoch:53, HIT@1:0.2853 HIT@5:0.6223 HIT@10:0.7712 NDCG@1:0.2853 NDCG@5:0.4603 NDCG@10:0.5086 MRR:0.4380
Train, Epoch:54, rec_loss:302.1502
Val, Epoch:54, HIT@1:0.2832 HIT@5:0.6235 HIT@10:0.7713 NDCG@1:0.2832 NDCG@5:0.4601 NDCG@10:0.5081 MRR:0.4373
Train, Epoch:55, rec_loss:298.2631
Val, Epoch:55, HIT@1:0.2868 HIT@5:0.6243 HIT@10:0.7680 NDCG@1:0.2868 NDCG@5:0.4617 NDCG@10:0.5085 MRR:0.4389
Train, Epoch:56, rec_loss:297.0258
Val, Epoch:56, HIT@1:0.2872 HIT@5:0.6235 HIT@10:0.7709 NDCG@1:0.2872 NDCG@5:0.4620 NDCG@10:0.5100 MRR:0.4400
Test, Epoch:0, HIT@1:0.2816 HIT@5:0.6179 HIT@10:0.7675 NDCG@1:0.2816 NDCG@5:0.4559 NDCG@10:0.5045 MRR:0.4341
