model_args: Namespace(data_dir='data', output_dir='output_tmp/YelpC30H196S2', data_name='Yelp', do_eval=False, full_sort=0, max_seq_length=50, model_name='CONV', hidden_size=196, num_hidden_layers=2, num_attention_heads=1, hidden_act='gelu', no_filter=False, attention_probs_dropout_prob=0.5, hidden_dropout_prob=0.5, lr=0.001, ablate=0, batch_size=256, drop_null=0, zero_pad=1, patience=10, seed=2, epochs=200, weight_decay=0.0, n_fft=50, local=3, pool_size=2, conv_name=1, initialize=1, padding_mode=0, conv_size=30, act=0, ffn_multiplier=4, trial='None', data_file='data/Yelp.txt', sample_file='data/Yelp_sample.txt', item_size=20034)
Total Parameters: 4567192
Train, Epoch:0, rec_loss:1223.7076
Val, Epoch:0, HIT@1:0.1175 HIT@5:0.3313 HIT@10:0.4760 NDCG@1:0.1175 NDCG@5:0.2264 NDCG@10:0.2730 MRR:0.2320
Train, Epoch:1, rec_loss:957.3116
Val, Epoch:1, HIT@1:0.1452 HIT@5:0.4164 HIT@10:0.5996 NDCG@1:0.1452 NDCG@5:0.2826 NDCG@10:0.3416 MRR:0.2834
Train, Epoch:2, rec_loss:783.6729
Val, Epoch:2, HIT@1:0.1785 HIT@5:0.4770 HIT@10:0.6593 NDCG@1:0.1785 NDCG@5:0.3311 NDCG@10:0.3899 MRR:0.3255
Train, Epoch:3, rec_loss:678.4801
Val, Epoch:3, HIT@1:0.2015 HIT@5:0.5113 HIT@10:0.6949 NDCG@1:0.2015 NDCG@5:0.3599 NDCG@10:0.4193 MRR:0.3514
Train, Epoch:4, rec_loss:608.8952
Val, Epoch:4, HIT@1:0.2100 HIT@5:0.5285 HIT@10:0.7123 NDCG@1:0.2100 NDCG@5:0.3731 NDCG@10:0.4326 MRR:0.3626
Train, Epoch:5, rec_loss:554.2461
Val, Epoch:5, HIT@1:0.2265 HIT@5:0.5507 HIT@10:0.7326 NDCG@1:0.2265 NDCG@5:0.3925 NDCG@10:0.4514 MRR:0.3795
Train, Epoch:6, rec_loss:514.5708
Val, Epoch:6, HIT@1:0.2290 HIT@5:0.5590 HIT@10:0.7374 NDCG@1:0.2290 NDCG@5:0.3985 NDCG@10:0.4564 MRR:0.3841
Train, Epoch:7, rec_loss:479.0049
Val, Epoch:7, HIT@1:0.2343 HIT@5:0.5707 HIT@10:0.7460 NDCG@1:0.2343 NDCG@5:0.4073 NDCG@10:0.4641 MRR:0.3908
Train, Epoch:8, rec_loss:453.7100
Val, Epoch:8, HIT@1:0.2386 HIT@5:0.5732 HIT@10:0.7443 NDCG@1:0.2386 NDCG@5:0.4106 NDCG@10:0.4662 MRR:0.3938
Train, Epoch:9, rec_loss:434.0590
Val, Epoch:9, HIT@1:0.2425 HIT@5:0.5816 HIT@10:0.7505 NDCG@1:0.2425 NDCG@5:0.4169 NDCG@10:0.4716 MRR:0.3986
Train, Epoch:10, rec_loss:419.3001
Val, Epoch:10, HIT@1:0.2449 HIT@5:0.5841 HIT@10:0.7531 NDCG@1:0.2449 NDCG@5:0.4201 NDCG@10:0.4748 MRR:0.4016
Train, Epoch:11, rec_loss:405.6380
Val, Epoch:11, HIT@1:0.2474 HIT@5:0.5863 HIT@10:0.7532 NDCG@1:0.2474 NDCG@5:0.4219 NDCG@10:0.4761 MRR:0.4032
Train, Epoch:12, rec_loss:394.5808
Val, Epoch:12, HIT@1:0.2480 HIT@5:0.5921 HIT@10:0.7538 NDCG@1:0.2480 NDCG@5:0.4259 NDCG@10:0.4784 MRR:0.4057
Train, Epoch:13, rec_loss:380.8051
Val, Epoch:13, HIT@1:0.2517 HIT@5:0.5891 HIT@10:0.7543 NDCG@1:0.2517 NDCG@5:0.4258 NDCG@10:0.4795 MRR:0.4069
Train, Epoch:14, rec_loss:370.5982
Val, Epoch:14, HIT@1:0.2583 HIT@5:0.5975 HIT@10:0.7563 NDCG@1:0.2583 NDCG@5:0.4333 NDCG@10:0.4849 MRR:0.4131
Train, Epoch:15, rec_loss:364.7008
Val, Epoch:15, HIT@1:0.2584 HIT@5:0.5968 HIT@10:0.7540 NDCG@1:0.2584 NDCG@5:0.4332 NDCG@10:0.4843 MRR:0.4131
Train, Epoch:16, rec_loss:358.7418
Val, Epoch:16, HIT@1:0.2591 HIT@5:0.5946 HIT@10:0.7551 NDCG@1:0.2591 NDCG@5:0.4330 NDCG@10:0.4851 MRR:0.4137
Train, Epoch:17, rec_loss:352.5808
Val, Epoch:17, HIT@1:0.2595 HIT@5:0.5967 HIT@10:0.7543 NDCG@1:0.2595 NDCG@5:0.4341 NDCG@10:0.4851 MRR:0.4139
Train, Epoch:18, rec_loss:345.1545
Val, Epoch:18, HIT@1:0.2596 HIT@5:0.5994 HIT@10:0.7572 NDCG@1:0.2596 NDCG@5:0.4357 NDCG@10:0.4869 MRR:0.4152
Train, Epoch:19, rec_loss:339.1557
Val, Epoch:19, HIT@1:0.2547 HIT@5:0.5965 HIT@10:0.7531 NDCG@1:0.2547 NDCG@5:0.4320 NDCG@10:0.4830 MRR:0.4112
Train, Epoch:20, rec_loss:333.8726
Val, Epoch:20, HIT@1:0.2595 HIT@5:0.6015 HIT@10:0.7540 NDCG@1:0.2595 NDCG@5:0.4370 NDCG@10:0.4866 MRR:0.4155
Train, Epoch:21, rec_loss:330.9241
Val, Epoch:21, HIT@1:0.2647 HIT@5:0.6036 HIT@10:0.7567 NDCG@1:0.2647 NDCG@5:0.4402 NDCG@10:0.4898 MRR:0.4188
Train, Epoch:22, rec_loss:327.6812
Val, Epoch:22, HIT@1:0.2646 HIT@5:0.6003 HIT@10:0.7553 NDCG@1:0.2646 NDCG@5:0.4390 NDCG@10:0.4895 MRR:0.4189
Train, Epoch:23, rec_loss:324.7413
Val, Epoch:23, HIT@1:0.2629 HIT@5:0.6008 HIT@10:0.7553 NDCG@1:0.2629 NDCG@5:0.4384 NDCG@10:0.4886 MRR:0.4177
Train, Epoch:24, rec_loss:319.1881
Val, Epoch:24, HIT@1:0.2633 HIT@5:0.6004 HIT@10:0.7547 NDCG@1:0.2633 NDCG@5:0.4383 NDCG@10:0.4884 MRR:0.4175
Train, Epoch:25, rec_loss:314.2733
Val, Epoch:25, HIT@1:0.2656 HIT@5:0.6064 HIT@10:0.7549 NDCG@1:0.2656 NDCG@5:0.4426 NDCG@10:0.4908 MRR:0.4206
Train, Epoch:26, rec_loss:315.0803
Val, Epoch:26, HIT@1:0.2687 HIT@5:0.6035 HIT@10:0.7563 NDCG@1:0.2687 NDCG@5:0.4428 NDCG@10:0.4924 MRR:0.4222
Train, Epoch:27, rec_loss:310.0252
Val, Epoch:27, HIT@1:0.2675 HIT@5:0.6052 HIT@10:0.7561 NDCG@1:0.2675 NDCG@5:0.4426 NDCG@10:0.4917 MRR:0.4213
Train, Epoch:28, rec_loss:304.2693
Val, Epoch:28, HIT@1:0.2674 HIT@5:0.6045 HIT@10:0.7539 NDCG@1:0.2674 NDCG@5:0.4424 NDCG@10:0.4910 MRR:0.4210
Train, Epoch:29, rec_loss:302.3084
Val, Epoch:29, HIT@1:0.2712 HIT@5:0.6045 HIT@10:0.7560 NDCG@1:0.2712 NDCG@5:0.4440 NDCG@10:0.4932 MRR:0.4233
Train, Epoch:30, rec_loss:299.3450
Val, Epoch:30, HIT@1:0.2682 HIT@5:0.6056 HIT@10:0.7545 NDCG@1:0.2682 NDCG@5:0.4436 NDCG@10:0.4920 MRR:0.4220
Train, Epoch:31, rec_loss:296.8011
Val, Epoch:31, HIT@1:0.2743 HIT@5:0.6070 HIT@10:0.7559 NDCG@1:0.2743 NDCG@5:0.4469 NDCG@10:0.4952 MRR:0.4257
Train, Epoch:32, rec_loss:294.8023
Val, Epoch:32, HIT@1:0.2726 HIT@5:0.6063 HIT@10:0.7536 NDCG@1:0.2726 NDCG@5:0.4458 NDCG@10:0.4937 MRR:0.4247
Train, Epoch:33, rec_loss:292.8797
Val, Epoch:33, HIT@1:0.2709 HIT@5:0.6021 HIT@10:0.7529 NDCG@1:0.2709 NDCG@5:0.4438 NDCG@10:0.4929 MRR:0.4238
Train, Epoch:34, rec_loss:290.1335
Val, Epoch:34, HIT@1:0.2739 HIT@5:0.6057 HIT@10:0.7537 NDCG@1:0.2739 NDCG@5:0.4463 NDCG@10:0.4944 MRR:0.4255
Train, Epoch:35, rec_loss:290.7192
Val, Epoch:35, HIT@1:0.2731 HIT@5:0.6042 HIT@10:0.7525 NDCG@1:0.2731 NDCG@5:0.4448 NDCG@10:0.4930 MRR:0.4241
Train, Epoch:36, rec_loss:287.4894
Val, Epoch:36, HIT@1:0.2732 HIT@5:0.6056 HIT@10:0.7534 NDCG@1:0.2732 NDCG@5:0.4460 NDCG@10:0.4940 MRR:0.4251
Train, Epoch:37, rec_loss:285.8575
Val, Epoch:37, HIT@1:0.2734 HIT@5:0.6061 HIT@10:0.7532 NDCG@1:0.2734 NDCG@5:0.4460 NDCG@10:0.4936 MRR:0.4246
Train, Epoch:38, rec_loss:284.4201
Val, Epoch:38, HIT@1:0.2760 HIT@5:0.6078 HIT@10:0.7555 NDCG@1:0.2760 NDCG@5:0.4482 NDCG@10:0.4962 MRR:0.4274
Train, Epoch:39, rec_loss:281.8269
Val, Epoch:39, HIT@1:0.2710 HIT@5:0.6041 HIT@10:0.7536 NDCG@1:0.2710 NDCG@5:0.4445 NDCG@10:0.4932 MRR:0.4239
Train, Epoch:40, rec_loss:280.8917
Val, Epoch:40, HIT@1:0.2733 HIT@5:0.6084 HIT@10:0.7527 NDCG@1:0.2733 NDCG@5:0.4476 NDCG@10:0.4945 MRR:0.4259
Train, Epoch:41, rec_loss:277.1620
Val, Epoch:41, HIT@1:0.2741 HIT@5:0.6083 HIT@10:0.7546 NDCG@1:0.2741 NDCG@5:0.4477 NDCG@10:0.4953 MRR:0.4263
Train, Epoch:42, rec_loss:275.2894
Val, Epoch:42, HIT@1:0.2753 HIT@5:0.6077 HIT@10:0.7553 NDCG@1:0.2753 NDCG@5:0.4478 NDCG@10:0.4957 MRR:0.4267
Train, Epoch:43, rec_loss:273.8906
Val, Epoch:43, HIT@1:0.2761 HIT@5:0.6094 HIT@10:0.7558 NDCG@1:0.2761 NDCG@5:0.4493 NDCG@10:0.4968 MRR:0.4278
Train, Epoch:44, rec_loss:273.6852
Val, Epoch:44, HIT@1:0.2755 HIT@5:0.6088 HIT@10:0.7535 NDCG@1:0.2755 NDCG@5:0.4483 NDCG@10:0.4953 MRR:0.4265
Train, Epoch:45, rec_loss:273.6945
Val, Epoch:45, HIT@1:0.2748 HIT@5:0.6063 HIT@10:0.7492 NDCG@1:0.2748 NDCG@5:0.4471 NDCG@10:0.4935 MRR:0.4257
Train, Epoch:46, rec_loss:268.9772
Val, Epoch:46, HIT@1:0.2760 HIT@5:0.6099 HIT@10:0.7537 NDCG@1:0.2760 NDCG@5:0.4494 NDCG@10:0.4962 MRR:0.4276
Train, Epoch:47, rec_loss:269.9130
Val, Epoch:47, HIT@1:0.2772 HIT@5:0.6100 HIT@10:0.7552 NDCG@1:0.2772 NDCG@5:0.4504 NDCG@10:0.4976 MRR:0.4290
Train, Epoch:48, rec_loss:266.7464
Val, Epoch:48, HIT@1:0.2761 HIT@5:0.6076 HIT@10:0.7510 NDCG@1:0.2761 NDCG@5:0.4484 NDCG@10:0.4950 MRR:0.4270
Train, Epoch:49, rec_loss:267.3525
Val, Epoch:49, HIT@1:0.2788 HIT@5:0.6080 HIT@10:0.7531 NDCG@1:0.2788 NDCG@5:0.4503 NDCG@10:0.4973 MRR:0.4294
Train, Epoch:50, rec_loss:266.3532
Val, Epoch:50, HIT@1:0.2791 HIT@5:0.6098 HIT@10:0.7530 NDCG@1:0.2791 NDCG@5:0.4511 NDCG@10:0.4977 MRR:0.4299
Train, Epoch:51, rec_loss:263.2712
Val, Epoch:51, HIT@1:0.2771 HIT@5:0.6072 HIT@10:0.7500 NDCG@1:0.2771 NDCG@5:0.4491 NDCG@10:0.4955 MRR:0.4280
Train, Epoch:52, rec_loss:263.7025
Val, Epoch:52, HIT@1:0.2763 HIT@5:0.6085 HIT@10:0.7481 NDCG@1:0.2763 NDCG@5:0.4496 NDCG@10:0.4949 MRR:0.4276
Train, Epoch:53, rec_loss:262.6033
Val, Epoch:53, HIT@1:0.2776 HIT@5:0.6082 HIT@10:0.7517 NDCG@1:0.2776 NDCG@5:0.4501 NDCG@10:0.4968 MRR:0.4291
Train, Epoch:54, rec_loss:261.4711
Val, Epoch:54, HIT@1:0.2772 HIT@5:0.6065 HIT@10:0.7518 NDCG@1:0.2772 NDCG@5:0.4486 NDCG@10:0.4958 MRR:0.4278
Train, Epoch:55, rec_loss:260.2421
Val, Epoch:55, HIT@1:0.2808 HIT@5:0.6086 HIT@10:0.7550 NDCG@1:0.2808 NDCG@5:0.4514 NDCG@10:0.4990 MRR:0.4308
Train, Epoch:56, rec_loss:257.0205
Val, Epoch:56, HIT@1:0.2780 HIT@5:0.6088 HIT@10:0.7549 NDCG@1:0.2780 NDCG@5:0.4503 NDCG@10:0.4977 MRR:0.4292
Train, Epoch:57, rec_loss:258.1879
Val, Epoch:57, HIT@1:0.2798 HIT@5:0.6084 HIT@10:0.7525 NDCG@1:0.2798 NDCG@5:0.4512 NDCG@10:0.4980 MRR:0.4303
Train, Epoch:58, rec_loss:258.8495
Val, Epoch:58, HIT@1:0.2823 HIT@5:0.6098 HIT@10:0.7543 NDCG@1:0.2823 NDCG@5:0.4532 NDCG@10:0.5000 MRR:0.4325
Train, Epoch:59, rec_loss:258.2266
Val, Epoch:59, HIT@1:0.2793 HIT@5:0.6092 HIT@10:0.7508 NDCG@1:0.2793 NDCG@5:0.4520 NDCG@10:0.4980 MRR:0.4309
Train, Epoch:60, rec_loss:255.0078
Val, Epoch:60, HIT@1:0.2844 HIT@5:0.6121 HIT@10:0.7547 NDCG@1:0.2844 NDCG@5:0.4550 NDCG@10:0.5012 MRR:0.4338
Train, Epoch:61, rec_loss:256.8192
Val, Epoch:61, HIT@1:0.2806 HIT@5:0.6081 HIT@10:0.7521 NDCG@1:0.2806 NDCG@5:0.4510 NDCG@10:0.4978 MRR:0.4300
Train, Epoch:62, rec_loss:252.9085
Val, Epoch:62, HIT@1:0.2818 HIT@5:0.6082 HIT@10:0.7478 NDCG@1:0.2818 NDCG@5:0.4525 NDCG@10:0.4978 MRR:0.4317
Train, Epoch:63, rec_loss:253.4953
Val, Epoch:63, HIT@1:0.2808 HIT@5:0.6084 HIT@10:0.7480 NDCG@1:0.2808 NDCG@5:0.4516 NDCG@10:0.4969 MRR:0.4305
Train, Epoch:64, rec_loss:252.3211
Val, Epoch:64, HIT@1:0.2839 HIT@5:0.6079 HIT@10:0.7497 NDCG@1:0.2839 NDCG@5:0.4535 NDCG@10:0.4997 MRR:0.4335
Train, Epoch:65, rec_loss:251.9949
Val, Epoch:65, HIT@1:0.2812 HIT@5:0.6057 HIT@10:0.7471 NDCG@1:0.2812 NDCG@5:0.4511 NDCG@10:0.4970 MRR:0.4308
Train, Epoch:66, rec_loss:250.9951
Val, Epoch:66, HIT@1:0.2822 HIT@5:0.6111 HIT@10:0.7495 NDCG@1:0.2822 NDCG@5:0.4535 NDCG@10:0.4983 MRR:0.4318
Train, Epoch:67, rec_loss:250.7765
Val, Epoch:67, HIT@1:0.2831 HIT@5:0.6107 HIT@10:0.7533 NDCG@1:0.2831 NDCG@5:0.4541 NDCG@10:0.5004 MRR:0.4331
Train, Epoch:68, rec_loss:251.7290
Val, Epoch:68, HIT@1:0.2839 HIT@5:0.6095 HIT@10:0.7511 NDCG@1:0.2839 NDCG@5:0.4534 NDCG@10:0.4994 MRR:0.4326
Train, Epoch:69, rec_loss:250.2895
Val, Epoch:69, HIT@1:0.2809 HIT@5:0.6113 HIT@10:0.7504 NDCG@1:0.2809 NDCG@5:0.4531 NDCG@10:0.4982 MRR:0.4312
Train, Epoch:70, rec_loss:248.4762
Val, Epoch:70, HIT@1:0.2797 HIT@5:0.6092 HIT@10:0.7496 NDCG@1:0.2797 NDCG@5:0.4514 NDCG@10:0.4969 MRR:0.4299
Test, Epoch:0, HIT@1:0.2828 HIT@5:0.6057 HIT@10:0.7492 NDCG@1:0.2828 NDCG@5:0.4506 NDCG@10:0.4972 MRR:0.4308
