model_args: Namespace(data_dir='data', output_dir='output_tmp/YelpC30H128S2', data_name='Yelp', do_eval=False, full_sort=0, max_seq_length=50, model_name='CONV', hidden_size=128, num_hidden_layers=2, num_attention_heads=1, hidden_act='gelu', no_filter=False, attention_probs_dropout_prob=0.5, hidden_dropout_prob=0.5, lr=0.001, ablate=0, batch_size=256, drop_null=0, zero_pad=1, patience=10, seed=2, epochs=200, weight_decay=0.0, n_fft=50, local=3, pool_size=2, conv_name=1, initialize=1, padding_mode=0, conv_size=30, act=0, ffn_multiplier=4, trial='None', data_file='data/Yelp.txt', sample_file='data/Yelp_sample.txt', item_size=20034)
Total Parameters: 2843392
Train, Epoch:0, rec_loss:1221.6332
Val, Epoch:0, HIT@1:0.1024 HIT@5:0.3032 HIT@10:0.4442 NDCG@1:0.1024 NDCG@5:0.2042 NDCG@10:0.2496 MRR:0.2127
Train, Epoch:1, rec_loss:971.8199
Val, Epoch:1, HIT@1:0.1477 HIT@5:0.4214 HIT@10:0.5937 NDCG@1:0.1477 NDCG@5:0.2870 NDCG@10:0.3426 MRR:0.2861
Train, Epoch:2, rec_loss:792.1558
Val, Epoch:2, HIT@1:0.1767 HIT@5:0.4770 HIT@10:0.6620 NDCG@1:0.1767 NDCG@5:0.3304 NDCG@10:0.3902 MRR:0.3251
Train, Epoch:3, rec_loss:684.8217
Val, Epoch:3, HIT@1:0.1999 HIT@5:0.5141 HIT@10:0.7006 NDCG@1:0.1999 NDCG@5:0.3608 NDCG@10:0.4211 MRR:0.3518
Train, Epoch:4, rec_loss:620.5448
Val, Epoch:4, HIT@1:0.2150 HIT@5:0.5396 HIT@10:0.7235 NDCG@1:0.2150 NDCG@5:0.3811 NDCG@10:0.4406 MRR:0.3690
Train, Epoch:5, rec_loss:574.8021
Val, Epoch:5, HIT@1:0.2236 HIT@5:0.5545 HIT@10:0.7355 NDCG@1:0.2236 NDCG@5:0.3934 NDCG@10:0.4520 MRR:0.3794
Train, Epoch:6, rec_loss:539.0497
Val, Epoch:6, HIT@1:0.2326 HIT@5:0.5683 HIT@10:0.7456 NDCG@1:0.2326 NDCG@5:0.4054 NDCG@10:0.4629 MRR:0.3896
Train, Epoch:7, rec_loss:510.7555
Val, Epoch:7, HIT@1:0.2353 HIT@5:0.5726 HIT@10:0.7543 NDCG@1:0.2353 NDCG@5:0.4089 NDCG@10:0.4678 MRR:0.3929
Train, Epoch:8, rec_loss:486.8093
Val, Epoch:8, HIT@1:0.2394 HIT@5:0.5842 HIT@10:0.7572 NDCG@1:0.2394 NDCG@5:0.4164 NDCG@10:0.4726 MRR:0.3979
Train, Epoch:9, rec_loss:469.3062
Val, Epoch:9, HIT@1:0.2415 HIT@5:0.5856 HIT@10:0.7608 NDCG@1:0.2415 NDCG@5:0.4187 NDCG@10:0.4755 MRR:0.4003
Train, Epoch:10, rec_loss:454.3995
Val, Epoch:10, HIT@1:0.2452 HIT@5:0.5927 HIT@10:0.7653 NDCG@1:0.2452 NDCG@5:0.4245 NDCG@10:0.4805 MRR:0.4049
Train, Epoch:11, rec_loss:439.4619
Val, Epoch:11, HIT@1:0.2474 HIT@5:0.5963 HIT@10:0.7645 NDCG@1:0.2474 NDCG@5:0.4272 NDCG@10:0.4818 MRR:0.4068
Train, Epoch:12, rec_loss:431.2260
Val, Epoch:12, HIT@1:0.2502 HIT@5:0.5935 HIT@10:0.7664 NDCG@1:0.2502 NDCG@5:0.4277 NDCG@10:0.4838 MRR:0.4088
Train, Epoch:13, rec_loss:419.1498
Val, Epoch:13, HIT@1:0.2529 HIT@5:0.5970 HIT@10:0.7684 NDCG@1:0.2529 NDCG@5:0.4307 NDCG@10:0.4864 MRR:0.4113
Train, Epoch:14, rec_loss:410.8816
Val, Epoch:14, HIT@1:0.2562 HIT@5:0.5987 HIT@10:0.7700 NDCG@1:0.2562 NDCG@5:0.4331 NDCG@10:0.4888 MRR:0.4137
Train, Epoch:15, rec_loss:402.5544
Val, Epoch:15, HIT@1:0.2593 HIT@5:0.6039 HIT@10:0.7691 NDCG@1:0.2593 NDCG@5:0.4374 NDCG@10:0.4911 MRR:0.4170
Train, Epoch:16, rec_loss:394.7131
Val, Epoch:16, HIT@1:0.2606 HIT@5:0.6035 HIT@10:0.7660 NDCG@1:0.2606 NDCG@5:0.4379 NDCG@10:0.4907 MRR:0.4174
Train, Epoch:17, rec_loss:389.6149
Val, Epoch:17, HIT@1:0.2592 HIT@5:0.6036 HIT@10:0.7678 NDCG@1:0.2592 NDCG@5:0.4373 NDCG@10:0.4905 MRR:0.4166
Train, Epoch:18, rec_loss:385.4806
Val, Epoch:18, HIT@1:0.2582 HIT@5:0.6045 HIT@10:0.7683 NDCG@1:0.2582 NDCG@5:0.4375 NDCG@10:0.4906 MRR:0.4165
Train, Epoch:19, rec_loss:381.2158
Val, Epoch:19, HIT@1:0.2624 HIT@5:0.6077 HIT@10:0.7716 NDCG@1:0.2624 NDCG@5:0.4411 NDCG@10:0.4943 MRR:0.4201
Train, Epoch:20, rec_loss:372.1141
Val, Epoch:20, HIT@1:0.2629 HIT@5:0.6092 HIT@10:0.7683 NDCG@1:0.2629 NDCG@5:0.4424 NDCG@10:0.4940 MRR:0.4208
Train, Epoch:21, rec_loss:371.1123
Val, Epoch:21, HIT@1:0.2631 HIT@5:0.6099 HIT@10:0.7706 NDCG@1:0.2631 NDCG@5:0.4431 NDCG@10:0.4952 MRR:0.4215
Train, Epoch:22, rec_loss:367.1131
Val, Epoch:22, HIT@1:0.2643 HIT@5:0.6093 HIT@10:0.7678 NDCG@1:0.2643 NDCG@5:0.4432 NDCG@10:0.4947 MRR:0.4217
Train, Epoch:23, rec_loss:362.5924
Val, Epoch:23, HIT@1:0.2635 HIT@5:0.6099 HIT@10:0.7685 NDCG@1:0.2635 NDCG@5:0.4430 NDCG@10:0.4944 MRR:0.4210
Train, Epoch:24, rec_loss:358.7539
Val, Epoch:24, HIT@1:0.2652 HIT@5:0.6126 HIT@10:0.7721 NDCG@1:0.2652 NDCG@5:0.4459 NDCG@10:0.4977 MRR:0.4240
Train, Epoch:25, rec_loss:355.3970
Val, Epoch:25, HIT@1:0.2696 HIT@5:0.6152 HIT@10:0.7706 NDCG@1:0.2696 NDCG@5:0.4489 NDCG@10:0.4994 MRR:0.4267
Train, Epoch:26, rec_loss:351.3367
Val, Epoch:26, HIT@1:0.2702 HIT@5:0.6130 HIT@10:0.7713 NDCG@1:0.2702 NDCG@5:0.4480 NDCG@10:0.4994 MRR:0.4266
Train, Epoch:27, rec_loss:348.6686
Val, Epoch:27, HIT@1:0.2696 HIT@5:0.6137 HIT@10:0.7706 NDCG@1:0.2696 NDCG@5:0.4481 NDCG@10:0.4990 MRR:0.4261
Train, Epoch:28, rec_loss:343.6677
Val, Epoch:28, HIT@1:0.2683 HIT@5:0.6162 HIT@10:0.7691 NDCG@1:0.2683 NDCG@5:0.4484 NDCG@10:0.4981 MRR:0.4255
Train, Epoch:29, rec_loss:342.1785
Val, Epoch:29, HIT@1:0.2717 HIT@5:0.6154 HIT@10:0.7705 NDCG@1:0.2717 NDCG@5:0.4501 NDCG@10:0.5005 MRR:0.4281
Train, Epoch:30, rec_loss:340.0785
Val, Epoch:30, HIT@1:0.2705 HIT@5:0.6110 HIT@10:0.7672 NDCG@1:0.2705 NDCG@5:0.4473 NDCG@10:0.4981 MRR:0.4261
Train, Epoch:31, rec_loss:339.1452
Val, Epoch:31, HIT@1:0.2718 HIT@5:0.6169 HIT@10:0.7713 NDCG@1:0.2718 NDCG@5:0.4512 NDCG@10:0.5013 MRR:0.4289
Train, Epoch:32, rec_loss:338.4169
Val, Epoch:32, HIT@1:0.2724 HIT@5:0.6159 HIT@10:0.7703 NDCG@1:0.2724 NDCG@5:0.4505 NDCG@10:0.5006 MRR:0.4282
Train, Epoch:33, rec_loss:329.9905
Val, Epoch:33, HIT@1:0.2732 HIT@5:0.6175 HIT@10:0.7726 NDCG@1:0.2732 NDCG@5:0.4523 NDCG@10:0.5027 MRR:0.4301
Train, Epoch:34, rec_loss:331.2978
Val, Epoch:34, HIT@1:0.2739 HIT@5:0.6171 HIT@10:0.7718 NDCG@1:0.2739 NDCG@5:0.4523 NDCG@10:0.5027 MRR:0.4303
Train, Epoch:35, rec_loss:326.8962
Val, Epoch:35, HIT@1:0.2761 HIT@5:0.6182 HIT@10:0.7700 NDCG@1:0.2761 NDCG@5:0.4537 NDCG@10:0.5031 MRR:0.4314
Train, Epoch:36, rec_loss:329.2525
Val, Epoch:36, HIT@1:0.2748 HIT@5:0.6158 HIT@10:0.7716 NDCG@1:0.2748 NDCG@5:0.4522 NDCG@10:0.5029 MRR:0.4307
Train, Epoch:37, rec_loss:325.4966
Val, Epoch:37, HIT@1:0.2777 HIT@5:0.6216 HIT@10:0.7694 NDCG@1:0.2777 NDCG@5:0.4557 NDCG@10:0.5037 MRR:0.4324
Train, Epoch:38, rec_loss:321.3363
Val, Epoch:38, HIT@1:0.2764 HIT@5:0.6196 HIT@10:0.7718 NDCG@1:0.2764 NDCG@5:0.4552 NDCG@10:0.5047 MRR:0.4329
Train, Epoch:39, rec_loss:318.9257
Val, Epoch:39, HIT@1:0.2766 HIT@5:0.6198 HIT@10:0.7729 NDCG@1:0.2766 NDCG@5:0.4546 NDCG@10:0.5043 MRR:0.4320
Train, Epoch:40, rec_loss:321.1713
Val, Epoch:40, HIT@1:0.2773 HIT@5:0.6188 HIT@10:0.7722 NDCG@1:0.2773 NDCG@5:0.4552 NDCG@10:0.5050 MRR:0.4332
Train, Epoch:41, rec_loss:316.2107
Val, Epoch:41, HIT@1:0.2788 HIT@5:0.6222 HIT@10:0.7715 NDCG@1:0.2788 NDCG@5:0.4573 NDCG@10:0.5057 MRR:0.4343
Train, Epoch:42, rec_loss:318.7310
Val, Epoch:42, HIT@1:0.2770 HIT@5:0.6211 HIT@10:0.7654 NDCG@1:0.2770 NDCG@5:0.4556 NDCG@10:0.5025 MRR:0.4320
Train, Epoch:43, rec_loss:315.3576
Val, Epoch:43, HIT@1:0.2768 HIT@5:0.6194 HIT@10:0.7674 NDCG@1:0.2768 NDCG@5:0.4553 NDCG@10:0.5033 MRR:0.4325
Train, Epoch:44, rec_loss:313.2130
Val, Epoch:44, HIT@1:0.2775 HIT@5:0.6205 HIT@10:0.7668 NDCG@1:0.2775 NDCG@5:0.4559 NDCG@10:0.5034 MRR:0.4327
Train, Epoch:45, rec_loss:313.8719
Val, Epoch:45, HIT@1:0.2814 HIT@5:0.6217 HIT@10:0.7689 NDCG@1:0.2814 NDCG@5:0.4584 NDCG@10:0.5062 MRR:0.4357
Train, Epoch:46, rec_loss:309.4380
Val, Epoch:46, HIT@1:0.2799 HIT@5:0.6218 HIT@10:0.7687 NDCG@1:0.2799 NDCG@5:0.4575 NDCG@10:0.5053 MRR:0.4345
Train, Epoch:47, rec_loss:309.6483
Val, Epoch:47, HIT@1:0.2811 HIT@5:0.6214 HIT@10:0.7669 NDCG@1:0.2811 NDCG@5:0.4579 NDCG@10:0.5053 MRR:0.4352
Train, Epoch:48, rec_loss:305.8585
Val, Epoch:48, HIT@1:0.2798 HIT@5:0.6196 HIT@10:0.7649 NDCG@1:0.2798 NDCG@5:0.4566 NDCG@10:0.5038 MRR:0.4339
Train, Epoch:49, rec_loss:306.4080
Val, Epoch:49, HIT@1:0.2805 HIT@5:0.6179 HIT@10:0.7653 NDCG@1:0.2805 NDCG@5:0.4559 NDCG@10:0.5038 MRR:0.4337
Train, Epoch:50, rec_loss:303.7824
Val, Epoch:50, HIT@1:0.2805 HIT@5:0.6203 HIT@10:0.7686 NDCG@1:0.2805 NDCG@5:0.4576 NDCG@10:0.5058 MRR:0.4353
Train, Epoch:51, rec_loss:302.9390
Val, Epoch:51, HIT@1:0.2811 HIT@5:0.6196 HIT@10:0.7672 NDCG@1:0.2811 NDCG@5:0.4578 NDCG@10:0.5057 MRR:0.4355
Train, Epoch:52, rec_loss:304.4273
Val, Epoch:52, HIT@1:0.2809 HIT@5:0.6176 HIT@10:0.7663 NDCG@1:0.2809 NDCG@5:0.4566 NDCG@10:0.5050 MRR:0.4349
Train, Epoch:53, rec_loss:302.4548
Val, Epoch:53, HIT@1:0.2823 HIT@5:0.6206 HIT@10:0.7651 NDCG@1:0.2823 NDCG@5:0.4582 NDCG@10:0.5053 MRR:0.4356
Train, Epoch:54, rec_loss:299.5385
Val, Epoch:54, HIT@1:0.2859 HIT@5:0.6209 HIT@10:0.7655 NDCG@1:0.2859 NDCG@5:0.4599 NDCG@10:0.5070 MRR:0.4378
Train, Epoch:55, rec_loss:302.9306
Val, Epoch:55, HIT@1:0.2849 HIT@5:0.6205 HIT@10:0.7656 NDCG@1:0.2849 NDCG@5:0.4595 NDCG@10:0.5066 MRR:0.4373
Train, Epoch:56, rec_loss:299.7078
Val, Epoch:56, HIT@1:0.2828 HIT@5:0.6191 HIT@10:0.7640 NDCG@1:0.2828 NDCG@5:0.4581 NDCG@10:0.5052 MRR:0.4359
Train, Epoch:57, rec_loss:297.7614
Val, Epoch:57, HIT@1:0.2853 HIT@5:0.6200 HIT@10:0.7657 NDCG@1:0.2853 NDCG@5:0.4594 NDCG@10:0.5068 MRR:0.4373
Train, Epoch:58, rec_loss:298.9009
Val, Epoch:58, HIT@1:0.2855 HIT@5:0.6235 HIT@10:0.7668 NDCG@1:0.2855 NDCG@5:0.4616 NDCG@10:0.5082 MRR:0.4387
Train, Epoch:59, rec_loss:295.5249
Val, Epoch:59, HIT@1:0.2823 HIT@5:0.6202 HIT@10:0.7640 NDCG@1:0.2823 NDCG@5:0.4584 NDCG@10:0.5051 MRR:0.4358
Train, Epoch:60, rec_loss:294.2156
Val, Epoch:60, HIT@1:0.2840 HIT@5:0.6210 HIT@10:0.7670 NDCG@1:0.2840 NDCG@5:0.4595 NDCG@10:0.5070 MRR:0.4373
Train, Epoch:61, rec_loss:293.4557
Val, Epoch:61, HIT@1:0.2845 HIT@5:0.6222 HIT@10:0.7658 NDCG@1:0.2845 NDCG@5:0.4605 NDCG@10:0.5071 MRR:0.4379
Train, Epoch:62, rec_loss:292.8155
Val, Epoch:62, HIT@1:0.2851 HIT@5:0.6200 HIT@10:0.7649 NDCG@1:0.2851 NDCG@5:0.4596 NDCG@10:0.5067 MRR:0.4377
Train, Epoch:63, rec_loss:294.1825
Val, Epoch:63, HIT@1:0.2836 HIT@5:0.6205 HIT@10:0.7650 NDCG@1:0.2836 NDCG@5:0.4586 NDCG@10:0.5056 MRR:0.4362
Train, Epoch:64, rec_loss:290.7330
Val, Epoch:64, HIT@1:0.2822 HIT@5:0.6220 HIT@10:0.7645 NDCG@1:0.2822 NDCG@5:0.4590 NDCG@10:0.5053 MRR:0.4359
Train, Epoch:65, rec_loss:289.9143
Val, Epoch:65, HIT@1:0.2822 HIT@5:0.6226 HIT@10:0.7684 NDCG@1:0.2822 NDCG@5:0.4594 NDCG@10:0.5068 MRR:0.4364
Train, Epoch:66, rec_loss:290.6538
Val, Epoch:66, HIT@1:0.2835 HIT@5:0.6217 HIT@10:0.7650 NDCG@1:0.2835 NDCG@5:0.4591 NDCG@10:0.5057 MRR:0.4363
Train, Epoch:67, rec_loss:290.6978
Val, Epoch:67, HIT@1:0.2839 HIT@5:0.6195 HIT@10:0.7645 NDCG@1:0.2839 NDCG@5:0.4581 NDCG@10:0.5051 MRR:0.4356
Train, Epoch:68, rec_loss:288.9788
Val, Epoch:68, HIT@1:0.2839 HIT@5:0.6211 HIT@10:0.7622 NDCG@1:0.2839 NDCG@5:0.4592 NDCG@10:0.5051 MRR:0.4362
Test, Epoch:0, HIT@1:0.2808 HIT@5:0.6183 HIT@10:0.7668 NDCG@1:0.2808 NDCG@5:0.4563 NDCG@10:0.5045 MRR:0.4341
