model_args: Namespace(data_dir='data', output_dir='output_tmp/YelpC30H256S1', data_name='Yelp', do_eval=False, full_sort=0, max_seq_length=50, model_name='CONV', hidden_size=256, num_hidden_layers=2, num_attention_heads=1, hidden_act='gelu', no_filter=False, attention_probs_dropout_prob=0.5, hidden_dropout_prob=0.5, lr=0.001, ablate=0, batch_size=256, drop_null=0, zero_pad=1, patience=10, seed=1, epochs=200, weight_decay=0.0, n_fft=50, local=3, pool_size=2, conv_name=1, initialize=1, padding_mode=0, conv_size=30, act=0, ffn_multiplier=4, trial='None', data_file='data/Yelp.txt', sample_file='data/Yelp_sample.txt', item_size=20034)
Total Parameters: 6211072
Train, Epoch:0, rec_loss:1227.9291
Val, Epoch:0, HIT@1:0.0965 HIT@5:0.2975 HIT@10:0.4408 NDCG@1:0.0965 NDCG@5:0.1979 NDCG@10:0.2440 MRR:0.2064
Train, Epoch:1, rec_loss:973.2844
Val, Epoch:1, HIT@1:0.1440 HIT@5:0.4144 HIT@10:0.5881 NDCG@1:0.1440 NDCG@5:0.2811 NDCG@10:0.3371 MRR:0.2809
Train, Epoch:2, rec_loss:796.4175
Val, Epoch:2, HIT@1:0.1688 HIT@5:0.4542 HIT@10:0.6381 NDCG@1:0.1688 NDCG@5:0.3144 NDCG@10:0.3737 MRR:0.3123
Train, Epoch:3, rec_loss:684.2889
Val, Epoch:3, HIT@1:0.1983 HIT@5:0.5014 HIT@10:0.6839 NDCG@1:0.1983 NDCG@5:0.3534 NDCG@10:0.4124 MRR:0.3465
Train, Epoch:4, rec_loss:603.4985
Val, Epoch:4, HIT@1:0.2125 HIT@5:0.5293 HIT@10:0.7135 NDCG@1:0.2125 NDCG@5:0.3742 NDCG@10:0.4339 MRR:0.3638
Train, Epoch:5, rec_loss:539.8175
Val, Epoch:5, HIT@1:0.2167 HIT@5:0.5454 HIT@10:0.7223 NDCG@1:0.2167 NDCG@5:0.3853 NDCG@10:0.4426 MRR:0.3716
Train, Epoch:6, rec_loss:496.7590
Val, Epoch:6, HIT@1:0.2293 HIT@5:0.5533 HIT@10:0.7345 NDCG@1:0.2293 NDCG@5:0.3958 NDCG@10:0.4544 MRR:0.3825
Train, Epoch:7, rec_loss:461.2781
Val, Epoch:7, HIT@1:0.2326 HIT@5:0.5630 HIT@10:0.7382 NDCG@1:0.2326 NDCG@5:0.4020 NDCG@10:0.4587 MRR:0.3864
Train, Epoch:8, rec_loss:434.0573
Val, Epoch:8, HIT@1:0.2354 HIT@5:0.5705 HIT@10:0.7425 NDCG@1:0.2354 NDCG@5:0.4082 NDCG@10:0.4640 MRR:0.3914
Train, Epoch:9, rec_loss:410.7795
Val, Epoch:9, HIT@1:0.2419 HIT@5:0.5756 HIT@10:0.7449 NDCG@1:0.2419 NDCG@5:0.4138 NDCG@10:0.4687 MRR:0.3965
Train, Epoch:10, rec_loss:396.4906
Val, Epoch:10, HIT@1:0.2448 HIT@5:0.5775 HIT@10:0.7468 NDCG@1:0.2448 NDCG@5:0.4162 NDCG@10:0.4711 MRR:0.3989
Train, Epoch:11, rec_loss:378.4662
Val, Epoch:11, HIT@1:0.2501 HIT@5:0.5818 HIT@10:0.7478 NDCG@1:0.2501 NDCG@5:0.4210 NDCG@10:0.4749 MRR:0.4032
Train, Epoch:12, rec_loss:368.5736
Val, Epoch:12, HIT@1:0.2474 HIT@5:0.5844 HIT@10:0.7475 NDCG@1:0.2474 NDCG@5:0.4211 NDCG@10:0.4740 MRR:0.4021
Train, Epoch:13, rec_loss:358.2922
Val, Epoch:13, HIT@1:0.2546 HIT@5:0.5823 HIT@10:0.7455 NDCG@1:0.2546 NDCG@5:0.4233 NDCG@10:0.4763 MRR:0.4058
Train, Epoch:14, rec_loss:348.4554
Val, Epoch:14, HIT@1:0.2523 HIT@5:0.5871 HIT@10:0.7463 NDCG@1:0.2523 NDCG@5:0.4253 NDCG@10:0.4770 MRR:0.4062
Train, Epoch:15, rec_loss:338.8254
Val, Epoch:15, HIT@1:0.2545 HIT@5:0.5900 HIT@10:0.7489 NDCG@1:0.2545 NDCG@5:0.4274 NDCG@10:0.4790 MRR:0.4078
Train, Epoch:16, rec_loss:334.0610
Val, Epoch:16, HIT@1:0.2547 HIT@5:0.5906 HIT@10:0.7500 NDCG@1:0.2547 NDCG@5:0.4280 NDCG@10:0.4797 MRR:0.4083
Train, Epoch:17, rec_loss:326.7763
Val, Epoch:17, HIT@1:0.2584 HIT@5:0.5917 HIT@10:0.7478 NDCG@1:0.2584 NDCG@5:0.4306 NDCG@10:0.4813 MRR:0.4111
Train, Epoch:18, rec_loss:319.2809
Val, Epoch:18, HIT@1:0.2596 HIT@5:0.5921 HIT@10:0.7463 NDCG@1:0.2596 NDCG@5:0.4315 NDCG@10:0.4815 MRR:0.4121
Train, Epoch:19, rec_loss:315.1175
Val, Epoch:19, HIT@1:0.2601 HIT@5:0.5916 HIT@10:0.7461 NDCG@1:0.2601 NDCG@5:0.4322 NDCG@10:0.4824 MRR:0.4128
Train, Epoch:20, rec_loss:311.4539
Val, Epoch:20, HIT@1:0.2598 HIT@5:0.5912 HIT@10:0.7472 NDCG@1:0.2598 NDCG@5:0.4312 NDCG@10:0.4818 MRR:0.4118
Train, Epoch:21, rec_loss:305.8112
Val, Epoch:21, HIT@1:0.2599 HIT@5:0.5929 HIT@10:0.7457 NDCG@1:0.2599 NDCG@5:0.4328 NDCG@10:0.4823 MRR:0.4129
Train, Epoch:22, rec_loss:299.5676
Val, Epoch:22, HIT@1:0.2640 HIT@5:0.5958 HIT@10:0.7489 NDCG@1:0.2640 NDCG@5:0.4363 NDCG@10:0.4859 MRR:0.4165
Train, Epoch:23, rec_loss:298.0793
Val, Epoch:23, HIT@1:0.2668 HIT@5:0.5952 HIT@10:0.7468 NDCG@1:0.2668 NDCG@5:0.4371 NDCG@10:0.4863 MRR:0.4178
Train, Epoch:24, rec_loss:294.8576
Val, Epoch:24, HIT@1:0.2656 HIT@5:0.5914 HIT@10:0.7459 NDCG@1:0.2656 NDCG@5:0.4351 NDCG@10:0.4852 MRR:0.4166
Train, Epoch:25, rec_loss:290.9401
Val, Epoch:25, HIT@1:0.2632 HIT@5:0.5952 HIT@10:0.7474 NDCG@1:0.2632 NDCG@5:0.4356 NDCG@10:0.4850 MRR:0.4157
Train, Epoch:26, rec_loss:288.9836
Val, Epoch:26, HIT@1:0.2664 HIT@5:0.5958 HIT@10:0.7451 NDCG@1:0.2664 NDCG@5:0.4372 NDCG@10:0.4857 MRR:0.4175
Train, Epoch:27, rec_loss:281.6880
Val, Epoch:27, HIT@1:0.2686 HIT@5:0.5958 HIT@10:0.7450 NDCG@1:0.2686 NDCG@5:0.4384 NDCG@10:0.4868 MRR:0.4189
Train, Epoch:28, rec_loss:280.9862
Val, Epoch:28, HIT@1:0.2671 HIT@5:0.5951 HIT@10:0.7433 NDCG@1:0.2671 NDCG@5:0.4376 NDCG@10:0.4857 MRR:0.4179
Train, Epoch:29, rec_loss:278.2554
Val, Epoch:29, HIT@1:0.2694 HIT@5:0.5958 HIT@10:0.7456 NDCG@1:0.2694 NDCG@5:0.4394 NDCG@10:0.4881 MRR:0.4202
Train, Epoch:30, rec_loss:276.5334
Val, Epoch:30, HIT@1:0.2704 HIT@5:0.5977 HIT@10:0.7447 NDCG@1:0.2704 NDCG@5:0.4404 NDCG@10:0.4881 MRR:0.4206
Train, Epoch:31, rec_loss:275.2772
Val, Epoch:31, HIT@1:0.2707 HIT@5:0.5946 HIT@10:0.7442 NDCG@1:0.2707 NDCG@5:0.4392 NDCG@10:0.4878 MRR:0.4205
Train, Epoch:32, rec_loss:271.7285
Val, Epoch:32, HIT@1:0.2688 HIT@5:0.5966 HIT@10:0.7434 NDCG@1:0.2688 NDCG@5:0.4390 NDCG@10:0.4866 MRR:0.4190
Train, Epoch:33, rec_loss:271.8804
Val, Epoch:33, HIT@1:0.2719 HIT@5:0.5998 HIT@10:0.7471 NDCG@1:0.2719 NDCG@5:0.4423 NDCG@10:0.4900 MRR:0.4222
Train, Epoch:34, rec_loss:268.8526
Val, Epoch:34, HIT@1:0.2689 HIT@5:0.5973 HIT@10:0.7446 NDCG@1:0.2689 NDCG@5:0.4398 NDCG@10:0.4876 MRR:0.4200
Train, Epoch:35, rec_loss:266.0961
Val, Epoch:35, HIT@1:0.2738 HIT@5:0.6007 HIT@10:0.7469 NDCG@1:0.2738 NDCG@5:0.4442 NDCG@10:0.4916 MRR:0.4242
Train, Epoch:36, rec_loss:262.4017
Val, Epoch:36, HIT@1:0.2710 HIT@5:0.5979 HIT@10:0.7440 NDCG@1:0.2710 NDCG@5:0.4410 NDCG@10:0.4885 MRR:0.4211
Train, Epoch:37, rec_loss:260.7588
Val, Epoch:37, HIT@1:0.2739 HIT@5:0.6017 HIT@10:0.7479 NDCG@1:0.2739 NDCG@5:0.4438 NDCG@10:0.4913 MRR:0.4235
Train, Epoch:38, rec_loss:258.3588
Val, Epoch:38, HIT@1:0.2758 HIT@5:0.6001 HIT@10:0.7457 NDCG@1:0.2758 NDCG@5:0.4444 NDCG@10:0.4916 MRR:0.4247
Train, Epoch:39, rec_loss:260.1141
Val, Epoch:39, HIT@1:0.2773 HIT@5:0.5990 HIT@10:0.7417 NDCG@1:0.2773 NDCG@5:0.4447 NDCG@10:0.4911 MRR:0.4253
Train, Epoch:40, rec_loss:256.5061
Val, Epoch:40, HIT@1:0.2740 HIT@5:0.5985 HIT@10:0.7428 NDCG@1:0.2740 NDCG@5:0.4431 NDCG@10:0.4900 MRR:0.4234
Train, Epoch:41, rec_loss:253.9821
Val, Epoch:41, HIT@1:0.2743 HIT@5:0.6006 HIT@10:0.7472 NDCG@1:0.2743 NDCG@5:0.4439 NDCG@10:0.4914 MRR:0.4238
Train, Epoch:42, rec_loss:255.5392
Val, Epoch:42, HIT@1:0.2727 HIT@5:0.6015 HIT@10:0.7457 NDCG@1:0.2727 NDCG@5:0.4435 NDCG@10:0.4904 MRR:0.4228
Train, Epoch:43, rec_loss:253.2526
Val, Epoch:43, HIT@1:0.2773 HIT@5:0.6020 HIT@10:0.7466 NDCG@1:0.2773 NDCG@5:0.4459 NDCG@10:0.4929 MRR:0.4258
Train, Epoch:44, rec_loss:250.9228
Val, Epoch:44, HIT@1:0.2751 HIT@5:0.6035 HIT@10:0.7444 NDCG@1:0.2751 NDCG@5:0.4461 NDCG@10:0.4918 MRR:0.4252
Train, Epoch:45, rec_loss:249.4308
Val, Epoch:45, HIT@1:0.2757 HIT@5:0.6015 HIT@10:0.7450 NDCG@1:0.2757 NDCG@5:0.4452 NDCG@10:0.4917 MRR:0.4248
Train, Epoch:46, rec_loss:248.3524
Val, Epoch:46, HIT@1:0.2728 HIT@5:0.6009 HIT@10:0.7425 NDCG@1:0.2728 NDCG@5:0.4436 NDCG@10:0.4895 MRR:0.4228
Train, Epoch:47, rec_loss:246.6876
Val, Epoch:47, HIT@1:0.2757 HIT@5:0.6017 HIT@10:0.7425 NDCG@1:0.2757 NDCG@5:0.4455 NDCG@10:0.4911 MRR:0.4249
Train, Epoch:48, rec_loss:246.2491
Val, Epoch:48, HIT@1:0.2761 HIT@5:0.6019 HIT@10:0.7450 NDCG@1:0.2761 NDCG@5:0.4456 NDCG@10:0.4920 MRR:0.4254
Train, Epoch:49, rec_loss:244.7116
Val, Epoch:49, HIT@1:0.2745 HIT@5:0.6022 HIT@10:0.7455 NDCG@1:0.2745 NDCG@5:0.4451 NDCG@10:0.4916 MRR:0.4245
Train, Epoch:50, rec_loss:242.5322
Val, Epoch:50, HIT@1:0.2737 HIT@5:0.6067 HIT@10:0.7470 NDCG@1:0.2737 NDCG@5:0.4475 NDCG@10:0.4930 MRR:0.4257
Train, Epoch:51, rec_loss:242.3342
Val, Epoch:51, HIT@1:0.2754 HIT@5:0.6057 HIT@10:0.7474 NDCG@1:0.2754 NDCG@5:0.4476 NDCG@10:0.4936 MRR:0.4264
Train, Epoch:52, rec_loss:241.3312
Val, Epoch:52, HIT@1:0.2748 HIT@5:0.6007 HIT@10:0.7461 NDCG@1:0.2748 NDCG@5:0.4449 NDCG@10:0.4923 MRR:0.4252
Train, Epoch:53, rec_loss:238.2647
Val, Epoch:53, HIT@1:0.2742 HIT@5:0.6063 HIT@10:0.7447 NDCG@1:0.2742 NDCG@5:0.4473 NDCG@10:0.4921 MRR:0.4254
Train, Epoch:54, rec_loss:240.4078
Val, Epoch:54, HIT@1:0.2781 HIT@5:0.6050 HIT@10:0.7466 NDCG@1:0.2781 NDCG@5:0.4482 NDCG@10:0.4942 MRR:0.4274
Train, Epoch:55, rec_loss:238.1721
Val, Epoch:55, HIT@1:0.2811 HIT@5:0.6035 HIT@10:0.7458 NDCG@1:0.2811 NDCG@5:0.4490 NDCG@10:0.4953 MRR:0.4292
Train, Epoch:56, rec_loss:237.6859
Val, Epoch:56, HIT@1:0.2756 HIT@5:0.6017 HIT@10:0.7423 NDCG@1:0.2756 NDCG@5:0.4455 NDCG@10:0.4912 MRR:0.4249
Train, Epoch:57, rec_loss:236.6869
Val, Epoch:57, HIT@1:0.2741 HIT@5:0.6024 HIT@10:0.7427 NDCG@1:0.2741 NDCG@5:0.4453 NDCG@10:0.4908 MRR:0.4243
Train, Epoch:58, rec_loss:236.7466
Val, Epoch:58, HIT@1:0.2774 HIT@5:0.6044 HIT@10:0.7462 NDCG@1:0.2774 NDCG@5:0.4483 NDCG@10:0.4943 MRR:0.4277
Train, Epoch:59, rec_loss:236.9864
Val, Epoch:59, HIT@1:0.2760 HIT@5:0.6020 HIT@10:0.7431 NDCG@1:0.2760 NDCG@5:0.4461 NDCG@10:0.4920 MRR:0.4257
Train, Epoch:60, rec_loss:232.9942
Val, Epoch:60, HIT@1:0.2788 HIT@5:0.6030 HIT@10:0.7451 NDCG@1:0.2788 NDCG@5:0.4478 NDCG@10:0.4939 MRR:0.4276
Train, Epoch:61, rec_loss:233.6781
Val, Epoch:61, HIT@1:0.2764 HIT@5:0.6019 HIT@10:0.7407 NDCG@1:0.2764 NDCG@5:0.4456 NDCG@10:0.4906 MRR:0.4246
Train, Epoch:62, rec_loss:232.2009
Val, Epoch:62, HIT@1:0.2760 HIT@5:0.6000 HIT@10:0.7425 NDCG@1:0.2760 NDCG@5:0.4445 NDCG@10:0.4908 MRR:0.4244
Train, Epoch:63, rec_loss:231.5850
Val, Epoch:63, HIT@1:0.2770 HIT@5:0.6011 HIT@10:0.7426 NDCG@1:0.2770 NDCG@5:0.4459 NDCG@10:0.4918 MRR:0.4257
Train, Epoch:64, rec_loss:230.2454
Val, Epoch:64, HIT@1:0.2779 HIT@5:0.5996 HIT@10:0.7416 NDCG@1:0.2779 NDCG@5:0.4458 NDCG@10:0.4920 MRR:0.4261
Train, Epoch:65, rec_loss:229.9537
Val, Epoch:65, HIT@1:0.2775 HIT@5:0.6025 HIT@10:0.7433 NDCG@1:0.2775 NDCG@5:0.4469 NDCG@10:0.4926 MRR:0.4264
Test, Epoch:0, HIT@1:0.2746 HIT@5:0.5954 HIT@10:0.7405 NDCG@1:0.2746 NDCG@5:0.4413 NDCG@10:0.4885 MRR:0.4222
