model_args: Namespace(data_dir='data', output_dir='output_tmp/beautyC45L2S1', data_name='Beauty', do_eval=False, full_sort=0, max_seq_length=50, model_name='CONV', hidden_size=64, num_hidden_layers=2, num_attention_heads=1, hidden_act='gelu', no_filter=False, attention_probs_dropout_prob=0.5, hidden_dropout_prob=0.5, lr=0.001, ablate=0, batch_size=256, drop_null=0, zero_pad=1, patience=10, seed=1, epochs=200, weight_decay=0.0, n_fft=50, local=3, pool_size=2, conv_name=1, initialize=1, padding_mode=0, conv_size=45, act=0, ffn_multiplier=4, trial='None', data_file='data/Beauty.txt', sample_file='data/Beauty_sample.txt', item_size=12102)
Total Parameters: 850432
Train, Epoch:0, rec_loss:722.4048
Val, Epoch:0, HIT@1:0.0933 HIT@5:0.2712 HIT@10:0.3830 NDCG@1:0.0933 NDCG@5:0.1837 NDCG@10:0.2198 MRR:0.1893
Train, Epoch:1, rec_loss:639.3259
Val, Epoch:1, HIT@1:0.1161 HIT@5:0.3146 HIT@10:0.4327 NDCG@1:0.1161 NDCG@5:0.2175 NDCG@10:0.2557 MRR:0.2199
Train, Epoch:2, rec_loss:585.5828
Val, Epoch:2, HIT@1:0.1345 HIT@5:0.3483 HIT@10:0.4612 NDCG@1:0.1345 NDCG@5:0.2442 NDCG@10:0.2808 MRR:0.2432
Train, Epoch:3, rec_loss:541.7216
Val, Epoch:3, HIT@1:0.1507 HIT@5:0.3739 HIT@10:0.4858 NDCG@1:0.1507 NDCG@5:0.2661 NDCG@10:0.3023 MRR:0.2629
Train, Epoch:4, rec_loss:505.5039
Val, Epoch:4, HIT@1:0.1595 HIT@5:0.3821 HIT@10:0.4923 NDCG@1:0.1595 NDCG@5:0.2752 NDCG@10:0.3109 MRR:0.2719
Train, Epoch:5, rec_loss:475.4406
Val, Epoch:5, HIT@1:0.1691 HIT@5:0.3911 HIT@10:0.5004 NDCG@1:0.1691 NDCG@5:0.2842 NDCG@10:0.3195 MRR:0.2807
Train, Epoch:6, rec_loss:450.0423
Val, Epoch:6, HIT@1:0.1828 HIT@5:0.3966 HIT@10:0.5040 NDCG@1:0.1828 NDCG@5:0.2945 NDCG@10:0.3292 MRR:0.2921
Train, Epoch:7, rec_loss:427.0399
Val, Epoch:7, HIT@1:0.1860 HIT@5:0.4052 HIT@10:0.5069 NDCG@1:0.1860 NDCG@5:0.3003 NDCG@10:0.3332 MRR:0.2962
Train, Epoch:8, rec_loss:410.7966
Val, Epoch:8, HIT@1:0.1923 HIT@5:0.4089 HIT@10:0.5125 NDCG@1:0.1923 NDCG@5:0.3055 NDCG@10:0.3390 MRR:0.3019
Train, Epoch:9, rec_loss:397.7480
Val, Epoch:9, HIT@1:0.1952 HIT@5:0.4136 HIT@10:0.5136 NDCG@1:0.1952 NDCG@5:0.3095 NDCG@10:0.3419 MRR:0.3052
Train, Epoch:10, rec_loss:386.3660
Val, Epoch:10, HIT@1:0.2014 HIT@5:0.4148 HIT@10:0.5146 NDCG@1:0.2014 NDCG@5:0.3134 NDCG@10:0.3456 MRR:0.3097
Train, Epoch:11, rec_loss:374.6318
Val, Epoch:11, HIT@1:0.2044 HIT@5:0.4163 HIT@10:0.5154 NDCG@1:0.2044 NDCG@5:0.3161 NDCG@10:0.3481 MRR:0.3127
Train, Epoch:12, rec_loss:365.7212
Val, Epoch:12, HIT@1:0.2089 HIT@5:0.4261 HIT@10:0.5221 NDCG@1:0.2089 NDCG@5:0.3232 NDCG@10:0.3543 MRR:0.3185
Train, Epoch:13, rec_loss:358.1118
Val, Epoch:13, HIT@1:0.2096 HIT@5:0.4245 HIT@10:0.5231 NDCG@1:0.2096 NDCG@5:0.3229 NDCG@10:0.3548 MRR:0.3189
Train, Epoch:14, rec_loss:352.9060
Val, Epoch:14, HIT@1:0.2103 HIT@5:0.4254 HIT@10:0.5266 NDCG@1:0.2103 NDCG@5:0.3237 NDCG@10:0.3564 MRR:0.3198
Train, Epoch:15, rec_loss:346.5858
Val, Epoch:15, HIT@1:0.2114 HIT@5:0.4286 HIT@10:0.5265 NDCG@1:0.2114 NDCG@5:0.3259 NDCG@10:0.3575 MRR:0.3213
Train, Epoch:16, rec_loss:340.3862
Val, Epoch:16, HIT@1:0.2114 HIT@5:0.4277 HIT@10:0.5273 NDCG@1:0.2114 NDCG@5:0.3258 NDCG@10:0.3581 MRR:0.3217
Train, Epoch:17, rec_loss:336.3497
Val, Epoch:17, HIT@1:0.2155 HIT@5:0.4316 HIT@10:0.5256 NDCG@1:0.2155 NDCG@5:0.3294 NDCG@10:0.3598 MRR:0.3246
Train, Epoch:18, rec_loss:332.5857
Val, Epoch:18, HIT@1:0.2138 HIT@5:0.4293 HIT@10:0.5242 NDCG@1:0.2138 NDCG@5:0.3274 NDCG@10:0.3580 MRR:0.3228
Train, Epoch:19, rec_loss:329.6959
Val, Epoch:19, HIT@1:0.2154 HIT@5:0.4300 HIT@10:0.5267 NDCG@1:0.2154 NDCG@5:0.3286 NDCG@10:0.3599 MRR:0.3244
Train, Epoch:20, rec_loss:324.8738
Val, Epoch:20, HIT@1:0.2170 HIT@5:0.4317 HIT@10:0.5299 NDCG@1:0.2170 NDCG@5:0.3304 NDCG@10:0.3620 MRR:0.3260
Train, Epoch:21, rec_loss:322.2204
Val, Epoch:21, HIT@1:0.2211 HIT@5:0.4317 HIT@10:0.5297 NDCG@1:0.2211 NDCG@5:0.3325 NDCG@10:0.3641 MRR:0.3290
Train, Epoch:22, rec_loss:318.2390
Val, Epoch:22, HIT@1:0.2170 HIT@5:0.4351 HIT@10:0.5346 NDCG@1:0.2170 NDCG@5:0.3323 NDCG@10:0.3644 MRR:0.3275
Train, Epoch:23, rec_loss:315.5334
Val, Epoch:23, HIT@1:0.2191 HIT@5:0.4360 HIT@10:0.5336 NDCG@1:0.2191 NDCG@5:0.3333 NDCG@10:0.3649 MRR:0.3286
Train, Epoch:24, rec_loss:313.3220
Val, Epoch:24, HIT@1:0.2195 HIT@5:0.4331 HIT@10:0.5325 NDCG@1:0.2195 NDCG@5:0.3323 NDCG@10:0.3644 MRR:0.3283
Train, Epoch:25, rec_loss:310.8142
Val, Epoch:25, HIT@1:0.2150 HIT@5:0.4346 HIT@10:0.5340 NDCG@1:0.2150 NDCG@5:0.3309 NDCG@10:0.3630 MRR:0.3258
Train, Epoch:26, rec_loss:308.4624
Val, Epoch:26, HIT@1:0.2197 HIT@5:0.4359 HIT@10:0.5349 NDCG@1:0.2197 NDCG@5:0.3336 NDCG@10:0.3655 MRR:0.3290
Train, Epoch:27, rec_loss:304.9363
Val, Epoch:27, HIT@1:0.2192 HIT@5:0.4356 HIT@10:0.5339 NDCG@1:0.2192 NDCG@5:0.3338 NDCG@10:0.3656 MRR:0.3293
Train, Epoch:28, rec_loss:303.1097
Val, Epoch:28, HIT@1:0.2184 HIT@5:0.4363 HIT@10:0.5360 NDCG@1:0.2184 NDCG@5:0.3335 NDCG@10:0.3657 MRR:0.3288
Train, Epoch:29, rec_loss:302.6046
Val, Epoch:29, HIT@1:0.2223 HIT@5:0.4358 HIT@10:0.5367 NDCG@1:0.2223 NDCG@5:0.3352 NDCG@10:0.3678 MRR:0.3314
Train, Epoch:30, rec_loss:301.1120
Val, Epoch:30, HIT@1:0.2223 HIT@5:0.4392 HIT@10:0.5350 NDCG@1:0.2223 NDCG@5:0.3371 NDCG@10:0.3680 MRR:0.3322
Train, Epoch:31, rec_loss:297.7842
Val, Epoch:31, HIT@1:0.2214 HIT@5:0.4388 HIT@10:0.5376 NDCG@1:0.2214 NDCG@5:0.3361 NDCG@10:0.3680 MRR:0.3313
Train, Epoch:32, rec_loss:294.7635
Val, Epoch:32, HIT@1:0.2252 HIT@5:0.4408 HIT@10:0.5386 NDCG@1:0.2252 NDCG@5:0.3387 NDCG@10:0.3703 MRR:0.3339
Train, Epoch:33, rec_loss:292.8919
Val, Epoch:33, HIT@1:0.2254 HIT@5:0.4418 HIT@10:0.5388 NDCG@1:0.2254 NDCG@5:0.3397 NDCG@10:0.3709 MRR:0.3348
Train, Epoch:34, rec_loss:292.7994
Val, Epoch:34, HIT@1:0.2258 HIT@5:0.4418 HIT@10:0.5386 NDCG@1:0.2258 NDCG@5:0.3399 NDCG@10:0.3711 MRR:0.3351
Train, Epoch:35, rec_loss:290.8199
Val, Epoch:35, HIT@1:0.2235 HIT@5:0.4406 HIT@10:0.5373 NDCG@1:0.2235 NDCG@5:0.3385 NDCG@10:0.3697 MRR:0.3336
Train, Epoch:36, rec_loss:289.3535
Val, Epoch:36, HIT@1:0.2250 HIT@5:0.4423 HIT@10:0.5379 NDCG@1:0.2250 NDCG@5:0.3399 NDCG@10:0.3707 MRR:0.3348
Train, Epoch:37, rec_loss:289.0783
Val, Epoch:37, HIT@1:0.2244 HIT@5:0.4405 HIT@10:0.5378 NDCG@1:0.2244 NDCG@5:0.3389 NDCG@10:0.3702 MRR:0.3341
Train, Epoch:38, rec_loss:287.3043
Val, Epoch:38, HIT@1:0.2263 HIT@5:0.4414 HIT@10:0.5386 NDCG@1:0.2263 NDCG@5:0.3400 NDCG@10:0.3713 MRR:0.3352
Train, Epoch:39, rec_loss:284.3139
Val, Epoch:39, HIT@1:0.2285 HIT@5:0.4440 HIT@10:0.5387 NDCG@1:0.2285 NDCG@5:0.3425 NDCG@10:0.3730 MRR:0.3375
Train, Epoch:40, rec_loss:284.4666
Val, Epoch:40, HIT@1:0.2260 HIT@5:0.4410 HIT@10:0.5388 NDCG@1:0.2260 NDCG@5:0.3398 NDCG@10:0.3713 MRR:0.3353
Train, Epoch:41, rec_loss:283.0344
Val, Epoch:41, HIT@1:0.2259 HIT@5:0.4429 HIT@10:0.5414 NDCG@1:0.2259 NDCG@5:0.3406 NDCG@10:0.3723 MRR:0.3357
Train, Epoch:42, rec_loss:283.1466
Val, Epoch:42, HIT@1:0.2258 HIT@5:0.4402 HIT@10:0.5401 NDCG@1:0.2258 NDCG@5:0.3391 NDCG@10:0.3714 MRR:0.3349
Train, Epoch:43, rec_loss:280.4927
Val, Epoch:43, HIT@1:0.2288 HIT@5:0.4387 HIT@10:0.5396 NDCG@1:0.2288 NDCG@5:0.3396 NDCG@10:0.3722 MRR:0.3364
Train, Epoch:44, rec_loss:277.2627
Val, Epoch:44, HIT@1:0.2273 HIT@5:0.4385 HIT@10:0.5405 NDCG@1:0.2273 NDCG@5:0.3394 NDCG@10:0.3723 MRR:0.3361
Train, Epoch:45, rec_loss:279.5358
Val, Epoch:45, HIT@1:0.2256 HIT@5:0.4410 HIT@10:0.5396 NDCG@1:0.2256 NDCG@5:0.3400 NDCG@10:0.3719 MRR:0.3356
Train, Epoch:46, rec_loss:276.7686
Val, Epoch:46, HIT@1:0.2289 HIT@5:0.4460 HIT@10:0.5431 NDCG@1:0.2289 NDCG@5:0.3438 NDCG@10:0.3751 MRR:0.3386
Train, Epoch:47, rec_loss:276.1715
Val, Epoch:47, HIT@1:0.2315 HIT@5:0.4453 HIT@10:0.5430 NDCG@1:0.2315 NDCG@5:0.3445 NDCG@10:0.3760 MRR:0.3399
Train, Epoch:48, rec_loss:275.4606
Val, Epoch:48, HIT@1:0.2234 HIT@5:0.4415 HIT@10:0.5404 NDCG@1:0.2234 NDCG@5:0.3384 NDCG@10:0.3703 MRR:0.3333
Train, Epoch:49, rec_loss:273.1065
Val, Epoch:49, HIT@1:0.2281 HIT@5:0.4445 HIT@10:0.5415 NDCG@1:0.2281 NDCG@5:0.3427 NDCG@10:0.3740 MRR:0.3377
Train, Epoch:50, rec_loss:274.1324
Val, Epoch:50, HIT@1:0.2286 HIT@5:0.4457 HIT@10:0.5444 NDCG@1:0.2286 NDCG@5:0.3435 NDCG@10:0.3754 MRR:0.3386
Train, Epoch:51, rec_loss:272.3201
Val, Epoch:51, HIT@1:0.2294 HIT@5:0.4443 HIT@10:0.5431 NDCG@1:0.2294 NDCG@5:0.3435 NDCG@10:0.3754 MRR:0.3391
Train, Epoch:52, rec_loss:269.5162
Val, Epoch:52, HIT@1:0.2255 HIT@5:0.4441 HIT@10:0.5402 NDCG@1:0.2255 NDCG@5:0.3413 NDCG@10:0.3723 MRR:0.3359
Train, Epoch:53, rec_loss:270.2025
Val, Epoch:53, HIT@1:0.2285 HIT@5:0.4469 HIT@10:0.5418 NDCG@1:0.2285 NDCG@5:0.3437 NDCG@10:0.3743 MRR:0.3381
Train, Epoch:54, rec_loss:269.1107
Val, Epoch:54, HIT@1:0.2295 HIT@5:0.4429 HIT@10:0.5419 NDCG@1:0.2295 NDCG@5:0.3423 NDCG@10:0.3743 MRR:0.3381
Train, Epoch:55, rec_loss:266.2244
Val, Epoch:55, HIT@1:0.2282 HIT@5:0.4453 HIT@10:0.5430 NDCG@1:0.2282 NDCG@5:0.3430 NDCG@10:0.3745 MRR:0.3380
Train, Epoch:56, rec_loss:268.8039
Val, Epoch:56, HIT@1:0.2275 HIT@5:0.4450 HIT@10:0.5443 NDCG@1:0.2275 NDCG@5:0.3426 NDCG@10:0.3747 MRR:0.3377
Train, Epoch:57, rec_loss:268.0519
Val, Epoch:57, HIT@1:0.2307 HIT@5:0.4464 HIT@10:0.5451 NDCG@1:0.2307 NDCG@5:0.3449 NDCG@10:0.3767 MRR:0.3401
Train, Epoch:58, rec_loss:265.9222
Val, Epoch:58, HIT@1:0.2286 HIT@5:0.4472 HIT@10:0.5454 NDCG@1:0.2286 NDCG@5:0.3444 NDCG@10:0.3761 MRR:0.3390
Train, Epoch:59, rec_loss:264.3022
Val, Epoch:59, HIT@1:0.2276 HIT@5:0.4444 HIT@10:0.5437 NDCG@1:0.2276 NDCG@5:0.3424 NDCG@10:0.3745 MRR:0.3375
Train, Epoch:60, rec_loss:264.9091
Val, Epoch:60, HIT@1:0.2297 HIT@5:0.4462 HIT@10:0.5443 NDCG@1:0.2297 NDCG@5:0.3443 NDCG@10:0.3759 MRR:0.3393
Train, Epoch:61, rec_loss:264.0842
Val, Epoch:61, HIT@1:0.2262 HIT@5:0.4484 HIT@10:0.5434 NDCG@1:0.2262 NDCG@5:0.3432 NDCG@10:0.3739 MRR:0.3369
Train, Epoch:62, rec_loss:262.5267
Val, Epoch:62, HIT@1:0.2302 HIT@5:0.4491 HIT@10:0.5458 NDCG@1:0.2302 NDCG@5:0.3459 NDCG@10:0.3772 MRR:0.3404
Train, Epoch:63, rec_loss:263.1315
Val, Epoch:63, HIT@1:0.2295 HIT@5:0.4491 HIT@10:0.5467 NDCG@1:0.2295 NDCG@5:0.3457 NDCG@10:0.3772 MRR:0.3401
Train, Epoch:64, rec_loss:262.3592
Val, Epoch:64, HIT@1:0.2281 HIT@5:0.4460 HIT@10:0.5449 NDCG@1:0.2281 NDCG@5:0.3435 NDCG@10:0.3755 MRR:0.3386
Train, Epoch:65, rec_loss:261.3257
Val, Epoch:65, HIT@1:0.2321 HIT@5:0.4494 HIT@10:0.5440 NDCG@1:0.2321 NDCG@5:0.3468 NDCG@10:0.3774 MRR:0.3412
Train, Epoch:66, rec_loss:261.3485
Val, Epoch:66, HIT@1:0.2326 HIT@5:0.4472 HIT@10:0.5457 NDCG@1:0.2326 NDCG@5:0.3456 NDCG@10:0.3774 MRR:0.3408
Train, Epoch:67, rec_loss:260.7942
Val, Epoch:67, HIT@1:0.2293 HIT@5:0.4492 HIT@10:0.5466 NDCG@1:0.2293 NDCG@5:0.3452 NDCG@10:0.3766 MRR:0.3393
Train, Epoch:68, rec_loss:260.5810
Val, Epoch:68, HIT@1:0.2311 HIT@5:0.4465 HIT@10:0.5439 NDCG@1:0.2311 NDCG@5:0.3449 NDCG@10:0.3763 MRR:0.3400
Train, Epoch:69, rec_loss:258.5212
Val, Epoch:69, HIT@1:0.2332 HIT@5:0.4471 HIT@10:0.5463 NDCG@1:0.2332 NDCG@5:0.3463 NDCG@10:0.3784 MRR:0.3419
Train, Epoch:70, rec_loss:259.2442
Val, Epoch:70, HIT@1:0.2291 HIT@5:0.4468 HIT@10:0.5447 NDCG@1:0.2291 NDCG@5:0.3443 NDCG@10:0.3760 MRR:0.3393
Train, Epoch:71, rec_loss:257.3599
Val, Epoch:71, HIT@1:0.2310 HIT@5:0.4479 HIT@10:0.5463 NDCG@1:0.2310 NDCG@5:0.3457 NDCG@10:0.3775 MRR:0.3406
Train, Epoch:72, rec_loss:257.9444
Val, Epoch:72, HIT@1:0.2329 HIT@5:0.4477 HIT@10:0.5470 NDCG@1:0.2329 NDCG@5:0.3460 NDCG@10:0.3781 MRR:0.3413
Train, Epoch:73, rec_loss:257.2226
Val, Epoch:73, HIT@1:0.2308 HIT@5:0.4484 HIT@10:0.5466 NDCG@1:0.2308 NDCG@5:0.3459 NDCG@10:0.3776 MRR:0.3406
Train, Epoch:74, rec_loss:255.6583
Val, Epoch:74, HIT@1:0.2282 HIT@5:0.4477 HIT@10:0.5440 NDCG@1:0.2282 NDCG@5:0.3440 NDCG@10:0.3752 MRR:0.3385
Train, Epoch:75, rec_loss:254.9635
Val, Epoch:75, HIT@1:0.2328 HIT@5:0.4476 HIT@10:0.5444 NDCG@1:0.2328 NDCG@5:0.3466 NDCG@10:0.3780 MRR:0.3419
Train, Epoch:76, rec_loss:256.6441
Val, Epoch:76, HIT@1:0.2312 HIT@5:0.4470 HIT@10:0.5447 NDCG@1:0.2312 NDCG@5:0.3456 NDCG@10:0.3773 MRR:0.3409
Train, Epoch:77, rec_loss:253.9918
Val, Epoch:77, HIT@1:0.2335 HIT@5:0.4499 HIT@10:0.5471 NDCG@1:0.2335 NDCG@5:0.3478 NDCG@10:0.3793 MRR:0.3427
Train, Epoch:78, rec_loss:254.3795
Val, Epoch:78, HIT@1:0.2301 HIT@5:0.4487 HIT@10:0.5455 NDCG@1:0.2301 NDCG@5:0.3458 NDCG@10:0.3770 MRR:0.3403
Train, Epoch:79, rec_loss:253.5692
Val, Epoch:79, HIT@1:0.2308 HIT@5:0.4498 HIT@10:0.5479 NDCG@1:0.2308 NDCG@5:0.3463 NDCG@10:0.3780 MRR:0.3407
Train, Epoch:80, rec_loss:252.5102
Val, Epoch:80, HIT@1:0.2318 HIT@5:0.4495 HIT@10:0.5457 NDCG@1:0.2318 NDCG@5:0.3467 NDCG@10:0.3777 MRR:0.3411
Train, Epoch:81, rec_loss:254.5479
Val, Epoch:81, HIT@1:0.2298 HIT@5:0.4471 HIT@10:0.5445 NDCG@1:0.2298 NDCG@5:0.3445 NDCG@10:0.3759 MRR:0.3392
Train, Epoch:82, rec_loss:252.0716
Val, Epoch:82, HIT@1:0.2308 HIT@5:0.4481 HIT@10:0.5456 NDCG@1:0.2308 NDCG@5:0.3457 NDCG@10:0.3772 MRR:0.3406
Train, Epoch:83, rec_loss:253.4306
Val, Epoch:83, HIT@1:0.2318 HIT@5:0.4454 HIT@10:0.5437 NDCG@1:0.2318 NDCG@5:0.3447 NDCG@10:0.3765 MRR:0.3402
Train, Epoch:84, rec_loss:252.2365
Val, Epoch:84, HIT@1:0.2289 HIT@5:0.4477 HIT@10:0.5461 NDCG@1:0.2289 NDCG@5:0.3447 NDCG@10:0.3764 MRR:0.3392
Train, Epoch:85, rec_loss:252.0505
Val, Epoch:85, HIT@1:0.2307 HIT@5:0.4463 HIT@10:0.5475 NDCG@1:0.2307 NDCG@5:0.3449 NDCG@10:0.3776 MRR:0.3404
Train, Epoch:86, rec_loss:251.4514
Val, Epoch:86, HIT@1:0.2326 HIT@5:0.4497 HIT@10:0.5460 NDCG@1:0.2326 NDCG@5:0.3471 NDCG@10:0.3782 MRR:0.3416
Train, Epoch:87, rec_loss:249.7764
Val, Epoch:87, HIT@1:0.2317 HIT@5:0.4503 HIT@10:0.5446 NDCG@1:0.2317 NDCG@5:0.3470 NDCG@10:0.3775 MRR:0.3411
Test, Epoch:0, HIT@1:0.2038 HIT@5:0.4173 HIT@10:0.5132 NDCG@1:0.2038 NDCG@5:0.3158 NDCG@10:0.3467 MRR:0.3113
