model_args: Namespace(data_dir='data', output_dir='output_tmp/YelpC30H32S2', data_name='Yelp', do_eval=False, full_sort=0, max_seq_length=50, model_name='CONV', hidden_size=32, num_hidden_layers=2, num_attention_heads=1, hidden_act='gelu', no_filter=False, attention_probs_dropout_prob=0.5, hidden_dropout_prob=0.5, lr=0.001, ablate=0, batch_size=256, drop_null=0, zero_pad=1, patience=10, seed=2, epochs=200, weight_decay=0.0, n_fft=50, local=3, pool_size=2, conv_name=1, initialize=1, padding_mode=0, conv_size=30, act=0, ffn_multiplier=4, trial='None', data_file='data/Yelp.txt', sample_file='data/Yelp_sample.txt', item_size=20034)
Total Parameters: 661696
Train, Epoch:0, rec_loss:1239.7684
Val, Epoch:0, HIT@1:0.0966 HIT@5:0.2862 HIT@10:0.4210 NDCG@1:0.0966 NDCG@5:0.1928 NDCG@10:0.2361 MRR:0.2016
Train, Epoch:1, rec_loss:1041.3799
Val, Epoch:1, HIT@1:0.1366 HIT@5:0.3979 HIT@10:0.5662 NDCG@1:0.1366 NDCG@5:0.2697 NDCG@10:0.3240 MRR:0.2703
Train, Epoch:2, rec_loss:880.6966
Val, Epoch:2, HIT@1:0.1488 HIT@5:0.4249 HIT@10:0.6076 NDCG@1:0.1488 NDCG@5:0.2896 NDCG@10:0.3486 MRR:0.2897
Train, Epoch:3, rec_loss:781.8378
Val, Epoch:3, HIT@1:0.1696 HIT@5:0.4650 HIT@10:0.6525 NDCG@1:0.1696 NDCG@5:0.3203 NDCG@10:0.3810 MRR:0.3165
Train, Epoch:4, rec_loss:717.8803
Val, Epoch:4, HIT@1:0.1797 HIT@5:0.4983 HIT@10:0.6837 NDCG@1:0.1797 NDCG@5:0.3424 NDCG@10:0.4023 MRR:0.3335
Train, Epoch:5, rec_loss:672.4795
Val, Epoch:5, HIT@1:0.1879 HIT@5:0.5124 HIT@10:0.7067 NDCG@1:0.1879 NDCG@5:0.3533 NDCG@10:0.4163 MRR:0.3437
Train, Epoch:6, rec_loss:643.8446
Val, Epoch:6, HIT@1:0.1971 HIT@5:0.5328 HIT@10:0.7199 NDCG@1:0.1971 NDCG@5:0.3689 NDCG@10:0.4293 MRR:0.3558
Train, Epoch:7, rec_loss:623.7973
Val, Epoch:7, HIT@1:0.2005 HIT@5:0.5380 HIT@10:0.7329 NDCG@1:0.2005 NDCG@5:0.3736 NDCG@10:0.4367 MRR:0.3608
Train, Epoch:8, rec_loss:609.1684
Val, Epoch:8, HIT@1:0.2066 HIT@5:0.5509 HIT@10:0.7398 NDCG@1:0.2066 NDCG@5:0.3828 NDCG@10:0.4440 MRR:0.3677
Train, Epoch:9, rec_loss:596.9910
Val, Epoch:9, HIT@1:0.2112 HIT@5:0.5577 HIT@10:0.7475 NDCG@1:0.2112 NDCG@5:0.3888 NDCG@10:0.4504 MRR:0.3732
Train, Epoch:10, rec_loss:586.9610
Val, Epoch:10, HIT@1:0.2107 HIT@5:0.5586 HIT@10:0.7526 NDCG@1:0.2107 NDCG@5:0.3893 NDCG@10:0.4522 MRR:0.3739
Train, Epoch:11, rec_loss:576.6035
Val, Epoch:11, HIT@1:0.2166 HIT@5:0.5710 HIT@10:0.7588 NDCG@1:0.2166 NDCG@5:0.3982 NDCG@10:0.4591 MRR:0.3804
Train, Epoch:12, rec_loss:567.6139
Val, Epoch:12, HIT@1:0.2216 HIT@5:0.5778 HIT@10:0.7635 NDCG@1:0.2216 NDCG@5:0.4048 NDCG@10:0.4651 MRR:0.3864
Train, Epoch:13, rec_loss:559.8447
Val, Epoch:13, HIT@1:0.2256 HIT@5:0.5787 HIT@10:0.7656 NDCG@1:0.2256 NDCG@5:0.4069 NDCG@10:0.4675 MRR:0.3888
Train, Epoch:14, rec_loss:552.8277
Val, Epoch:14, HIT@1:0.2276 HIT@5:0.5834 HIT@10:0.7709 NDCG@1:0.2276 NDCG@5:0.4099 NDCG@10:0.4707 MRR:0.3911
Train, Epoch:15, rec_loss:547.1700
Val, Epoch:15, HIT@1:0.2335 HIT@5:0.5941 HIT@10:0.7734 NDCG@1:0.2335 NDCG@5:0.4191 NDCG@10:0.4771 MRR:0.3984
Train, Epoch:16, rec_loss:539.8675
Val, Epoch:16, HIT@1:0.2367 HIT@5:0.5955 HIT@10:0.7782 NDCG@1:0.2367 NDCG@5:0.4211 NDCG@10:0.4805 MRR:0.4010
Train, Epoch:17, rec_loss:535.1943
Val, Epoch:17, HIT@1:0.2360 HIT@5:0.5979 HIT@10:0.7799 NDCG@1:0.2360 NDCG@5:0.4226 NDCG@10:0.4816 MRR:0.4018
Train, Epoch:18, rec_loss:531.3142
Val, Epoch:18, HIT@1:0.2374 HIT@5:0.6007 HIT@10:0.7804 NDCG@1:0.2374 NDCG@5:0.4243 NDCG@10:0.4826 MRR:0.4030
Train, Epoch:19, rec_loss:525.7484
Val, Epoch:19, HIT@1:0.2385 HIT@5:0.6030 HIT@10:0.7860 NDCG@1:0.2385 NDCG@5:0.4262 NDCG@10:0.4854 MRR:0.4045
Train, Epoch:20, rec_loss:525.8509
Val, Epoch:20, HIT@1:0.2417 HIT@5:0.6047 HIT@10:0.7854 NDCG@1:0.2417 NDCG@5:0.4294 NDCG@10:0.4881 MRR:0.4081
Train, Epoch:21, rec_loss:521.3006
Val, Epoch:21, HIT@1:0.2413 HIT@5:0.6074 HIT@10:0.7862 NDCG@1:0.2413 NDCG@5:0.4304 NDCG@10:0.4885 MRR:0.4084
Train, Epoch:22, rec_loss:518.0202
Val, Epoch:22, HIT@1:0.2440 HIT@5:0.6092 HIT@10:0.7865 NDCG@1:0.2440 NDCG@5:0.4323 NDCG@10:0.4901 MRR:0.4102
Train, Epoch:23, rec_loss:516.0607
Val, Epoch:23, HIT@1:0.2459 HIT@5:0.6099 HIT@10:0.7886 NDCG@1:0.2459 NDCG@5:0.4342 NDCG@10:0.4922 MRR:0.4122
Train, Epoch:24, rec_loss:509.9579
Val, Epoch:24, HIT@1:0.2439 HIT@5:0.6120 HIT@10:0.7907 NDCG@1:0.2439 NDCG@5:0.4340 NDCG@10:0.4919 MRR:0.4111
Train, Epoch:25, rec_loss:506.3276
Val, Epoch:25, HIT@1:0.2458 HIT@5:0.6149 HIT@10:0.7901 NDCG@1:0.2458 NDCG@5:0.4367 NDCG@10:0.4935 MRR:0.4134
Train, Epoch:26, rec_loss:505.1733
Val, Epoch:26, HIT@1:0.2461 HIT@5:0.6144 HIT@10:0.7904 NDCG@1:0.2461 NDCG@5:0.4361 NDCG@10:0.4932 MRR:0.4129
Train, Epoch:27, rec_loss:503.8841
Val, Epoch:27, HIT@1:0.2466 HIT@5:0.6163 HIT@10:0.7913 NDCG@1:0.2466 NDCG@5:0.4374 NDCG@10:0.4944 MRR:0.4140
Train, Epoch:28, rec_loss:499.6895
Val, Epoch:28, HIT@1:0.2466 HIT@5:0.6152 HIT@10:0.7925 NDCG@1:0.2466 NDCG@5:0.4369 NDCG@10:0.4945 MRR:0.4138
Train, Epoch:29, rec_loss:498.9025
Val, Epoch:29, HIT@1:0.2528 HIT@5:0.6185 HIT@10:0.7924 NDCG@1:0.2528 NDCG@5:0.4414 NDCG@10:0.4978 MRR:0.4181
Train, Epoch:30, rec_loss:495.7641
Val, Epoch:30, HIT@1:0.2502 HIT@5:0.6192 HIT@10:0.7942 NDCG@1:0.2502 NDCG@5:0.4407 NDCG@10:0.4976 MRR:0.4171
Train, Epoch:31, rec_loss:496.3474
Val, Epoch:31, HIT@1:0.2506 HIT@5:0.6200 HIT@10:0.7929 NDCG@1:0.2506 NDCG@5:0.4414 NDCG@10:0.4976 MRR:0.4176
Train, Epoch:32, rec_loss:493.7835
Val, Epoch:32, HIT@1:0.2536 HIT@5:0.6220 HIT@10:0.7939 NDCG@1:0.2536 NDCG@5:0.4440 NDCG@10:0.4999 MRR:0.4202
Train, Epoch:33, rec_loss:492.2630
Val, Epoch:33, HIT@1:0.2538 HIT@5:0.6216 HIT@10:0.7954 NDCG@1:0.2538 NDCG@5:0.4433 NDCG@10:0.4998 MRR:0.4195
Train, Epoch:34, rec_loss:488.9283
Val, Epoch:34, HIT@1:0.2503 HIT@5:0.6232 HIT@10:0.7958 NDCG@1:0.2503 NDCG@5:0.4428 NDCG@10:0.4989 MRR:0.4182
Train, Epoch:35, rec_loss:488.4559
Val, Epoch:35, HIT@1:0.2552 HIT@5:0.6266 HIT@10:0.7946 NDCG@1:0.2552 NDCG@5:0.4475 NDCG@10:0.5020 MRR:0.4226
Train, Epoch:36, rec_loss:485.5315
Val, Epoch:36, HIT@1:0.2540 HIT@5:0.6253 HIT@10:0.7965 NDCG@1:0.2540 NDCG@5:0.4463 NDCG@10:0.5019 MRR:0.4217
Train, Epoch:37, rec_loss:483.9451
Val, Epoch:37, HIT@1:0.2544 HIT@5:0.6267 HIT@10:0.7962 NDCG@1:0.2544 NDCG@5:0.4471 NDCG@10:0.5022 MRR:0.4222
Train, Epoch:38, rec_loss:483.9944
Val, Epoch:38, HIT@1:0.2596 HIT@5:0.6268 HIT@10:0.7958 NDCG@1:0.2596 NDCG@5:0.4496 NDCG@10:0.5045 MRR:0.4254
Train, Epoch:39, rec_loss:479.7386
Val, Epoch:39, HIT@1:0.2589 HIT@5:0.6297 HIT@10:0.7981 NDCG@1:0.2589 NDCG@5:0.4507 NDCG@10:0.5054 MRR:0.4256
Train, Epoch:40, rec_loss:483.0595
Val, Epoch:40, HIT@1:0.2573 HIT@5:0.6299 HIT@10:0.7970 NDCG@1:0.2573 NDCG@5:0.4500 NDCG@10:0.5043 MRR:0.4246
Train, Epoch:41, rec_loss:476.4261
Val, Epoch:41, HIT@1:0.2579 HIT@5:0.6268 HIT@10:0.7981 NDCG@1:0.2579 NDCG@5:0.4493 NDCG@10:0.5050 MRR:0.4252
Train, Epoch:42, rec_loss:476.5265
Val, Epoch:42, HIT@1:0.2578 HIT@5:0.6295 HIT@10:0.7992 NDCG@1:0.2578 NDCG@5:0.4507 NDCG@10:0.5058 MRR:0.4257
Train, Epoch:43, rec_loss:476.1743
Val, Epoch:43, HIT@1:0.2576 HIT@5:0.6283 HIT@10:0.7976 NDCG@1:0.2576 NDCG@5:0.4493 NDCG@10:0.5044 MRR:0.4245
Train, Epoch:44, rec_loss:475.5461
Val, Epoch:44, HIT@1:0.2591 HIT@5:0.6306 HIT@10:0.7984 NDCG@1:0.2591 NDCG@5:0.4514 NDCG@10:0.5060 MRR:0.4263
Train, Epoch:45, rec_loss:475.1507
Val, Epoch:45, HIT@1:0.2599 HIT@5:0.6299 HIT@10:0.7994 NDCG@1:0.2599 NDCG@5:0.4515 NDCG@10:0.5066 MRR:0.4268
Train, Epoch:46, rec_loss:471.1962
Val, Epoch:46, HIT@1:0.2627 HIT@5:0.6313 HIT@10:0.8010 NDCG@1:0.2627 NDCG@5:0.4537 NDCG@10:0.5089 MRR:0.4291
Train, Epoch:47, rec_loss:471.1503
Val, Epoch:47, HIT@1:0.2631 HIT@5:0.6299 HIT@10:0.8010 NDCG@1:0.2631 NDCG@5:0.4526 NDCG@10:0.5082 MRR:0.4283
Train, Epoch:48, rec_loss:471.1042
Val, Epoch:48, HIT@1:0.2625 HIT@5:0.6353 HIT@10:0.8011 NDCG@1:0.2625 NDCG@5:0.4556 NDCG@10:0.5095 MRR:0.4297
Train, Epoch:49, rec_loss:466.9454
Val, Epoch:49, HIT@1:0.2624 HIT@5:0.6344 HIT@10:0.8025 NDCG@1:0.2624 NDCG@5:0.4551 NDCG@10:0.5097 MRR:0.4295
Train, Epoch:50, rec_loss:468.1104
Val, Epoch:50, HIT@1:0.2584 HIT@5:0.6327 HIT@10:0.8007 NDCG@1:0.2584 NDCG@5:0.4524 NDCG@10:0.5070 MRR:0.4267
Train, Epoch:51, rec_loss:469.8150
Val, Epoch:51, HIT@1:0.2585 HIT@5:0.6324 HIT@10:0.8007 NDCG@1:0.2585 NDCG@5:0.4523 NDCG@10:0.5070 MRR:0.4267
Train, Epoch:52, rec_loss:466.1135
Val, Epoch:52, HIT@1:0.2622 HIT@5:0.6360 HIT@10:0.8024 NDCG@1:0.2622 NDCG@5:0.4559 NDCG@10:0.5099 MRR:0.4298
Train, Epoch:53, rec_loss:465.7673
Val, Epoch:53, HIT@1:0.2633 HIT@5:0.6348 HIT@10:0.8014 NDCG@1:0.2633 NDCG@5:0.4557 NDCG@10:0.5099 MRR:0.4302
Train, Epoch:54, rec_loss:466.9951
Val, Epoch:54, HIT@1:0.2642 HIT@5:0.6344 HIT@10:0.8022 NDCG@1:0.2642 NDCG@5:0.4562 NDCG@10:0.5107 MRR:0.4309
Train, Epoch:55, rec_loss:463.2473
Val, Epoch:55, HIT@1:0.2641 HIT@5:0.6350 HIT@10:0.8021 NDCG@1:0.2641 NDCG@5:0.4565 NDCG@10:0.5108 MRR:0.4310
Train, Epoch:56, rec_loss:464.2685
Val, Epoch:56, HIT@1:0.2640 HIT@5:0.6376 HIT@10:0.8005 NDCG@1:0.2640 NDCG@5:0.4580 NDCG@10:0.5109 MRR:0.4317
Train, Epoch:57, rec_loss:461.5978
Val, Epoch:57, HIT@1:0.2652 HIT@5:0.6384 HIT@10:0.8019 NDCG@1:0.2652 NDCG@5:0.4585 NDCG@10:0.5115 MRR:0.4320
Train, Epoch:58, rec_loss:461.6523
Val, Epoch:58, HIT@1:0.2638 HIT@5:0.6362 HIT@10:0.8006 NDCG@1:0.2638 NDCG@5:0.4569 NDCG@10:0.5103 MRR:0.4309
Train, Epoch:59, rec_loss:457.8066
Val, Epoch:59, HIT@1:0.2661 HIT@5:0.6385 HIT@10:0.8028 NDCG@1:0.2661 NDCG@5:0.4595 NDCG@10:0.5129 MRR:0.4335
Train, Epoch:60, rec_loss:460.9100
Val, Epoch:60, HIT@1:0.2644 HIT@5:0.6380 HIT@10:0.8031 NDCG@1:0.2644 NDCG@5:0.4582 NDCG@10:0.5120 MRR:0.4321
Train, Epoch:61, rec_loss:457.4057
Val, Epoch:61, HIT@1:0.2642 HIT@5:0.6380 HIT@10:0.8037 NDCG@1:0.2642 NDCG@5:0.4583 NDCG@10:0.5121 MRR:0.4322
Train, Epoch:62, rec_loss:458.8751
Val, Epoch:62, HIT@1:0.2663 HIT@5:0.6398 HIT@10:0.8027 NDCG@1:0.2663 NDCG@5:0.4598 NDCG@10:0.5127 MRR:0.4334
Train, Epoch:63, rec_loss:459.5464
Val, Epoch:63, HIT@1:0.2654 HIT@5:0.6401 HIT@10:0.8041 NDCG@1:0.2654 NDCG@5:0.4593 NDCG@10:0.5125 MRR:0.4325
Train, Epoch:64, rec_loss:456.6658
Val, Epoch:64, HIT@1:0.2675 HIT@5:0.6370 HIT@10:0.8041 NDCG@1:0.2675 NDCG@5:0.4597 NDCG@10:0.5141 MRR:0.4346
Train, Epoch:65, rec_loss:455.7170
Val, Epoch:65, HIT@1:0.2650 HIT@5:0.6395 HIT@10:0.8028 NDCG@1:0.2650 NDCG@5:0.4588 NDCG@10:0.5119 MRR:0.4321
Train, Epoch:66, rec_loss:457.9559
Val, Epoch:66, HIT@1:0.2662 HIT@5:0.6391 HIT@10:0.8035 NDCG@1:0.2662 NDCG@5:0.4597 NDCG@10:0.5131 MRR:0.4335
Train, Epoch:67, rec_loss:456.9199
Val, Epoch:67, HIT@1:0.2679 HIT@5:0.6421 HIT@10:0.8033 NDCG@1:0.2679 NDCG@5:0.4622 NDCG@10:0.5145 MRR:0.4354
Train, Epoch:68, rec_loss:455.1656
Val, Epoch:68, HIT@1:0.2687 HIT@5:0.6390 HIT@10:0.8049 NDCG@1:0.2687 NDCG@5:0.4605 NDCG@10:0.5145 MRR:0.4348
Train, Epoch:69, rec_loss:452.9071
Val, Epoch:69, HIT@1:0.2681 HIT@5:0.6412 HIT@10:0.8043 NDCG@1:0.2681 NDCG@5:0.4607 NDCG@10:0.5137 MRR:0.4339
Train, Epoch:70, rec_loss:452.3744
Val, Epoch:70, HIT@1:0.2679 HIT@5:0.6392 HIT@10:0.8026 NDCG@1:0.2679 NDCG@5:0.4601 NDCG@10:0.5132 MRR:0.4340
Train, Epoch:71, rec_loss:453.8616
Val, Epoch:71, HIT@1:0.2656 HIT@5:0.6406 HIT@10:0.8038 NDCG@1:0.2656 NDCG@5:0.4595 NDCG@10:0.5126 MRR:0.4326
Train, Epoch:72, rec_loss:449.2724
Val, Epoch:72, HIT@1:0.2652 HIT@5:0.6393 HIT@10:0.8034 NDCG@1:0.2652 NDCG@5:0.4593 NDCG@10:0.5127 MRR:0.4329
Train, Epoch:73, rec_loss:451.4317
Val, Epoch:73, HIT@1:0.2649 HIT@5:0.6397 HIT@10:0.8053 NDCG@1:0.2649 NDCG@5:0.4593 NDCG@10:0.5132 MRR:0.4328
Train, Epoch:74, rec_loss:449.8880
Val, Epoch:74, HIT@1:0.2680 HIT@5:0.6398 HIT@10:0.8043 NDCG@1:0.2680 NDCG@5:0.4608 NDCG@10:0.5143 MRR:0.4347
Train, Epoch:75, rec_loss:450.8871
Val, Epoch:75, HIT@1:0.2671 HIT@5:0.6369 HIT@10:0.8024 NDCG@1:0.2671 NDCG@5:0.4588 NDCG@10:0.5125 MRR:0.4332
Train, Epoch:76, rec_loss:447.2906
Val, Epoch:76, HIT@1:0.2713 HIT@5:0.6395 HIT@10:0.8039 NDCG@1:0.2713 NDCG@5:0.4626 NDCG@10:0.5160 MRR:0.4371
Train, Epoch:77, rec_loss:448.4355
Val, Epoch:77, HIT@1:0.2725 HIT@5:0.6410 HIT@10:0.8044 NDCG@1:0.2725 NDCG@5:0.4637 NDCG@10:0.5168 MRR:0.4380
Train, Epoch:78, rec_loss:447.6240
Val, Epoch:78, HIT@1:0.2705 HIT@5:0.6399 HIT@10:0.8027 NDCG@1:0.2705 NDCG@5:0.4622 NDCG@10:0.5151 MRR:0.4364
Train, Epoch:79, rec_loss:446.3712
Val, Epoch:79, HIT@1:0.2725 HIT@5:0.6432 HIT@10:0.8054 NDCG@1:0.2725 NDCG@5:0.4653 NDCG@10:0.5180 MRR:0.4390
Train, Epoch:80, rec_loss:448.6768
Val, Epoch:80, HIT@1:0.2740 HIT@5:0.6437 HIT@10:0.8038 NDCG@1:0.2740 NDCG@5:0.4659 NDCG@10:0.5180 MRR:0.4397
Train, Epoch:81, rec_loss:447.1674
Val, Epoch:81, HIT@1:0.2682 HIT@5:0.6418 HIT@10:0.8041 NDCG@1:0.2682 NDCG@5:0.4621 NDCG@10:0.5149 MRR:0.4355
Train, Epoch:82, rec_loss:445.7905
Val, Epoch:82, HIT@1:0.2734 HIT@5:0.6423 HIT@10:0.8048 NDCG@1:0.2734 NDCG@5:0.4643 NDCG@10:0.5171 MRR:0.4382
Train, Epoch:83, rec_loss:444.8814
Val, Epoch:83, HIT@1:0.2692 HIT@5:0.6399 HIT@10:0.8037 NDCG@1:0.2692 NDCG@5:0.4615 NDCG@10:0.5147 MRR:0.4355
Train, Epoch:84, rec_loss:443.1564
Val, Epoch:84, HIT@1:0.2705 HIT@5:0.6405 HIT@10:0.8040 NDCG@1:0.2705 NDCG@5:0.4628 NDCG@10:0.5160 MRR:0.4371
Train, Epoch:85, rec_loss:444.6046
Val, Epoch:85, HIT@1:0.2705 HIT@5:0.6446 HIT@10:0.8048 NDCG@1:0.2705 NDCG@5:0.4649 NDCG@10:0.5168 MRR:0.4377
Train, Epoch:86, rec_loss:445.1078
Val, Epoch:86, HIT@1:0.2704 HIT@5:0.6442 HIT@10:0.8037 NDCG@1:0.2704 NDCG@5:0.4650 NDCG@10:0.5168 MRR:0.4381
Train, Epoch:87, rec_loss:441.2428
Val, Epoch:87, HIT@1:0.2709 HIT@5:0.6438 HIT@10:0.8055 NDCG@1:0.2709 NDCG@5:0.4647 NDCG@10:0.5173 MRR:0.4381
Train, Epoch:88, rec_loss:447.2588
Val, Epoch:88, HIT@1:0.2708 HIT@5:0.6428 HIT@10:0.8057 NDCG@1:0.2708 NDCG@5:0.4643 NDCG@10:0.5172 MRR:0.4379
Train, Epoch:89, rec_loss:445.3722
Val, Epoch:89, HIT@1:0.2680 HIT@5:0.6451 HIT@10:0.8057 NDCG@1:0.2680 NDCG@5:0.4639 NDCG@10:0.5161 MRR:0.4364
Train, Epoch:90, rec_loss:441.5971
Val, Epoch:90, HIT@1:0.2678 HIT@5:0.6423 HIT@10:0.8055 NDCG@1:0.2678 NDCG@5:0.4622 NDCG@10:0.5153 MRR:0.4355
Test, Epoch:0, HIT@1:0.2581 HIT@5:0.6349 HIT@10:0.7970 NDCG@1:0.2581 NDCG@5:0.4536 NDCG@10:0.5064 MRR:0.4267
