model_args: Namespace(data_dir='data', output_dir='output_tmp/YelpC30H196S1', data_name='Yelp', do_eval=False, full_sort=0, max_seq_length=50, model_name='CONV', hidden_size=196, num_hidden_layers=2, num_attention_heads=1, hidden_act='gelu', no_filter=False, attention_probs_dropout_prob=0.5, hidden_dropout_prob=0.5, lr=0.001, ablate=0, batch_size=256, drop_null=0, zero_pad=1, patience=10, seed=1, epochs=200, weight_decay=0.0, n_fft=50, local=3, pool_size=2, conv_name=1, initialize=1, padding_mode=0, conv_size=30, act=0, ffn_multiplier=4, trial='None', data_file='data/Yelp.txt', sample_file='data/Yelp_sample.txt', item_size=20034)
Total Parameters: 4567192
Train, Epoch:0, rec_loss:1223.4055
Val, Epoch:0, HIT@1:0.1007 HIT@5:0.2981 HIT@10:0.4392 NDCG@1:0.1007 NDCG@5:0.2003 NDCG@10:0.2456 MRR:0.2093
Train, Epoch:1, rec_loss:968.3518
Val, Epoch:1, HIT@1:0.1525 HIT@5:0.4266 HIT@10:0.6039 NDCG@1:0.1525 NDCG@5:0.2919 NDCG@10:0.3491 MRR:0.2912
Train, Epoch:2, rec_loss:780.1315
Val, Epoch:2, HIT@1:0.1816 HIT@5:0.4833 HIT@10:0.6657 NDCG@1:0.1816 NDCG@5:0.3358 NDCG@10:0.3947 MRR:0.3295
Train, Epoch:3, rec_loss:670.2325
Val, Epoch:3, HIT@1:0.2024 HIT@5:0.5117 HIT@10:0.7023 NDCG@1:0.2024 NDCG@5:0.3613 NDCG@10:0.4229 MRR:0.3536
Train, Epoch:4, rec_loss:601.6436
Val, Epoch:4, HIT@1:0.2126 HIT@5:0.5382 HIT@10:0.7205 NDCG@1:0.2126 NDCG@5:0.3797 NDCG@10:0.4386 MRR:0.3673
Train, Epoch:5, rec_loss:551.3667
Val, Epoch:5, HIT@1:0.2205 HIT@5:0.5488 HIT@10:0.7313 NDCG@1:0.2205 NDCG@5:0.3886 NDCG@10:0.4477 MRR:0.3752
Train, Epoch:6, rec_loss:510.5148
Val, Epoch:6, HIT@1:0.2298 HIT@5:0.5636 HIT@10:0.7415 NDCG@1:0.2298 NDCG@5:0.4014 NDCG@10:0.4590 MRR:0.3860
Train, Epoch:7, rec_loss:477.6927
Val, Epoch:7, HIT@1:0.2333 HIT@5:0.5714 HIT@10:0.7444 NDCG@1:0.2333 NDCG@5:0.4070 NDCG@10:0.4630 MRR:0.3899
Train, Epoch:8, rec_loss:451.9893
Val, Epoch:8, HIT@1:0.2415 HIT@5:0.5775 HIT@10:0.7528 NDCG@1:0.2415 NDCG@5:0.4145 NDCG@10:0.4713 MRR:0.3976
Train, Epoch:9, rec_loss:434.7698
Val, Epoch:9, HIT@1:0.2445 HIT@5:0.5817 HIT@10:0.7524 NDCG@1:0.2445 NDCG@5:0.4176 NDCG@10:0.4729 MRR:0.3996
Train, Epoch:10, rec_loss:417.6771
Val, Epoch:10, HIT@1:0.2460 HIT@5:0.5861 HIT@10:0.7546 NDCG@1:0.2460 NDCG@5:0.4217 NDCG@10:0.4763 MRR:0.4030
Train, Epoch:11, rec_loss:403.9403
Val, Epoch:11, HIT@1:0.2509 HIT@5:0.5900 HIT@10:0.7564 NDCG@1:0.2509 NDCG@5:0.4255 NDCG@10:0.4796 MRR:0.4065
Train, Epoch:12, rec_loss:392.8413
Val, Epoch:12, HIT@1:0.2556 HIT@5:0.5937 HIT@10:0.7583 NDCG@1:0.2556 NDCG@5:0.4301 NDCG@10:0.4835 MRR:0.4108
Train, Epoch:13, rec_loss:380.7283
Val, Epoch:13, HIT@1:0.2569 HIT@5:0.5951 HIT@10:0.7610 NDCG@1:0.2569 NDCG@5:0.4317 NDCG@10:0.4856 MRR:0.4124
Train, Epoch:14, rec_loss:374.6535
Val, Epoch:14, HIT@1:0.2597 HIT@5:0.5957 HIT@10:0.7589 NDCG@1:0.2597 NDCG@5:0.4337 NDCG@10:0.4868 MRR:0.4146
Train, Epoch:15, rec_loss:364.3184
Val, Epoch:15, HIT@1:0.2597 HIT@5:0.5973 HIT@10:0.7582 NDCG@1:0.2597 NDCG@5:0.4347 NDCG@10:0.4871 MRR:0.4151
Train, Epoch:16, rec_loss:356.8494
Val, Epoch:16, HIT@1:0.2620 HIT@5:0.5988 HIT@10:0.7592 NDCG@1:0.2620 NDCG@5:0.4363 NDCG@10:0.4884 MRR:0.4166
Train, Epoch:17, rec_loss:348.6838
Val, Epoch:17, HIT@1:0.2614 HIT@5:0.5998 HIT@10:0.7590 NDCG@1:0.2614 NDCG@5:0.4373 NDCG@10:0.4890 MRR:0.4172
Train, Epoch:18, rec_loss:342.8830
Val, Epoch:18, HIT@1:0.2646 HIT@5:0.6033 HIT@10:0.7593 NDCG@1:0.2646 NDCG@5:0.4402 NDCG@10:0.4908 MRR:0.4195
Train, Epoch:19, rec_loss:337.8586
Val, Epoch:19, HIT@1:0.2684 HIT@5:0.6043 HIT@10:0.7568 NDCG@1:0.2684 NDCG@5:0.4423 NDCG@10:0.4919 MRR:0.4216
Train, Epoch:20, rec_loss:332.5099
Val, Epoch:20, HIT@1:0.2670 HIT@5:0.6021 HIT@10:0.7589 NDCG@1:0.2670 NDCG@5:0.4411 NDCG@10:0.4920 MRR:0.4212
Train, Epoch:21, rec_loss:327.8609
Val, Epoch:21, HIT@1:0.2696 HIT@5:0.6007 HIT@10:0.7571 NDCG@1:0.2696 NDCG@5:0.4410 NDCG@10:0.4918 MRR:0.4215
Train, Epoch:22, rec_loss:325.6668
Val, Epoch:22, HIT@1:0.2678 HIT@5:0.6023 HIT@10:0.7548 NDCG@1:0.2678 NDCG@5:0.4418 NDCG@10:0.4913 MRR:0.4215
Train, Epoch:23, rec_loss:321.2175
Val, Epoch:23, HIT@1:0.2729 HIT@5:0.6046 HIT@10:0.7562 NDCG@1:0.2729 NDCG@5:0.4456 NDCG@10:0.4949 MRR:0.4258
Train, Epoch:24, rec_loss:319.2629
Val, Epoch:24, HIT@1:0.2700 HIT@5:0.6035 HIT@10:0.7571 NDCG@1:0.2700 NDCG@5:0.4439 NDCG@10:0.4938 MRR:0.4239
Train, Epoch:25, rec_loss:312.8299
Val, Epoch:25, HIT@1:0.2748 HIT@5:0.6065 HIT@10:0.7583 NDCG@1:0.2748 NDCG@5:0.4474 NDCG@10:0.4966 MRR:0.4271
Train, Epoch:26, rec_loss:308.6443
Val, Epoch:26, HIT@1:0.2753 HIT@5:0.6088 HIT@10:0.7584 NDCG@1:0.2753 NDCG@5:0.4486 NDCG@10:0.4972 MRR:0.4277
Train, Epoch:27, rec_loss:307.7306
Val, Epoch:27, HIT@1:0.2730 HIT@5:0.6077 HIT@10:0.7562 NDCG@1:0.2730 NDCG@5:0.4478 NDCG@10:0.4961 MRR:0.4270
Train, Epoch:28, rec_loss:303.6171
Val, Epoch:28, HIT@1:0.2762 HIT@5:0.6095 HIT@10:0.7578 NDCG@1:0.2762 NDCG@5:0.4497 NDCG@10:0.4979 MRR:0.4288
Train, Epoch:29, rec_loss:301.4439
Val, Epoch:29, HIT@1:0.2779 HIT@5:0.6065 HIT@10:0.7541 NDCG@1:0.2779 NDCG@5:0.4490 NDCG@10:0.4970 MRR:0.4289
Train, Epoch:30, rec_loss:297.4445
Val, Epoch:30, HIT@1:0.2788 HIT@5:0.6100 HIT@10:0.7550 NDCG@1:0.2788 NDCG@5:0.4510 NDCG@10:0.4980 MRR:0.4300
Train, Epoch:31, rec_loss:296.2972
Val, Epoch:31, HIT@1:0.2763 HIT@5:0.6063 HIT@10:0.7551 NDCG@1:0.2763 NDCG@5:0.4485 NDCG@10:0.4968 MRR:0.4283
Train, Epoch:32, rec_loss:292.5516
Val, Epoch:32, HIT@1:0.2795 HIT@5:0.6086 HIT@10:0.7565 NDCG@1:0.2795 NDCG@5:0.4509 NDCG@10:0.4990 MRR:0.4307
Train, Epoch:33, rec_loss:292.0005
Val, Epoch:33, HIT@1:0.2759 HIT@5:0.6101 HIT@10:0.7553 NDCG@1:0.2759 NDCG@5:0.4501 NDCG@10:0.4973 MRR:0.4287
Train, Epoch:34, rec_loss:288.5566
Val, Epoch:34, HIT@1:0.2763 HIT@5:0.6088 HIT@10:0.7549 NDCG@1:0.2763 NDCG@5:0.4499 NDCG@10:0.4973 MRR:0.4289
Train, Epoch:35, rec_loss:286.5440
Val, Epoch:35, HIT@1:0.2750 HIT@5:0.6104 HIT@10:0.7546 NDCG@1:0.2750 NDCG@5:0.4499 NDCG@10:0.4966 MRR:0.4281
Train, Epoch:36, rec_loss:286.7436
Val, Epoch:36, HIT@1:0.2793 HIT@5:0.6142 HIT@10:0.7582 NDCG@1:0.2793 NDCG@5:0.4533 NDCG@10:0.5000 MRR:0.4312
Train, Epoch:37, rec_loss:282.8235
Val, Epoch:37, HIT@1:0.2772 HIT@5:0.6106 HIT@10:0.7560 NDCG@1:0.2772 NDCG@5:0.4512 NDCG@10:0.4984 MRR:0.4299
Train, Epoch:38, rec_loss:282.1195
Val, Epoch:38, HIT@1:0.2773 HIT@5:0.6086 HIT@10:0.7540 NDCG@1:0.2773 NDCG@5:0.4499 NDCG@10:0.4971 MRR:0.4288
Train, Epoch:39, rec_loss:279.1414
Val, Epoch:39, HIT@1:0.2804 HIT@5:0.6074 HIT@10:0.7525 NDCG@1:0.2804 NDCG@5:0.4507 NDCG@10:0.4978 MRR:0.4302
Train, Epoch:40, rec_loss:277.0727
Val, Epoch:40, HIT@1:0.2797 HIT@5:0.6105 HIT@10:0.7555 NDCG@1:0.2797 NDCG@5:0.4517 NDCG@10:0.4988 MRR:0.4306
Train, Epoch:41, rec_loss:277.6824
Val, Epoch:41, HIT@1:0.2764 HIT@5:0.6067 HIT@10:0.7512 NDCG@1:0.2764 NDCG@5:0.4485 NDCG@10:0.4954 MRR:0.4275
Train, Epoch:42, rec_loss:276.4833
Val, Epoch:42, HIT@1:0.2789 HIT@5:0.6080 HIT@10:0.7531 NDCG@1:0.2789 NDCG@5:0.4503 NDCG@10:0.4974 MRR:0.4297
Train, Epoch:43, rec_loss:274.7543
Val, Epoch:43, HIT@1:0.2798 HIT@5:0.6130 HIT@10:0.7564 NDCG@1:0.2798 NDCG@5:0.4533 NDCG@10:0.4999 MRR:0.4315
Train, Epoch:44, rec_loss:272.7023
Val, Epoch:44, HIT@1:0.2831 HIT@5:0.6117 HIT@10:0.7573 NDCG@1:0.2831 NDCG@5:0.4545 NDCG@10:0.5017 MRR:0.4337
Train, Epoch:45, rec_loss:271.0678
Val, Epoch:45, HIT@1:0.2794 HIT@5:0.6123 HIT@10:0.7552 NDCG@1:0.2794 NDCG@5:0.4527 NDCG@10:0.4991 MRR:0.4310
Train, Epoch:46, rec_loss:271.0082
Val, Epoch:46, HIT@1:0.2819 HIT@5:0.6115 HIT@10:0.7567 NDCG@1:0.2819 NDCG@5:0.4537 NDCG@10:0.5007 MRR:0.4326
Train, Epoch:47, rec_loss:270.2103
Val, Epoch:47, HIT@1:0.2797 HIT@5:0.6101 HIT@10:0.7550 NDCG@1:0.2797 NDCG@5:0.4519 NDCG@10:0.4990 MRR:0.4309
Train, Epoch:48, rec_loss:265.9728
Val, Epoch:48, HIT@1:0.2804 HIT@5:0.6144 HIT@10:0.7583 NDCG@1:0.2804 NDCG@5:0.4541 NDCG@10:0.5008 MRR:0.4322
Train, Epoch:49, rec_loss:266.0790
Val, Epoch:49, HIT@1:0.2793 HIT@5:0.6101 HIT@10:0.7534 NDCG@1:0.2793 NDCG@5:0.4524 NDCG@10:0.4989 MRR:0.4312
Train, Epoch:50, rec_loss:265.0202
Val, Epoch:50, HIT@1:0.2798 HIT@5:0.6124 HIT@10:0.7565 NDCG@1:0.2798 NDCG@5:0.4538 NDCG@10:0.5006 MRR:0.4322
Train, Epoch:51, rec_loss:261.6694
Val, Epoch:51, HIT@1:0.2826 HIT@5:0.6120 HIT@10:0.7531 NDCG@1:0.2826 NDCG@5:0.4543 NDCG@10:0.5001 MRR:0.4328
Train, Epoch:52, rec_loss:262.7526
Val, Epoch:52, HIT@1:0.2793 HIT@5:0.6110 HIT@10:0.7533 NDCG@1:0.2793 NDCG@5:0.4525 NDCG@10:0.4987 MRR:0.4308
Train, Epoch:53, rec_loss:262.0447
Val, Epoch:53, HIT@1:0.2845 HIT@5:0.6116 HIT@10:0.7562 NDCG@1:0.2845 NDCG@5:0.4547 NDCG@10:0.5016 MRR:0.4338
Train, Epoch:54, rec_loss:261.0788
Val, Epoch:54, HIT@1:0.2835 HIT@5:0.6149 HIT@10:0.7591 NDCG@1:0.2835 NDCG@5:0.4565 NDCG@10:0.5033 MRR:0.4350
Train, Epoch:55, rec_loss:260.4989
Val, Epoch:55, HIT@1:0.2845 HIT@5:0.6144 HIT@10:0.7541 NDCG@1:0.2845 NDCG@5:0.4563 NDCG@10:0.5018 MRR:0.4346
Train, Epoch:56, rec_loss:258.3997
Val, Epoch:56, HIT@1:0.2840 HIT@5:0.6142 HIT@10:0.7570 NDCG@1:0.2840 NDCG@5:0.4558 NDCG@10:0.5022 MRR:0.4344
Train, Epoch:57, rec_loss:258.4535
Val, Epoch:57, HIT@1:0.2827 HIT@5:0.6149 HIT@10:0.7548 NDCG@1:0.2827 NDCG@5:0.4555 NDCG@10:0.5008 MRR:0.4332
Train, Epoch:58, rec_loss:256.9318
Val, Epoch:58, HIT@1:0.2836 HIT@5:0.6104 HIT@10:0.7530 NDCG@1:0.2836 NDCG@5:0.4540 NDCG@10:0.5003 MRR:0.4332
Train, Epoch:59, rec_loss:256.4567
Val, Epoch:59, HIT@1:0.2854 HIT@5:0.6130 HIT@10:0.7549 NDCG@1:0.2854 NDCG@5:0.4562 NDCG@10:0.5022 MRR:0.4350
Train, Epoch:60, rec_loss:256.2079
Val, Epoch:60, HIT@1:0.2874 HIT@5:0.6165 HIT@10:0.7525 NDCG@1:0.2874 NDCG@5:0.4586 NDCG@10:0.5028 MRR:0.4367
Train, Epoch:61, rec_loss:255.0226
Val, Epoch:61, HIT@1:0.2870 HIT@5:0.6141 HIT@10:0.7517 NDCG@1:0.2870 NDCG@5:0.4574 NDCG@10:0.5021 MRR:0.4359
Train, Epoch:62, rec_loss:254.7837
Val, Epoch:62, HIT@1:0.2847 HIT@5:0.6148 HIT@10:0.7552 NDCG@1:0.2847 NDCG@5:0.4571 NDCG@10:0.5026 MRR:0.4354
Train, Epoch:63, rec_loss:253.2431
Val, Epoch:63, HIT@1:0.2875 HIT@5:0.6159 HIT@10:0.7548 NDCG@1:0.2875 NDCG@5:0.4589 NDCG@10:0.5040 MRR:0.4373
Train, Epoch:64, rec_loss:252.8139
Val, Epoch:64, HIT@1:0.2868 HIT@5:0.6165 HIT@10:0.7552 NDCG@1:0.2868 NDCG@5:0.4589 NDCG@10:0.5038 MRR:0.4369
Train, Epoch:65, rec_loss:252.4197
Val, Epoch:65, HIT@1:0.2835 HIT@5:0.6117 HIT@10:0.7527 NDCG@1:0.2835 NDCG@5:0.4545 NDCG@10:0.5003 MRR:0.4333
Train, Epoch:66, rec_loss:250.8300
Val, Epoch:66, HIT@1:0.2854 HIT@5:0.6099 HIT@10:0.7526 NDCG@1:0.2854 NDCG@5:0.4545 NDCG@10:0.5008 MRR:0.4340
Train, Epoch:67, rec_loss:249.0706
Val, Epoch:67, HIT@1:0.2844 HIT@5:0.6140 HIT@10:0.7553 NDCG@1:0.2844 NDCG@5:0.4560 NDCG@10:0.5018 MRR:0.4344
Train, Epoch:68, rec_loss:249.8625
Val, Epoch:68, HIT@1:0.2848 HIT@5:0.6118 HIT@10:0.7514 NDCG@1:0.2848 NDCG@5:0.4555 NDCG@10:0.5008 MRR:0.4342
Train, Epoch:69, rec_loss:250.7157
Val, Epoch:69, HIT@1:0.2842 HIT@5:0.6129 HIT@10:0.7534 NDCG@1:0.2842 NDCG@5:0.4557 NDCG@10:0.5012 MRR:0.4341
Train, Epoch:70, rec_loss:249.1382
Val, Epoch:70, HIT@1:0.2843 HIT@5:0.6152 HIT@10:0.7529 NDCG@1:0.2843 NDCG@5:0.4572 NDCG@10:0.5020 MRR:0.4353
Train, Epoch:71, rec_loss:246.7300
Val, Epoch:71, HIT@1:0.2827 HIT@5:0.6151 HIT@10:0.7530 NDCG@1:0.2827 NDCG@5:0.4562 NDCG@10:0.5010 MRR:0.4339
Train, Epoch:72, rec_loss:245.7267
Val, Epoch:72, HIT@1:0.2835 HIT@5:0.6141 HIT@10:0.7495 NDCG@1:0.2835 NDCG@5:0.4560 NDCG@10:0.4999 MRR:0.4336
Train, Epoch:73, rec_loss:244.6996
Val, Epoch:73, HIT@1:0.2839 HIT@5:0.6144 HIT@10:0.7550 NDCG@1:0.2839 NDCG@5:0.4565 NDCG@10:0.5021 MRR:0.4347
Test, Epoch:0, HIT@1:0.2814 HIT@5:0.6100 HIT@10:0.7525 NDCG@1:0.2814 NDCG@5:0.4523 NDCG@10:0.4986 MRR:0.4312
