model_args: Namespace(data_dir='data', output_dir='output_tmp/beauty45', data_name='Beauty', do_eval=False, full_sort=0, max_seq_length=50, model_name='CONV', hidden_size=64, num_hidden_layers=2, num_attention_heads=1, hidden_act='gelu', no_filter=False, attention_probs_dropout_prob=0.5, hidden_dropout_prob=0.5, lr=0.001, ablate=0, batch_size=256, drop_null=0, zero_pad=1, patience=10, seed=2, epochs=200, weight_decay=0.0, n_fft=50, local=3, pool_size=2, conv_name=1, initialize=1, padding_mode=0, conv_size=45, act=0, ffn_multiplier=4, trial='None', data_file='data/Beauty.txt', sample_file='data/Beauty_sample.txt', item_size=12102)
Total Parameters: 850432
Train, Epoch:0, rec_loss:721.2418
Val, Epoch:0, HIT@1:0.0931 HIT@5:0.2700 HIT@10:0.3778 NDCG@1:0.0931 NDCG@5:0.1834 NDCG@10:0.2182 MRR:0.1889
Train, Epoch:1, rec_loss:636.5328
Val, Epoch:1, HIT@1:0.1189 HIT@5:0.3182 HIT@10:0.4335 NDCG@1:0.1189 NDCG@5:0.2208 NDCG@10:0.2581 MRR:0.2226
Train, Epoch:2, rec_loss:584.5267
Val, Epoch:2, HIT@1:0.1345 HIT@5:0.3513 HIT@10:0.4664 NDCG@1:0.1345 NDCG@5:0.2459 NDCG@10:0.2832 MRR:0.2444
Train, Epoch:3, rec_loss:539.9560
Val, Epoch:3, HIT@1:0.1519 HIT@5:0.3730 HIT@10:0.4811 NDCG@1:0.1519 NDCG@5:0.2657 NDCG@10:0.3007 MRR:0.2625
Train, Epoch:4, rec_loss:502.6251
Val, Epoch:4, HIT@1:0.1592 HIT@5:0.3817 HIT@10:0.4913 NDCG@1:0.1592 NDCG@5:0.2739 NDCG@10:0.3094 MRR:0.2703
Train, Epoch:5, rec_loss:474.8095
Val, Epoch:5, HIT@1:0.1694 HIT@5:0.3900 HIT@10:0.4962 NDCG@1:0.1694 NDCG@5:0.2840 NDCG@10:0.3183 MRR:0.2803
Train, Epoch:6, rec_loss:450.2939
Val, Epoch:6, HIT@1:0.1784 HIT@5:0.3988 HIT@10:0.5035 NDCG@1:0.1784 NDCG@5:0.2932 NDCG@10:0.3270 MRR:0.2892
Train, Epoch:7, rec_loss:430.7228
Val, Epoch:7, HIT@1:0.1880 HIT@5:0.4084 HIT@10:0.5088 NDCG@1:0.1880 NDCG@5:0.3033 NDCG@10:0.3357 MRR:0.2986
Train, Epoch:8, rec_loss:410.0614
Val, Epoch:8, HIT@1:0.1931 HIT@5:0.4091 HIT@10:0.5090 NDCG@1:0.1931 NDCG@5:0.3056 NDCG@10:0.3379 MRR:0.3016
Train, Epoch:9, rec_loss:397.8503
Val, Epoch:9, HIT@1:0.1930 HIT@5:0.4167 HIT@10:0.5120 NDCG@1:0.1930 NDCG@5:0.3101 NDCG@10:0.3409 MRR:0.3043
Train, Epoch:10, rec_loss:385.0576
Val, Epoch:10, HIT@1:0.2009 HIT@5:0.4175 HIT@10:0.5137 NDCG@1:0.2009 NDCG@5:0.3145 NDCG@10:0.3456 MRR:0.3099
Train, Epoch:11, rec_loss:378.2648
Val, Epoch:11, HIT@1:0.2019 HIT@5:0.4223 HIT@10:0.5182 NDCG@1:0.2019 NDCG@5:0.3175 NDCG@10:0.3485 MRR:0.3121
Train, Epoch:12, rec_loss:367.6238
Val, Epoch:12, HIT@1:0.2051 HIT@5:0.4204 HIT@10:0.5206 NDCG@1:0.2051 NDCG@5:0.3183 NDCG@10:0.3507 MRR:0.3143
Train, Epoch:13, rec_loss:360.5686
Val, Epoch:13, HIT@1:0.2076 HIT@5:0.4241 HIT@10:0.5221 NDCG@1:0.2076 NDCG@5:0.3216 NDCG@10:0.3533 MRR:0.3171
Train, Epoch:14, rec_loss:354.2448
Val, Epoch:14, HIT@1:0.2058 HIT@5:0.4250 HIT@10:0.5223 NDCG@1:0.2058 NDCG@5:0.3210 NDCG@10:0.3524 MRR:0.3159
Train, Epoch:15, rec_loss:347.7153
Val, Epoch:15, HIT@1:0.2085 HIT@5:0.4233 HIT@10:0.5229 NDCG@1:0.2085 NDCG@5:0.3221 NDCG@10:0.3541 MRR:0.3179
Train, Epoch:16, rec_loss:342.9020
Val, Epoch:16, HIT@1:0.2135 HIT@5:0.4252 HIT@10:0.5267 NDCG@1:0.2135 NDCG@5:0.3248 NDCG@10:0.3576 MRR:0.3213
Train, Epoch:17, rec_loss:336.7486
Val, Epoch:17, HIT@1:0.2165 HIT@5:0.4276 HIT@10:0.5254 NDCG@1:0.2165 NDCG@5:0.3277 NDCG@10:0.3594 MRR:0.3241
Train, Epoch:18, rec_loss:334.4200
Val, Epoch:18, HIT@1:0.2148 HIT@5:0.4278 HIT@10:0.5269 NDCG@1:0.2148 NDCG@5:0.3270 NDCG@10:0.3590 MRR:0.3232
Train, Epoch:19, rec_loss:329.8095
Val, Epoch:19, HIT@1:0.2154 HIT@5:0.4272 HIT@10:0.5259 NDCG@1:0.2154 NDCG@5:0.3273 NDCG@10:0.3592 MRR:0.3238
Train, Epoch:20, rec_loss:325.1544
Val, Epoch:20, HIT@1:0.2171 HIT@5:0.4330 HIT@10:0.5307 NDCG@1:0.2171 NDCG@5:0.3312 NDCG@10:0.3627 MRR:0.3265
Train, Epoch:21, rec_loss:320.7051
Val, Epoch:21, HIT@1:0.2159 HIT@5:0.4319 HIT@10:0.5298 NDCG@1:0.2159 NDCG@5:0.3303 NDCG@10:0.3619 MRR:0.3259
Train, Epoch:22, rec_loss:320.4852
Val, Epoch:22, HIT@1:0.2180 HIT@5:0.4318 HIT@10:0.5315 NDCG@1:0.2180 NDCG@5:0.3310 NDCG@10:0.3632 MRR:0.3269
Train, Epoch:23, rec_loss:314.8459
Val, Epoch:23, HIT@1:0.2196 HIT@5:0.4344 HIT@10:0.5314 NDCG@1:0.2196 NDCG@5:0.3332 NDCG@10:0.3644 MRR:0.3286
Train, Epoch:24, rec_loss:313.9509
Val, Epoch:24, HIT@1:0.2178 HIT@5:0.4339 HIT@10:0.5318 NDCG@1:0.2178 NDCG@5:0.3318 NDCG@10:0.3634 MRR:0.3272
Train, Epoch:25, rec_loss:311.7740
Val, Epoch:25, HIT@1:0.2136 HIT@5:0.4350 HIT@10:0.5334 NDCG@1:0.2136 NDCG@5:0.3307 NDCG@10:0.3625 MRR:0.3253
Train, Epoch:26, rec_loss:307.9928
Val, Epoch:26, HIT@1:0.2208 HIT@5:0.4356 HIT@10:0.5308 NDCG@1:0.2208 NDCG@5:0.3341 NDCG@10:0.3648 MRR:0.3293
Train, Epoch:27, rec_loss:306.6243
Val, Epoch:27, HIT@1:0.2213 HIT@5:0.4363 HIT@10:0.5325 NDCG@1:0.2213 NDCG@5:0.3351 NDCG@10:0.3662 MRR:0.3304
Train, Epoch:28, rec_loss:303.0406
Val, Epoch:28, HIT@1:0.2181 HIT@5:0.4372 HIT@10:0.5337 NDCG@1:0.2181 NDCG@5:0.3342 NDCG@10:0.3654 MRR:0.3290
Train, Epoch:29, rec_loss:301.8423
Val, Epoch:29, HIT@1:0.2181 HIT@5:0.4349 HIT@10:0.5328 NDCG@1:0.2181 NDCG@5:0.3331 NDCG@10:0.3648 MRR:0.3286
Train, Epoch:30, rec_loss:298.6013
Val, Epoch:30, HIT@1:0.2194 HIT@5:0.4377 HIT@10:0.5345 NDCG@1:0.2194 NDCG@5:0.3351 NDCG@10:0.3664 MRR:0.3299
Train, Epoch:31, rec_loss:298.2585
Val, Epoch:31, HIT@1:0.2192 HIT@5:0.4372 HIT@10:0.5360 NDCG@1:0.2192 NDCG@5:0.3345 NDCG@10:0.3664 MRR:0.3295
Train, Epoch:32, rec_loss:295.6498
Val, Epoch:32, HIT@1:0.2239 HIT@5:0.4383 HIT@10:0.5345 NDCG@1:0.2239 NDCG@5:0.3371 NDCG@10:0.3681 MRR:0.3323
Train, Epoch:33, rec_loss:293.6135
Val, Epoch:33, HIT@1:0.2207 HIT@5:0.4384 HIT@10:0.5340 NDCG@1:0.2207 NDCG@5:0.3357 NDCG@10:0.3666 MRR:0.3305
Train, Epoch:34, rec_loss:291.4979
Val, Epoch:34, HIT@1:0.2218 HIT@5:0.4410 HIT@10:0.5360 NDCG@1:0.2218 NDCG@5:0.3378 NDCG@10:0.3684 MRR:0.3322
Train, Epoch:35, rec_loss:290.5499
Val, Epoch:35, HIT@1:0.2182 HIT@5:0.4385 HIT@10:0.5358 NDCG@1:0.2182 NDCG@5:0.3350 NDCG@10:0.3663 MRR:0.3295
Train, Epoch:36, rec_loss:289.6181
Val, Epoch:36, HIT@1:0.2232 HIT@5:0.4397 HIT@10:0.5345 NDCG@1:0.2232 NDCG@5:0.3377 NDCG@10:0.3684 MRR:0.3328
Train, Epoch:37, rec_loss:287.4091
Val, Epoch:37, HIT@1:0.2238 HIT@5:0.4405 HIT@10:0.5358 NDCG@1:0.2238 NDCG@5:0.3381 NDCG@10:0.3689 MRR:0.3329
Train, Epoch:38, rec_loss:286.4234
Val, Epoch:38, HIT@1:0.2205 HIT@5:0.4409 HIT@10:0.5376 NDCG@1:0.2205 NDCG@5:0.3373 NDCG@10:0.3685 MRR:0.3317
Train, Epoch:39, rec_loss:286.4345
Val, Epoch:39, HIT@1:0.2227 HIT@5:0.4439 HIT@10:0.5392 NDCG@1:0.2227 NDCG@5:0.3391 NDCG@10:0.3699 MRR:0.3331
Train, Epoch:40, rec_loss:282.9551
Val, Epoch:40, HIT@1:0.2213 HIT@5:0.4421 HIT@10:0.5362 NDCG@1:0.2213 NDCG@5:0.3377 NDCG@10:0.3681 MRR:0.3317
Train, Epoch:41, rec_loss:283.1741
Val, Epoch:41, HIT@1:0.2256 HIT@5:0.4427 HIT@10:0.5407 NDCG@1:0.2256 NDCG@5:0.3403 NDCG@10:0.3720 MRR:0.3353
Train, Epoch:42, rec_loss:282.0250
Val, Epoch:42, HIT@1:0.2213 HIT@5:0.4435 HIT@10:0.5394 NDCG@1:0.2213 NDCG@5:0.3383 NDCG@10:0.3692 MRR:0.3319
Train, Epoch:43, rec_loss:279.9980
Val, Epoch:43, HIT@1:0.2243 HIT@5:0.4435 HIT@10:0.5421 NDCG@1:0.2243 NDCG@5:0.3403 NDCG@10:0.3722 MRR:0.3350
Train, Epoch:44, rec_loss:280.6344
Val, Epoch:44, HIT@1:0.2251 HIT@5:0.4426 HIT@10:0.5412 NDCG@1:0.2251 NDCG@5:0.3398 NDCG@10:0.3717 MRR:0.3347
Train, Epoch:45, rec_loss:278.7675
Val, Epoch:45, HIT@1:0.2273 HIT@5:0.4446 HIT@10:0.5425 NDCG@1:0.2273 NDCG@5:0.3422 NDCG@10:0.3738 MRR:0.3369
Train, Epoch:46, rec_loss:275.6804
Val, Epoch:46, HIT@1:0.2281 HIT@5:0.4418 HIT@10:0.5399 NDCG@1:0.2281 NDCG@5:0.3410 NDCG@10:0.3728 MRR:0.3367
Train, Epoch:47, rec_loss:275.0759
Val, Epoch:47, HIT@1:0.2306 HIT@5:0.4433 HIT@10:0.5383 NDCG@1:0.2306 NDCG@5:0.3432 NDCG@10:0.3739 MRR:0.3387
Train, Epoch:48, rec_loss:274.1841
Val, Epoch:48, HIT@1:0.2277 HIT@5:0.4426 HIT@10:0.5404 NDCG@1:0.2277 NDCG@5:0.3416 NDCG@10:0.3732 MRR:0.3370
Train, Epoch:49, rec_loss:273.5311
Val, Epoch:49, HIT@1:0.2290 HIT@5:0.4407 HIT@10:0.5391 NDCG@1:0.2290 NDCG@5:0.3411 NDCG@10:0.3728 MRR:0.3369
Train, Epoch:50, rec_loss:274.7346
Val, Epoch:50, HIT@1:0.2278 HIT@5:0.4427 HIT@10:0.5418 NDCG@1:0.2278 NDCG@5:0.3416 NDCG@10:0.3736 MRR:0.3371
Train, Epoch:51, rec_loss:272.0487
Val, Epoch:51, HIT@1:0.2244 HIT@5:0.4411 HIT@10:0.5433 NDCG@1:0.2244 NDCG@5:0.3394 NDCG@10:0.3723 MRR:0.3349
Train, Epoch:52, rec_loss:271.2854
Val, Epoch:52, HIT@1:0.2251 HIT@5:0.4431 HIT@10:0.5443 NDCG@1:0.2251 NDCG@5:0.3403 NDCG@10:0.3730 MRR:0.3354
Train, Epoch:53, rec_loss:270.0223
Val, Epoch:53, HIT@1:0.2261 HIT@5:0.4420 HIT@10:0.5407 NDCG@1:0.2261 NDCG@5:0.3402 NDCG@10:0.3720 MRR:0.3353
Train, Epoch:54, rec_loss:267.5958
Val, Epoch:54, HIT@1:0.2284 HIT@5:0.4454 HIT@10:0.5413 NDCG@1:0.2284 NDCG@5:0.3427 NDCG@10:0.3736 MRR:0.3372
Train, Epoch:55, rec_loss:266.7512
Val, Epoch:55, HIT@1:0.2274 HIT@5:0.4427 HIT@10:0.5395 NDCG@1:0.2274 NDCG@5:0.3414 NDCG@10:0.3728 MRR:0.3368
Train, Epoch:56, rec_loss:265.7150
Val, Epoch:56, HIT@1:0.2283 HIT@5:0.4445 HIT@10:0.5417 NDCG@1:0.2283 NDCG@5:0.3427 NDCG@10:0.3740 MRR:0.3376
Train, Epoch:57, rec_loss:267.4437
Val, Epoch:57, HIT@1:0.2251 HIT@5:0.4423 HIT@10:0.5410 NDCG@1:0.2251 NDCG@5:0.3398 NDCG@10:0.3717 MRR:0.3348
Test, Epoch:0, HIT@1:0.2003 HIT@5:0.4093 HIT@10:0.5092 NDCG@1:0.2003 NDCG@5:0.3101 NDCG@10:0.3424 MRR:0.3073
