model_args: Namespace(data_dir='data', output_dir='output_tmp', data_name='Beauty', do_eval=False, full_sort=0, max_seq_length=50, model_name='CONV', hidden_size=64, num_hidden_layers=2, num_attention_heads=1, hidden_act='gelu', no_filter=False, attention_probs_dropout_prob=0.5, hidden_dropout_prob=0.5, lr=0.001, ablate=0, batch_size=256, drop_null=0, zero_pad=1, patience=10, seed=2, epochs=200, weight_decay=0.0, n_fft=50, local=3, pool_size=2, conv_name=1, initialize=1, padding_mode=0, conv_size=30, act=0, ffn_multiplier=4, trial='None', data_file='data/Beauty.txt', sample_file='data/Beauty_sample.txt', item_size=12102)
Total Parameters: 848512
Train, Epoch:0, rec_loss:722.8055
Val, Epoch:0, HIT@1:0.0917 HIT@5:0.2676 HIT@10:0.3760 NDCG@1:0.0917 NDCG@5:0.1816 NDCG@10:0.2166 MRR:0.1871
Train, Epoch:1, rec_loss:639.0510
Val, Epoch:1, HIT@1:0.1202 HIT@5:0.3231 HIT@10:0.4339 NDCG@1:0.1202 NDCG@5:0.2234 NDCG@10:0.2592 MRR:0.2236
Train, Epoch:2, rec_loss:584.6477
Val, Epoch:2, HIT@1:0.1344 HIT@5:0.3568 HIT@10:0.4699 NDCG@1:0.1344 NDCG@5:0.2485 NDCG@10:0.2852 MRR:0.2457
Train, Epoch:3, rec_loss:537.8184
Val, Epoch:3, HIT@1:0.1507 HIT@5:0.3776 HIT@10:0.4870 NDCG@1:0.1507 NDCG@5:0.2677 NDCG@10:0.3031 MRR:0.2632
Train, Epoch:4, rec_loss:500.0484
Val, Epoch:4, HIT@1:0.1644 HIT@5:0.3902 HIT@10:0.4942 NDCG@1:0.1644 NDCG@5:0.2813 NDCG@10:0.3150 MRR:0.2764
Train, Epoch:5, rec_loss:469.5618
Val, Epoch:5, HIT@1:0.1716 HIT@5:0.3944 HIT@10:0.5017 NDCG@1:0.1716 NDCG@5:0.2879 NDCG@10:0.3227 MRR:0.2840
Train, Epoch:6, rec_loss:444.6740
Val, Epoch:6, HIT@1:0.1816 HIT@5:0.4062 HIT@10:0.5084 NDCG@1:0.1816 NDCG@5:0.2988 NDCG@10:0.3319 MRR:0.2939
Train, Epoch:7, rec_loss:424.6955
Val, Epoch:7, HIT@1:0.1940 HIT@5:0.4101 HIT@10:0.5122 NDCG@1:0.1940 NDCG@5:0.3075 NDCG@10:0.3405 MRR:0.3037
Train, Epoch:8, rec_loss:407.2323
Val, Epoch:8, HIT@1:0.1941 HIT@5:0.4155 HIT@10:0.5134 NDCG@1:0.1941 NDCG@5:0.3100 NDCG@10:0.3416 MRR:0.3047
Train, Epoch:9, rec_loss:395.2504
Val, Epoch:9, HIT@1:0.1962 HIT@5:0.4147 HIT@10:0.5112 NDCG@1:0.1962 NDCG@5:0.3109 NDCG@10:0.3420 MRR:0.3062
Train, Epoch:10, rec_loss:382.4065
Val, Epoch:10, HIT@1:0.2031 HIT@5:0.4156 HIT@10:0.5176 NDCG@1:0.2031 NDCG@5:0.3145 NDCG@10:0.3474 MRR:0.3112
Train, Epoch:11, rec_loss:371.3118
Val, Epoch:11, HIT@1:0.2040 HIT@5:0.4211 HIT@10:0.5188 NDCG@1:0.2040 NDCG@5:0.3187 NDCG@10:0.3504 MRR:0.3145
Train, Epoch:12, rec_loss:363.7513
Val, Epoch:12, HIT@1:0.2086 HIT@5:0.4219 HIT@10:0.5219 NDCG@1:0.2086 NDCG@5:0.3206 NDCG@10:0.3529 MRR:0.3169
Train, Epoch:13, rec_loss:356.8752
Val, Epoch:13, HIT@1:0.2090 HIT@5:0.4219 HIT@10:0.5209 NDCG@1:0.2090 NDCG@5:0.3211 NDCG@10:0.3530 MRR:0.3173
Train, Epoch:14, rec_loss:350.6739
Val, Epoch:14, HIT@1:0.2120 HIT@5:0.4253 HIT@10:0.5236 NDCG@1:0.2120 NDCG@5:0.3239 NDCG@10:0.3557 MRR:0.3199
Train, Epoch:15, rec_loss:345.9705
Val, Epoch:15, HIT@1:0.2120 HIT@5:0.4289 HIT@10:0.5255 NDCG@1:0.2120 NDCG@5:0.3263 NDCG@10:0.3575 MRR:0.3217
Train, Epoch:16, rec_loss:340.8307
Val, Epoch:16, HIT@1:0.2113 HIT@5:0.4280 HIT@10:0.5291 NDCG@1:0.2113 NDCG@5:0.3258 NDCG@10:0.3584 MRR:0.3216
Train, Epoch:17, rec_loss:337.9175
Val, Epoch:17, HIT@1:0.2140 HIT@5:0.4330 HIT@10:0.5305 NDCG@1:0.2140 NDCG@5:0.3291 NDCG@10:0.3606 MRR:0.3239
Train, Epoch:18, rec_loss:331.4737
Val, Epoch:18, HIT@1:0.2147 HIT@5:0.4279 HIT@10:0.5281 NDCG@1:0.2147 NDCG@5:0.3276 NDCG@10:0.3599 MRR:0.3240
Train, Epoch:19, rec_loss:328.1083
Val, Epoch:19, HIT@1:0.2144 HIT@5:0.4296 HIT@10:0.5316 NDCG@1:0.2144 NDCG@5:0.3282 NDCG@10:0.3612 MRR:0.3244
Train, Epoch:20, rec_loss:325.9445
Val, Epoch:20, HIT@1:0.2184 HIT@5:0.4325 HIT@10:0.5333 NDCG@1:0.2184 NDCG@5:0.3314 NDCG@10:0.3639 MRR:0.3274
Train, Epoch:21, rec_loss:321.1124
Val, Epoch:21, HIT@1:0.2171 HIT@5:0.4316 HIT@10:0.5286 NDCG@1:0.2171 NDCG@5:0.3304 NDCG@10:0.3617 MRR:0.3261
Train, Epoch:22, rec_loss:317.5042
Val, Epoch:22, HIT@1:0.2150 HIT@5:0.4310 HIT@10:0.5288 NDCG@1:0.2150 NDCG@5:0.3291 NDCG@10:0.3606 MRR:0.3247
Train, Epoch:23, rec_loss:316.4722
Val, Epoch:23, HIT@1:0.2185 HIT@5:0.4360 HIT@10:0.5324 NDCG@1:0.2185 NDCG@5:0.3332 NDCG@10:0.3643 MRR:0.3282
Train, Epoch:24, rec_loss:312.9708
Val, Epoch:24, HIT@1:0.2205 HIT@5:0.4354 HIT@10:0.5344 NDCG@1:0.2205 NDCG@5:0.3340 NDCG@10:0.3659 MRR:0.3297
Train, Epoch:25, rec_loss:310.5437
Val, Epoch:25, HIT@1:0.2199 HIT@5:0.4342 HIT@10:0.5359 NDCG@1:0.2199 NDCG@5:0.3329 NDCG@10:0.3658 MRR:0.3291
Train, Epoch:26, rec_loss:306.5234
Val, Epoch:26, HIT@1:0.2224 HIT@5:0.4333 HIT@10:0.5325 NDCG@1:0.2224 NDCG@5:0.3336 NDCG@10:0.3656 MRR:0.3300
Train, Epoch:27, rec_loss:306.4571
Val, Epoch:27, HIT@1:0.2222 HIT@5:0.4353 HIT@10:0.5329 NDCG@1:0.2222 NDCG@5:0.3346 NDCG@10:0.3661 MRR:0.3304
Train, Epoch:28, rec_loss:301.9649
Val, Epoch:28, HIT@1:0.2191 HIT@5:0.4343 HIT@10:0.5341 NDCG@1:0.2191 NDCG@5:0.3329 NDCG@10:0.3652 MRR:0.3288
Train, Epoch:29, rec_loss:299.7904
Val, Epoch:29, HIT@1:0.2223 HIT@5:0.4363 HIT@10:0.5367 NDCG@1:0.2223 NDCG@5:0.3352 NDCG@10:0.3676 MRR:0.3312
Train, Epoch:30, rec_loss:297.3405
Val, Epoch:30, HIT@1:0.2220 HIT@5:0.4382 HIT@10:0.5369 NDCG@1:0.2220 NDCG@5:0.3360 NDCG@10:0.3680 MRR:0.3316
Train, Epoch:31, rec_loss:296.2430
Val, Epoch:31, HIT@1:0.2221 HIT@5:0.4377 HIT@10:0.5362 NDCG@1:0.2221 NDCG@5:0.3358 NDCG@10:0.3675 MRR:0.3313
Train, Epoch:32, rec_loss:295.3639
Val, Epoch:32, HIT@1:0.2194 HIT@5:0.4346 HIT@10:0.5362 NDCG@1:0.2194 NDCG@5:0.3331 NDCG@10:0.3658 MRR:0.3289
Train, Epoch:33, rec_loss:293.0113
Val, Epoch:33, HIT@1:0.2205 HIT@5:0.4391 HIT@10:0.5384 NDCG@1:0.2205 NDCG@5:0.3362 NDCG@10:0.3682 MRR:0.3312
Train, Epoch:34, rec_loss:290.8329
Val, Epoch:34, HIT@1:0.2234 HIT@5:0.4407 HIT@10:0.5386 NDCG@1:0.2234 NDCG@5:0.3384 NDCG@10:0.3700 MRR:0.3335
Train, Epoch:35, rec_loss:291.6510
Val, Epoch:35, HIT@1:0.2225 HIT@5:0.4380 HIT@10:0.5394 NDCG@1:0.2225 NDCG@5:0.3365 NDCG@10:0.3692 MRR:0.3322
Train, Epoch:36, rec_loss:289.2807
Val, Epoch:36, HIT@1:0.2268 HIT@5:0.4404 HIT@10:0.5402 NDCG@1:0.2268 NDCG@5:0.3397 NDCG@10:0.3719 MRR:0.3355
Train, Epoch:37, rec_loss:287.1568
Val, Epoch:37, HIT@1:0.2237 HIT@5:0.4409 HIT@10:0.5393 NDCG@1:0.2237 NDCG@5:0.3391 NDCG@10:0.3709 MRR:0.3345
Train, Epoch:38, rec_loss:285.3648
Val, Epoch:38, HIT@1:0.2244 HIT@5:0.4425 HIT@10:0.5428 NDCG@1:0.2244 NDCG@5:0.3397 NDCG@10:0.3721 MRR:0.3348
Train, Epoch:39, rec_loss:284.1963
Val, Epoch:39, HIT@1:0.2232 HIT@5:0.4428 HIT@10:0.5425 NDCG@1:0.2232 NDCG@5:0.3393 NDCG@10:0.3714 MRR:0.3341
Train, Epoch:40, rec_loss:281.7371
Val, Epoch:40, HIT@1:0.2239 HIT@5:0.4429 HIT@10:0.5447 NDCG@1:0.2239 NDCG@5:0.3398 NDCG@10:0.3726 MRR:0.3348
Train, Epoch:41, rec_loss:283.7194
Val, Epoch:41, HIT@1:0.2285 HIT@5:0.4453 HIT@10:0.5421 NDCG@1:0.2285 NDCG@5:0.3424 NDCG@10:0.3737 MRR:0.3370
Train, Epoch:42, rec_loss:279.7741
Val, Epoch:42, HIT@1:0.2302 HIT@5:0.4444 HIT@10:0.5408 NDCG@1:0.2302 NDCG@5:0.3432 NDCG@10:0.3742 MRR:0.3384
Train, Epoch:43, rec_loss:279.7450
Val, Epoch:43, HIT@1:0.2302 HIT@5:0.4461 HIT@10:0.5429 NDCG@1:0.2302 NDCG@5:0.3441 NDCG@10:0.3753 MRR:0.3391
Train, Epoch:44, rec_loss:277.5068
Val, Epoch:44, HIT@1:0.2301 HIT@5:0.4437 HIT@10:0.5408 NDCG@1:0.2301 NDCG@5:0.3431 NDCG@10:0.3745 MRR:0.3387
Train, Epoch:45, rec_loss:277.9121
Val, Epoch:45, HIT@1:0.2267 HIT@5:0.4453 HIT@10:0.5421 NDCG@1:0.2267 NDCG@5:0.3425 NDCG@10:0.3737 MRR:0.3372
Train, Epoch:46, rec_loss:273.9727
Val, Epoch:46, HIT@1:0.2321 HIT@5:0.4462 HIT@10:0.5450 NDCG@1:0.2321 NDCG@5:0.3451 NDCG@10:0.3771 MRR:0.3407
Train, Epoch:47, rec_loss:274.4186
Val, Epoch:47, HIT@1:0.2310 HIT@5:0.4459 HIT@10:0.5456 NDCG@1:0.2310 NDCG@5:0.3448 NDCG@10:0.3771 MRR:0.3404
Train, Epoch:48, rec_loss:273.2884
Val, Epoch:48, HIT@1:0.2313 HIT@5:0.4456 HIT@10:0.5413 NDCG@1:0.2313 NDCG@5:0.3445 NDCG@10:0.3753 MRR:0.3397
Train, Epoch:49, rec_loss:272.7571
Val, Epoch:49, HIT@1:0.2291 HIT@5:0.4443 HIT@10:0.5437 NDCG@1:0.2291 NDCG@5:0.3432 NDCG@10:0.3754 MRR:0.3388
Train, Epoch:50, rec_loss:274.6432
Val, Epoch:50, HIT@1:0.2267 HIT@5:0.4458 HIT@10:0.5436 NDCG@1:0.2267 NDCG@5:0.3423 NDCG@10:0.3737 MRR:0.3367
Train, Epoch:51, rec_loss:269.0375
Val, Epoch:51, HIT@1:0.2287 HIT@5:0.4442 HIT@10:0.5427 NDCG@1:0.2287 NDCG@5:0.3427 NDCG@10:0.3744 MRR:0.3380
Train, Epoch:52, rec_loss:270.5946
Val, Epoch:52, HIT@1:0.2279 HIT@5:0.4408 HIT@10:0.5431 NDCG@1:0.2279 NDCG@5:0.3407 NDCG@10:0.3737 MRR:0.3369
Train, Epoch:53, rec_loss:269.8368
Val, Epoch:53, HIT@1:0.2277 HIT@5:0.4433 HIT@10:0.5428 NDCG@1:0.2277 NDCG@5:0.3419 NDCG@10:0.3739 MRR:0.3373
Train, Epoch:54, rec_loss:270.3140
Val, Epoch:54, HIT@1:0.2279 HIT@5:0.4431 HIT@10:0.5424 NDCG@1:0.2279 NDCG@5:0.3415 NDCG@10:0.3734 MRR:0.3369
Train, Epoch:55, rec_loss:267.7630
Val, Epoch:55, HIT@1:0.2283 HIT@5:0.4429 HIT@10:0.5428 NDCG@1:0.2283 NDCG@5:0.3417 NDCG@10:0.3740 MRR:0.3374
Train, Epoch:56, rec_loss:266.6772
Val, Epoch:56, HIT@1:0.2295 HIT@5:0.4437 HIT@10:0.5450 NDCG@1:0.2295 NDCG@5:0.3426 NDCG@10:0.3754 MRR:0.3384
Test, Epoch:0, HIT@1:0.1965 HIT@5:0.4082 HIT@10:0.5086 NDCG@1:0.1965 NDCG@5:0.3075 NDCG@10:0.3399 MRR:0.3041
