model_args: Namespace(data_dir='data', output_dir='output_tmp/YelpC30H96S1', data_name='Yelp', do_eval=False, full_sort=0, max_seq_length=50, model_name='CONV', hidden_size=96, num_hidden_layers=2, num_attention_heads=1, hidden_act='gelu', no_filter=False, attention_probs_dropout_prob=0.5, hidden_dropout_prob=0.5, lr=0.001, ablate=0, batch_size=256, drop_null=0, zero_pad=1, patience=10, seed=1, epochs=200, weight_decay=0.0, n_fft=50, local=3, pool_size=2, conv_name=1, initialize=1, padding_mode=0, conv_size=30, act=0, ffn_multiplier=4, trial='None', data_file='data/Yelp.txt', sample_file='data/Yelp_sample.txt', item_size=20034)
Total Parameters: 2083392
Train, Epoch:0, rec_loss:1214.1097
Val, Epoch:0, HIT@1:0.0998 HIT@5:0.2990 HIT@10:0.4450 NDCG@1:0.0998 NDCG@5:0.2003 NDCG@10:0.2473 MRR:0.2097
Train, Epoch:1, rec_loss:977.0330
Val, Epoch:1, HIT@1:0.1461 HIT@5:0.4152 HIT@10:0.5924 NDCG@1:0.1461 NDCG@5:0.2832 NDCG@10:0.3403 MRR:0.2839
Train, Epoch:2, rec_loss:801.3876
Val, Epoch:2, HIT@1:0.1733 HIT@5:0.4758 HIT@10:0.6604 NDCG@1:0.1733 NDCG@5:0.3278 NDCG@10:0.3874 MRR:0.3219
Train, Epoch:3, rec_loss:698.4082
Val, Epoch:3, HIT@1:0.1938 HIT@5:0.5074 HIT@10:0.6953 NDCG@1:0.1938 NDCG@5:0.3540 NDCG@10:0.4148 MRR:0.3454
Train, Epoch:4, rec_loss:638.2782
Val, Epoch:4, HIT@1:0.2067 HIT@5:0.5335 HIT@10:0.7217 NDCG@1:0.2067 NDCG@5:0.3740 NDCG@10:0.4348 MRR:0.3621
Train, Epoch:5, rec_loss:594.8034
Val, Epoch:5, HIT@1:0.2189 HIT@5:0.5493 HIT@10:0.7339 NDCG@1:0.2189 NDCG@5:0.3884 NDCG@10:0.4482 MRR:0.3752
Train, Epoch:6, rec_loss:561.8325
Val, Epoch:6, HIT@1:0.2255 HIT@5:0.5618 HIT@10:0.7468 NDCG@1:0.2255 NDCG@5:0.3983 NDCG@10:0.4582 MRR:0.3834
Train, Epoch:7, rec_loss:536.1836
Val, Epoch:7, HIT@1:0.2343 HIT@5:0.5769 HIT@10:0.7569 NDCG@1:0.2343 NDCG@5:0.4102 NDCG@10:0.4685 MRR:0.3929
Train, Epoch:8, rec_loss:518.7614
Val, Epoch:8, HIT@1:0.2380 HIT@5:0.5831 HIT@10:0.7606 NDCG@1:0.2380 NDCG@5:0.4150 NDCG@10:0.4724 MRR:0.3967
Train, Epoch:9, rec_loss:499.5875
Val, Epoch:9, HIT@1:0.2357 HIT@5:0.5890 HIT@10:0.7651 NDCG@1:0.2357 NDCG@5:0.4182 NDCG@10:0.4753 MRR:0.3986
Train, Epoch:10, rec_loss:483.3101
Val, Epoch:10, HIT@1:0.2465 HIT@5:0.5974 HIT@10:0.7696 NDCG@1:0.2465 NDCG@5:0.4270 NDCG@10:0.4828 MRR:0.4068
Train, Epoch:11, rec_loss:470.6915
Val, Epoch:11, HIT@1:0.2489 HIT@5:0.5978 HIT@10:0.7727 NDCG@1:0.2489 NDCG@5:0.4279 NDCG@10:0.4846 MRR:0.4080
Train, Epoch:12, rec_loss:460.5087
Val, Epoch:12, HIT@1:0.2492 HIT@5:0.6009 HIT@10:0.7711 NDCG@1:0.2492 NDCG@5:0.4306 NDCG@10:0.4858 MRR:0.4099
Train, Epoch:13, rec_loss:453.4529
Val, Epoch:13, HIT@1:0.2506 HIT@5:0.6063 HIT@10:0.7760 NDCG@1:0.2506 NDCG@5:0.4345 NDCG@10:0.4896 MRR:0.4128
Train, Epoch:14, rec_loss:443.7123
Val, Epoch:14, HIT@1:0.2520 HIT@5:0.6015 HIT@10:0.7741 NDCG@1:0.2520 NDCG@5:0.4326 NDCG@10:0.4888 MRR:0.4126
Train, Epoch:15, rec_loss:430.8909
Val, Epoch:15, HIT@1:0.2563 HIT@5:0.6075 HIT@10:0.7732 NDCG@1:0.2563 NDCG@5:0.4378 NDCG@10:0.4916 MRR:0.4164
Train, Epoch:16, rec_loss:428.5234
Val, Epoch:16, HIT@1:0.2550 HIT@5:0.6103 HIT@10:0.7765 NDCG@1:0.2550 NDCG@5:0.4384 NDCG@10:0.4924 MRR:0.4160
Train, Epoch:17, rec_loss:423.4464
Val, Epoch:17, HIT@1:0.2612 HIT@5:0.6120 HIT@10:0.7790 NDCG@1:0.2612 NDCG@5:0.4425 NDCG@10:0.4967 MRR:0.4209
Train, Epoch:18, rec_loss:415.1705
Val, Epoch:18, HIT@1:0.2581 HIT@5:0.6127 HIT@10:0.7759 NDCG@1:0.2581 NDCG@5:0.4417 NDCG@10:0.4947 MRR:0.4192
Train, Epoch:19, rec_loss:411.6241
Val, Epoch:19, HIT@1:0.2631 HIT@5:0.6172 HIT@10:0.7823 NDCG@1:0.2631 NDCG@5:0.4461 NDCG@10:0.4997 MRR:0.4235
Train, Epoch:20, rec_loss:407.7960
Val, Epoch:20, HIT@1:0.2617 HIT@5:0.6149 HIT@10:0.7761 NDCG@1:0.2617 NDCG@5:0.4450 NDCG@10:0.4974 MRR:0.4225
Train, Epoch:21, rec_loss:399.5873
Val, Epoch:21, HIT@1:0.2614 HIT@5:0.6158 HIT@10:0.7798 NDCG@1:0.2614 NDCG@5:0.4452 NDCG@10:0.4984 MRR:0.4225
Train, Epoch:22, rec_loss:402.3390
Val, Epoch:22, HIT@1:0.2640 HIT@5:0.6158 HIT@10:0.7769 NDCG@1:0.2640 NDCG@5:0.4460 NDCG@10:0.4983 MRR:0.4234
Train, Epoch:23, rec_loss:393.2206
Val, Epoch:23, HIT@1:0.2645 HIT@5:0.6166 HIT@10:0.7789 NDCG@1:0.2645 NDCG@5:0.4470 NDCG@10:0.4998 MRR:0.4245
Train, Epoch:24, rec_loss:390.1422
Val, Epoch:24, HIT@1:0.2702 HIT@5:0.6206 HIT@10:0.7794 NDCG@1:0.2702 NDCG@5:0.4517 NDCG@10:0.5033 MRR:0.4289
Train, Epoch:25, rec_loss:388.1818
Val, Epoch:25, HIT@1:0.2677 HIT@5:0.6200 HIT@10:0.7802 NDCG@1:0.2677 NDCG@5:0.4506 NDCG@10:0.5026 MRR:0.4277
Train, Epoch:26, rec_loss:383.6162
Val, Epoch:26, HIT@1:0.2671 HIT@5:0.6202 HIT@10:0.7792 NDCG@1:0.2671 NDCG@5:0.4499 NDCG@10:0.5016 MRR:0.4265
Train, Epoch:27, rec_loss:382.8502
Val, Epoch:27, HIT@1:0.2722 HIT@5:0.6234 HIT@10:0.7802 NDCG@1:0.2722 NDCG@5:0.4544 NDCG@10:0.5054 MRR:0.4311
Train, Epoch:28, rec_loss:379.1293
Val, Epoch:28, HIT@1:0.2728 HIT@5:0.6223 HIT@10:0.7805 NDCG@1:0.2728 NDCG@5:0.4542 NDCG@10:0.5056 MRR:0.4313
Train, Epoch:29, rec_loss:376.4935
Val, Epoch:29, HIT@1:0.2711 HIT@5:0.6229 HIT@10:0.7807 NDCG@1:0.2711 NDCG@5:0.4540 NDCG@10:0.5052 MRR:0.4307
Train, Epoch:30, rec_loss:372.2000
Val, Epoch:30, HIT@1:0.2720 HIT@5:0.6244 HIT@10:0.7802 NDCG@1:0.2720 NDCG@5:0.4552 NDCG@10:0.5058 MRR:0.4317
Train, Epoch:31, rec_loss:372.5139
Val, Epoch:31, HIT@1:0.2723 HIT@5:0.6219 HIT@10:0.7804 NDCG@1:0.2723 NDCG@5:0.4536 NDCG@10:0.5051 MRR:0.4308
Train, Epoch:32, rec_loss:369.9252
Val, Epoch:32, HIT@1:0.2751 HIT@5:0.6245 HIT@10:0.7788 NDCG@1:0.2751 NDCG@5:0.4561 NDCG@10:0.5063 MRR:0.4328
Train, Epoch:33, rec_loss:366.3087
Val, Epoch:33, HIT@1:0.2755 HIT@5:0.6225 HIT@10:0.7788 NDCG@1:0.2755 NDCG@5:0.4552 NDCG@10:0.5060 MRR:0.4323
Train, Epoch:34, rec_loss:365.9113
Val, Epoch:34, HIT@1:0.2765 HIT@5:0.6278 HIT@10:0.7775 NDCG@1:0.2765 NDCG@5:0.4591 NDCG@10:0.5079 MRR:0.4349
Train, Epoch:35, rec_loss:362.0298
Val, Epoch:35, HIT@1:0.2750 HIT@5:0.6246 HIT@10:0.7780 NDCG@1:0.2750 NDCG@5:0.4572 NDCG@10:0.5070 MRR:0.4338
Train, Epoch:36, rec_loss:360.4479
Val, Epoch:36, HIT@1:0.2751 HIT@5:0.6249 HIT@10:0.7815 NDCG@1:0.2751 NDCG@5:0.4571 NDCG@10:0.5081 MRR:0.4340
Train, Epoch:37, rec_loss:355.6443
Val, Epoch:37, HIT@1:0.2753 HIT@5:0.6278 HIT@10:0.7789 NDCG@1:0.2753 NDCG@5:0.4589 NDCG@10:0.5080 MRR:0.4346
Train, Epoch:38, rec_loss:355.0011
Val, Epoch:38, HIT@1:0.2802 HIT@5:0.6276 HIT@10:0.7784 NDCG@1:0.2802 NDCG@5:0.4611 NDCG@10:0.5101 MRR:0.4376
Train, Epoch:39, rec_loss:354.7546
Val, Epoch:39, HIT@1:0.2790 HIT@5:0.6279 HIT@10:0.7798 NDCG@1:0.2790 NDCG@5:0.4604 NDCG@10:0.5098 MRR:0.4366
Train, Epoch:40, rec_loss:354.1430
Val, Epoch:40, HIT@1:0.2794 HIT@5:0.6270 HIT@10:0.7811 NDCG@1:0.2794 NDCG@5:0.4601 NDCG@10:0.5103 MRR:0.4370
Train, Epoch:41, rec_loss:351.0211
Val, Epoch:41, HIT@1:0.2821 HIT@5:0.6316 HIT@10:0.7819 NDCG@1:0.2821 NDCG@5:0.4634 NDCG@10:0.5122 MRR:0.4392
Train, Epoch:42, rec_loss:349.1468
Val, Epoch:42, HIT@1:0.2806 HIT@5:0.6261 HIT@10:0.7807 NDCG@1:0.2806 NDCG@5:0.4605 NDCG@10:0.5108 MRR:0.4377
Train, Epoch:43, rec_loss:347.5764
Val, Epoch:43, HIT@1:0.2805 HIT@5:0.6288 HIT@10:0.7768 NDCG@1:0.2805 NDCG@5:0.4617 NDCG@10:0.5098 MRR:0.4378
Train, Epoch:44, rec_loss:348.1704
Val, Epoch:44, HIT@1:0.2816 HIT@5:0.6281 HIT@10:0.7805 NDCG@1:0.2816 NDCG@5:0.4620 NDCG@10:0.5115 MRR:0.4388
Train, Epoch:45, rec_loss:344.9099
Val, Epoch:45, HIT@1:0.2804 HIT@5:0.6280 HIT@10:0.7798 NDCG@1:0.2804 NDCG@5:0.4615 NDCG@10:0.5108 MRR:0.4379
Train, Epoch:46, rec_loss:341.8991
Val, Epoch:46, HIT@1:0.2824 HIT@5:0.6289 HIT@10:0.7788 NDCG@1:0.2824 NDCG@5:0.4628 NDCG@10:0.5116 MRR:0.4393
Train, Epoch:47, rec_loss:341.8306
Val, Epoch:47, HIT@1:0.2823 HIT@5:0.6286 HIT@10:0.7785 NDCG@1:0.2823 NDCG@5:0.4627 NDCG@10:0.5115 MRR:0.4393
Train, Epoch:48, rec_loss:340.2514
Val, Epoch:48, HIT@1:0.2848 HIT@5:0.6288 HIT@10:0.7811 NDCG@1:0.2848 NDCG@5:0.4639 NDCG@10:0.5133 MRR:0.4409
Train, Epoch:49, rec_loss:340.5403
Val, Epoch:49, HIT@1:0.2865 HIT@5:0.6306 HIT@10:0.7824 NDCG@1:0.2865 NDCG@5:0.4659 NDCG@10:0.5154 MRR:0.4431
Train, Epoch:50, rec_loss:338.9672
Val, Epoch:50, HIT@1:0.2835 HIT@5:0.6310 HIT@10:0.7774 NDCG@1:0.2835 NDCG@5:0.4640 NDCG@10:0.5115 MRR:0.4397
Train, Epoch:51, rec_loss:336.9759
Val, Epoch:51, HIT@1:0.2834 HIT@5:0.6319 HIT@10:0.7786 NDCG@1:0.2834 NDCG@5:0.4643 NDCG@10:0.5119 MRR:0.4398
Train, Epoch:52, rec_loss:334.3506
Val, Epoch:52, HIT@1:0.2852 HIT@5:0.6324 HIT@10:0.7801 NDCG@1:0.2852 NDCG@5:0.4665 NDCG@10:0.5144 MRR:0.4427
Train, Epoch:53, rec_loss:334.7319
Val, Epoch:53, HIT@1:0.2839 HIT@5:0.6291 HIT@10:0.7798 NDCG@1:0.2839 NDCG@5:0.4639 NDCG@10:0.5129 MRR:0.4408
Train, Epoch:54, rec_loss:335.3264
Val, Epoch:54, HIT@1:0.2837 HIT@5:0.6304 HIT@10:0.7774 NDCG@1:0.2837 NDCG@5:0.4644 NDCG@10:0.5122 MRR:0.4406
Train, Epoch:55, rec_loss:333.5956
Val, Epoch:55, HIT@1:0.2849 HIT@5:0.6342 HIT@10:0.7795 NDCG@1:0.2849 NDCG@5:0.4665 NDCG@10:0.5137 MRR:0.4418
Train, Epoch:56, rec_loss:331.2033
Val, Epoch:56, HIT@1:0.2865 HIT@5:0.6301 HIT@10:0.7780 NDCG@1:0.2865 NDCG@5:0.4651 NDCG@10:0.5133 MRR:0.4417
Train, Epoch:57, rec_loss:330.2439
Val, Epoch:57, HIT@1:0.2842 HIT@5:0.6298 HIT@10:0.7796 NDCG@1:0.2842 NDCG@5:0.4643 NDCG@10:0.5129 MRR:0.4407
Train, Epoch:58, rec_loss:332.1185
Val, Epoch:58, HIT@1:0.2853 HIT@5:0.6298 HIT@10:0.7784 NDCG@1:0.2853 NDCG@5:0.4651 NDCG@10:0.5135 MRR:0.4419
Train, Epoch:59, rec_loss:330.4219
Val, Epoch:59, HIT@1:0.2848 HIT@5:0.6296 HIT@10:0.7761 NDCG@1:0.2848 NDCG@5:0.4642 NDCG@10:0.5119 MRR:0.4406
Test, Epoch:0, HIT@1:0.2834 HIT@5:0.6255 HIT@10:0.7810 NDCG@1:0.2834 NDCG@5:0.4615 NDCG@10:0.5120 MRR:0.4393
