model_args: Namespace(data_dir='data', output_dir='output_tmp/YelpC30H32S1', data_name='Yelp', do_eval=False, full_sort=0, max_seq_length=50, model_name='CONV', hidden_size=32, num_hidden_layers=2, num_attention_heads=1, hidden_act='gelu', no_filter=False, attention_probs_dropout_prob=0.5, hidden_dropout_prob=0.5, lr=0.001, ablate=0, batch_size=256, drop_null=0, zero_pad=1, patience=10, seed=1, epochs=200, weight_decay=0.0, n_fft=50, local=3, pool_size=2, conv_name=1, initialize=1, padding_mode=0, conv_size=30, act=0, ffn_multiplier=4, trial='None', data_file='data/Yelp.txt', sample_file='data/Yelp_sample.txt', item_size=20034)
Total Parameters: 661696
Train, Epoch:0, rec_loss:1239.5120
Val, Epoch:0, HIT@1:0.0942 HIT@5:0.2877 HIT@10:0.4211 NDCG@1:0.0942 NDCG@5:0.1925 NDCG@10:0.2355 MRR:0.2006
Train, Epoch:1, rec_loss:1042.6672
Val, Epoch:1, HIT@1:0.1423 HIT@5:0.4055 HIT@10:0.5762 NDCG@1:0.1423 NDCG@5:0.2761 NDCG@10:0.3311 MRR:0.2763
Train, Epoch:2, rec_loss:877.2717
Val, Epoch:2, HIT@1:0.1464 HIT@5:0.4261 HIT@10:0.6100 NDCG@1:0.1464 NDCG@5:0.2879 NDCG@10:0.3474 MRR:0.2875
Train, Epoch:3, rec_loss:779.8090
Val, Epoch:3, HIT@1:0.1616 HIT@5:0.4573 HIT@10:0.6449 NDCG@1:0.1616 NDCG@5:0.3122 NDCG@10:0.3727 MRR:0.3087
Train, Epoch:4, rec_loss:715.9549
Val, Epoch:4, HIT@1:0.1744 HIT@5:0.4907 HIT@10:0.6814 NDCG@1:0.1744 NDCG@5:0.3349 NDCG@10:0.3965 MRR:0.3266
Train, Epoch:5, rec_loss:676.0986
Val, Epoch:5, HIT@1:0.1814 HIT@5:0.5056 HIT@10:0.6959 NDCG@1:0.1814 NDCG@5:0.3467 NDCG@10:0.4083 MRR:0.3371
Train, Epoch:6, rec_loss:647.7994
Val, Epoch:6, HIT@1:0.1925 HIT@5:0.5228 HIT@10:0.7142 NDCG@1:0.1925 NDCG@5:0.3619 NDCG@10:0.4239 MRR:0.3507
Train, Epoch:7, rec_loss:627.3000
Val, Epoch:7, HIT@1:0.2029 HIT@5:0.5426 HIT@10:0.7315 NDCG@1:0.2029 NDCG@5:0.3767 NDCG@10:0.4379 MRR:0.3627
Train, Epoch:8, rec_loss:607.4954
Val, Epoch:8, HIT@1:0.2110 HIT@5:0.5526 HIT@10:0.7418 NDCG@1:0.2110 NDCG@5:0.3858 NDCG@10:0.4472 MRR:0.3710
Train, Epoch:9, rec_loss:594.6092
Val, Epoch:9, HIT@1:0.2156 HIT@5:0.5642 HIT@10:0.7529 NDCG@1:0.2156 NDCG@5:0.3946 NDCG@10:0.4557 MRR:0.3781
Train, Epoch:10, rec_loss:584.1132
Val, Epoch:10, HIT@1:0.2165 HIT@5:0.5688 HIT@10:0.7541 NDCG@1:0.2165 NDCG@5:0.3968 NDCG@10:0.4568 MRR:0.3792
Train, Epoch:11, rec_loss:573.6696
Val, Epoch:11, HIT@1:0.2220 HIT@5:0.5754 HIT@10:0.7610 NDCG@1:0.2220 NDCG@5:0.4033 NDCG@10:0.4635 MRR:0.3854
Train, Epoch:12, rec_loss:562.9538
Val, Epoch:12, HIT@1:0.2250 HIT@5:0.5818 HIT@10:0.7663 NDCG@1:0.2250 NDCG@5:0.4084 NDCG@10:0.4683 MRR:0.3896
Train, Epoch:13, rec_loss:559.9916
Val, Epoch:13, HIT@1:0.2230 HIT@5:0.5811 HIT@10:0.7701 NDCG@1:0.2230 NDCG@5:0.4074 NDCG@10:0.4688 MRR:0.3889
Train, Epoch:14, rec_loss:550.8329
Val, Epoch:14, HIT@1:0.2279 HIT@5:0.5899 HIT@10:0.7743 NDCG@1:0.2279 NDCG@5:0.4137 NDCG@10:0.4736 MRR:0.3935
Train, Epoch:15, rec_loss:543.6326
Val, Epoch:15, HIT@1:0.2317 HIT@5:0.5965 HIT@10:0.7751 NDCG@1:0.2317 NDCG@5:0.4192 NDCG@10:0.4771 MRR:0.3977
Train, Epoch:16, rec_loss:541.8439
Val, Epoch:16, HIT@1:0.2355 HIT@5:0.5947 HIT@10:0.7785 NDCG@1:0.2355 NDCG@5:0.4202 NDCG@10:0.4798 MRR:0.4002
Train, Epoch:17, rec_loss:535.4147
Val, Epoch:17, HIT@1:0.2325 HIT@5:0.5967 HIT@10:0.7788 NDCG@1:0.2325 NDCG@5:0.4198 NDCG@10:0.4789 MRR:0.3988
Train, Epoch:18, rec_loss:532.8873
Val, Epoch:18, HIT@1:0.2360 HIT@5:0.6007 HIT@10:0.7816 NDCG@1:0.2360 NDCG@5:0.4238 NDCG@10:0.4826 MRR:0.4025
Train, Epoch:19, rec_loss:527.8536
Val, Epoch:19, HIT@1:0.2361 HIT@5:0.6015 HIT@10:0.7811 NDCG@1:0.2361 NDCG@5:0.4243 NDCG@10:0.4826 MRR:0.4027
Train, Epoch:20, rec_loss:522.2377
Val, Epoch:20, HIT@1:0.2386 HIT@5:0.6033 HIT@10:0.7840 NDCG@1:0.2386 NDCG@5:0.4266 NDCG@10:0.4853 MRR:0.4050
Train, Epoch:21, rec_loss:519.2572
Val, Epoch:21, HIT@1:0.2423 HIT@5:0.6055 HIT@10:0.7843 NDCG@1:0.2423 NDCG@5:0.4301 NDCG@10:0.4881 MRR:0.4086
Train, Epoch:22, rec_loss:517.5050
Val, Epoch:22, HIT@1:0.2413 HIT@5:0.6067 HIT@10:0.7842 NDCG@1:0.2413 NDCG@5:0.4302 NDCG@10:0.4877 MRR:0.4081
Train, Epoch:23, rec_loss:514.3707
Val, Epoch:23, HIT@1:0.2458 HIT@5:0.6101 HIT@10:0.7855 NDCG@1:0.2458 NDCG@5:0.4334 NDCG@10:0.4904 MRR:0.4111
Train, Epoch:24, rec_loss:511.1505
Val, Epoch:24, HIT@1:0.2433 HIT@5:0.6078 HIT@10:0.7878 NDCG@1:0.2433 NDCG@5:0.4316 NDCG@10:0.4900 MRR:0.4097
Train, Epoch:25, rec_loss:509.1235
Val, Epoch:25, HIT@1:0.2457 HIT@5:0.6137 HIT@10:0.7914 NDCG@1:0.2457 NDCG@5:0.4363 NDCG@10:0.4940 MRR:0.4135
Train, Epoch:26, rec_loss:506.2342
Val, Epoch:26, HIT@1:0.2455 HIT@5:0.6174 HIT@10:0.7885 NDCG@1:0.2455 NDCG@5:0.4377 NDCG@10:0.4933 MRR:0.4135
Train, Epoch:27, rec_loss:503.5437
Val, Epoch:27, HIT@1:0.2513 HIT@5:0.6178 HIT@10:0.7899 NDCG@1:0.2513 NDCG@5:0.4410 NDCG@10:0.4968 MRR:0.4176
Train, Epoch:28, rec_loss:502.7228
Val, Epoch:28, HIT@1:0.2502 HIT@5:0.6180 HIT@10:0.7905 NDCG@1:0.2502 NDCG@5:0.4403 NDCG@10:0.4963 MRR:0.4167
Train, Epoch:29, rec_loss:498.9953
Val, Epoch:29, HIT@1:0.2508 HIT@5:0.6164 HIT@10:0.7903 NDCG@1:0.2508 NDCG@5:0.4394 NDCG@10:0.4960 MRR:0.4165
Train, Epoch:30, rec_loss:496.3305
Val, Epoch:30, HIT@1:0.2505 HIT@5:0.6195 HIT@10:0.7903 NDCG@1:0.2505 NDCG@5:0.4409 NDCG@10:0.4964 MRR:0.4169
Train, Epoch:31, rec_loss:496.0030
Val, Epoch:31, HIT@1:0.2511 HIT@5:0.6198 HIT@10:0.7930 NDCG@1:0.2511 NDCG@5:0.4418 NDCG@10:0.4980 MRR:0.4182
Train, Epoch:32, rec_loss:492.7056
Val, Epoch:32, HIT@1:0.2521 HIT@5:0.6229 HIT@10:0.7943 NDCG@1:0.2521 NDCG@5:0.4435 NDCG@10:0.4991 MRR:0.4189
Train, Epoch:33, rec_loss:488.9909
Val, Epoch:33, HIT@1:0.2529 HIT@5:0.6210 HIT@10:0.7940 NDCG@1:0.2529 NDCG@5:0.4434 NDCG@10:0.4996 MRR:0.4197
Train, Epoch:34, rec_loss:490.7475
Val, Epoch:34, HIT@1:0.2556 HIT@5:0.6229 HIT@10:0.7948 NDCG@1:0.2556 NDCG@5:0.4455 NDCG@10:0.5014 MRR:0.4217
Train, Epoch:35, rec_loss:486.3848
Val, Epoch:35, HIT@1:0.2525 HIT@5:0.6244 HIT@10:0.7950 NDCG@1:0.2525 NDCG@5:0.4445 NDCG@10:0.4999 MRR:0.4197
Train, Epoch:36, rec_loss:485.8849
Val, Epoch:36, HIT@1:0.2534 HIT@5:0.6255 HIT@10:0.7958 NDCG@1:0.2534 NDCG@5:0.4457 NDCG@10:0.5010 MRR:0.4208
Train, Epoch:37, rec_loss:483.5158
Val, Epoch:37, HIT@1:0.2504 HIT@5:0.6273 HIT@10:0.7954 NDCG@1:0.2504 NDCG@5:0.4453 NDCG@10:0.4999 MRR:0.4195
Train, Epoch:38, rec_loss:482.3707
Val, Epoch:38, HIT@1:0.2535 HIT@5:0.6241 HIT@10:0.7965 NDCG@1:0.2535 NDCG@5:0.4452 NDCG@10:0.5013 MRR:0.4209
Train, Epoch:39, rec_loss:480.4361
Val, Epoch:39, HIT@1:0.2548 HIT@5:0.6218 HIT@10:0.7952 NDCG@1:0.2548 NDCG@5:0.4450 NDCG@10:0.5013 MRR:0.4214
Train, Epoch:40, rec_loss:479.2143
Val, Epoch:40, HIT@1:0.2567 HIT@5:0.6264 HIT@10:0.7979 NDCG@1:0.2567 NDCG@5:0.4478 NDCG@10:0.5035 MRR:0.4233
Train, Epoch:41, rec_loss:477.6940
Val, Epoch:41, HIT@1:0.2559 HIT@5:0.6287 HIT@10:0.7963 NDCG@1:0.2559 NDCG@5:0.4487 NDCG@10:0.5033 MRR:0.4235
Train, Epoch:42, rec_loss:476.3270
Val, Epoch:42, HIT@1:0.2584 HIT@5:0.6276 HIT@10:0.7976 NDCG@1:0.2584 NDCG@5:0.4496 NDCG@10:0.5049 MRR:0.4252
Train, Epoch:43, rec_loss:474.8997
Val, Epoch:43, HIT@1:0.2589 HIT@5:0.6298 HIT@10:0.7971 NDCG@1:0.2589 NDCG@5:0.4508 NDCG@10:0.5052 MRR:0.4257
Train, Epoch:44, rec_loss:473.5298
Val, Epoch:44, HIT@1:0.2605 HIT@5:0.6263 HIT@10:0.7975 NDCG@1:0.2605 NDCG@5:0.4499 NDCG@10:0.5056 MRR:0.4261
Train, Epoch:45, rec_loss:473.9237
Val, Epoch:45, HIT@1:0.2602 HIT@5:0.6307 HIT@10:0.7973 NDCG@1:0.2602 NDCG@5:0.4520 NDCG@10:0.5060 MRR:0.4266
Train, Epoch:46, rec_loss:471.0590
Val, Epoch:46, HIT@1:0.2579 HIT@5:0.6325 HIT@10:0.7967 NDCG@1:0.2579 NDCG@5:0.4515 NDCG@10:0.5049 MRR:0.4253
Train, Epoch:47, rec_loss:469.1068
Val, Epoch:47, HIT@1:0.2587 HIT@5:0.6312 HIT@10:0.7973 NDCG@1:0.2587 NDCG@5:0.4518 NDCG@10:0.5057 MRR:0.4262
Train, Epoch:48, rec_loss:470.3865
Val, Epoch:48, HIT@1:0.2597 HIT@5:0.6332 HIT@10:0.7992 NDCG@1:0.2597 NDCG@5:0.4531 NDCG@10:0.5070 MRR:0.4271
Train, Epoch:49, rec_loss:469.4071
Val, Epoch:49, HIT@1:0.2608 HIT@5:0.6290 HIT@10:0.7996 NDCG@1:0.2608 NDCG@5:0.4518 NDCG@10:0.5071 MRR:0.4274
Train, Epoch:50, rec_loss:466.5153
Val, Epoch:50, HIT@1:0.2624 HIT@5:0.6312 HIT@10:0.7986 NDCG@1:0.2624 NDCG@5:0.4540 NDCG@10:0.5084 MRR:0.4293
Train, Epoch:51, rec_loss:465.9863
Val, Epoch:51, HIT@1:0.2637 HIT@5:0.6329 HIT@10:0.7976 NDCG@1:0.2637 NDCG@5:0.4549 NDCG@10:0.5085 MRR:0.4297
Train, Epoch:52, rec_loss:466.3835
Val, Epoch:52, HIT@1:0.2613 HIT@5:0.6307 HIT@10:0.7964 NDCG@1:0.2613 NDCG@5:0.4527 NDCG@10:0.5066 MRR:0.4277
Train, Epoch:53, rec_loss:465.9395
Val, Epoch:53, HIT@1:0.2601 HIT@5:0.6350 HIT@10:0.7981 NDCG@1:0.2601 NDCG@5:0.4542 NDCG@10:0.5071 MRR:0.4277
Train, Epoch:54, rec_loss:465.3157
Val, Epoch:54, HIT@1:0.2643 HIT@5:0.6351 HIT@10:0.7993 NDCG@1:0.2643 NDCG@5:0.4564 NDCG@10:0.5098 MRR:0.4308
Train, Epoch:55, rec_loss:465.3814
Val, Epoch:55, HIT@1:0.2589 HIT@5:0.6329 HIT@10:0.7990 NDCG@1:0.2589 NDCG@5:0.4529 NDCG@10:0.5069 MRR:0.4271
Train, Epoch:56, rec_loss:461.2154
Val, Epoch:56, HIT@1:0.2648 HIT@5:0.6322 HIT@10:0.7994 NDCG@1:0.2648 NDCG@5:0.4553 NDCG@10:0.5095 MRR:0.4305
Train, Epoch:57, rec_loss:457.7287
Val, Epoch:57, HIT@1:0.2619 HIT@5:0.6343 HIT@10:0.7989 NDCG@1:0.2619 NDCG@5:0.4549 NDCG@10:0.5084 MRR:0.4291
Train, Epoch:58, rec_loss:462.4349
Val, Epoch:58, HIT@1:0.2612 HIT@5:0.6367 HIT@10:0.7998 NDCG@1:0.2612 NDCG@5:0.4560 NDCG@10:0.5090 MRR:0.4294
Train, Epoch:59, rec_loss:458.1126
Val, Epoch:59, HIT@1:0.2671 HIT@5:0.6405 HIT@10:0.8028 NDCG@1:0.2671 NDCG@5:0.4606 NDCG@10:0.5133 MRR:0.4340
Train, Epoch:60, rec_loss:457.1621
Val, Epoch:60, HIT@1:0.2656 HIT@5:0.6369 HIT@10:0.8008 NDCG@1:0.2656 NDCG@5:0.4577 NDCG@10:0.5111 MRR:0.4318
Train, Epoch:61, rec_loss:458.2050
Val, Epoch:61, HIT@1:0.2666 HIT@5:0.6364 HIT@10:0.8000 NDCG@1:0.2666 NDCG@5:0.4582 NDCG@10:0.5115 MRR:0.4326
Train, Epoch:62, rec_loss:458.3858
Val, Epoch:62, HIT@1:0.2650 HIT@5:0.6361 HIT@10:0.8005 NDCG@1:0.2650 NDCG@5:0.4575 NDCG@10:0.5109 MRR:0.4317
Train, Epoch:63, rec_loss:456.5136
Val, Epoch:63, HIT@1:0.2637 HIT@5:0.6371 HIT@10:0.8015 NDCG@1:0.2637 NDCG@5:0.4572 NDCG@10:0.5107 MRR:0.4311
Train, Epoch:64, rec_loss:457.2878
Val, Epoch:64, HIT@1:0.2644 HIT@5:0.6355 HIT@10:0.8007 NDCG@1:0.2644 NDCG@5:0.4573 NDCG@10:0.5110 MRR:0.4318
Train, Epoch:65, rec_loss:454.5735
Val, Epoch:65, HIT@1:0.2674 HIT@5:0.6385 HIT@10:0.7993 NDCG@1:0.2674 NDCG@5:0.4598 NDCG@10:0.5121 MRR:0.4336
Train, Epoch:66, rec_loss:455.4663
Val, Epoch:66, HIT@1:0.2659 HIT@5:0.6377 HIT@10:0.8010 NDCG@1:0.2659 NDCG@5:0.4586 NDCG@10:0.5116 MRR:0.4324
Train, Epoch:67, rec_loss:451.7343
Val, Epoch:67, HIT@1:0.2681 HIT@5:0.6397 HIT@10:0.8014 NDCG@1:0.2681 NDCG@5:0.4608 NDCG@10:0.5133 MRR:0.4345
Train, Epoch:68, rec_loss:453.2461
Val, Epoch:68, HIT@1:0.2676 HIT@5:0.6392 HIT@10:0.7999 NDCG@1:0.2676 NDCG@5:0.4595 NDCG@10:0.5118 MRR:0.4331
Train, Epoch:69, rec_loss:452.5224
Val, Epoch:69, HIT@1:0.2673 HIT@5:0.6374 HIT@10:0.8027 NDCG@1:0.2673 NDCG@5:0.4586 NDCG@10:0.5124 MRR:0.4329
Train, Epoch:70, rec_loss:451.1462
Val, Epoch:70, HIT@1:0.2705 HIT@5:0.6406 HIT@10:0.8026 NDCG@1:0.2705 NDCG@5:0.4623 NDCG@10:0.5150 MRR:0.4362
Train, Epoch:71, rec_loss:451.1917
Val, Epoch:71, HIT@1:0.2694 HIT@5:0.6395 HIT@10:0.8005 NDCG@1:0.2694 NDCG@5:0.4605 NDCG@10:0.5129 MRR:0.4343
Train, Epoch:72, rec_loss:448.0599
Val, Epoch:72, HIT@1:0.2703 HIT@5:0.6417 HIT@10:0.8031 NDCG@1:0.2703 NDCG@5:0.4632 NDCG@10:0.5157 MRR:0.4369
Train, Epoch:73, rec_loss:448.4844
Val, Epoch:73, HIT@1:0.2687 HIT@5:0.6412 HIT@10:0.8033 NDCG@1:0.2687 NDCG@5:0.4616 NDCG@10:0.5142 MRR:0.4349
Train, Epoch:74, rec_loss:448.6736
Val, Epoch:74, HIT@1:0.2701 HIT@5:0.6413 HIT@10:0.8033 NDCG@1:0.2701 NDCG@5:0.4627 NDCG@10:0.5154 MRR:0.4364
Train, Epoch:75, rec_loss:447.8777
Val, Epoch:75, HIT@1:0.2709 HIT@5:0.6426 HIT@10:0.8040 NDCG@1:0.2709 NDCG@5:0.4635 NDCG@10:0.5159 MRR:0.4367
Train, Epoch:76, rec_loss:444.7197
Val, Epoch:76, HIT@1:0.2720 HIT@5:0.6410 HIT@10:0.8028 NDCG@1:0.2720 NDCG@5:0.4636 NDCG@10:0.5162 MRR:0.4378
Train, Epoch:77, rec_loss:447.0811
Val, Epoch:77, HIT@1:0.2672 HIT@5:0.6410 HIT@10:0.8018 NDCG@1:0.2672 NDCG@5:0.4616 NDCG@10:0.5139 MRR:0.4349
Train, Epoch:78, rec_loss:445.1130
Val, Epoch:78, HIT@1:0.2679 HIT@5:0.6420 HIT@10:0.8012 NDCG@1:0.2679 NDCG@5:0.4623 NDCG@10:0.5141 MRR:0.4353
Train, Epoch:79, rec_loss:446.1467
Val, Epoch:79, HIT@1:0.2678 HIT@5:0.6393 HIT@10:0.8036 NDCG@1:0.2678 NDCG@5:0.4609 NDCG@10:0.5144 MRR:0.4349
Train, Epoch:80, rec_loss:444.5201
Val, Epoch:80, HIT@1:0.2708 HIT@5:0.6410 HIT@10:0.8053 NDCG@1:0.2708 NDCG@5:0.4631 NDCG@10:0.5166 MRR:0.4372
Train, Epoch:81, rec_loss:445.2761
Val, Epoch:81, HIT@1:0.2707 HIT@5:0.6416 HIT@10:0.8013 NDCG@1:0.2707 NDCG@5:0.4634 NDCG@10:0.5153 MRR:0.4369
Train, Epoch:82, rec_loss:444.4048
Val, Epoch:82, HIT@1:0.2690 HIT@5:0.6432 HIT@10:0.8048 NDCG@1:0.2690 NDCG@5:0.4632 NDCG@10:0.5157 MRR:0.4362
Train, Epoch:83, rec_loss:442.5618
Val, Epoch:83, HIT@1:0.2715 HIT@5:0.6433 HIT@10:0.8040 NDCG@1:0.2715 NDCG@5:0.4643 NDCG@10:0.5164 MRR:0.4375
Train, Epoch:84, rec_loss:444.5805
Val, Epoch:84, HIT@1:0.2728 HIT@5:0.6422 HIT@10:0.8020 NDCG@1:0.2728 NDCG@5:0.4645 NDCG@10:0.5165 MRR:0.4383
Train, Epoch:85, rec_loss:442.2574
Val, Epoch:85, HIT@1:0.2714 HIT@5:0.6391 HIT@10:0.8018 NDCG@1:0.2714 NDCG@5:0.4624 NDCG@10:0.5154 MRR:0.4369
Train, Epoch:86, rec_loss:442.6990
Val, Epoch:86, HIT@1:0.2719 HIT@5:0.6431 HIT@10:0.8024 NDCG@1:0.2719 NDCG@5:0.4648 NDCG@10:0.5167 MRR:0.4383
Train, Epoch:87, rec_loss:442.5174
Val, Epoch:87, HIT@1:0.2731 HIT@5:0.6442 HIT@10:0.8032 NDCG@1:0.2731 NDCG@5:0.4654 NDCG@10:0.5172 MRR:0.4387
Train, Epoch:88, rec_loss:442.3460
Val, Epoch:88, HIT@1:0.2734 HIT@5:0.6436 HIT@10:0.8020 NDCG@1:0.2734 NDCG@5:0.4651 NDCG@10:0.5167 MRR:0.4386
Train, Epoch:89, rec_loss:442.5892
Val, Epoch:89, HIT@1:0.2728 HIT@5:0.6446 HIT@10:0.8016 NDCG@1:0.2728 NDCG@5:0.4655 NDCG@10:0.5165 MRR:0.4385
Train, Epoch:90, rec_loss:441.8517
Val, Epoch:90, HIT@1:0.2693 HIT@5:0.6415 HIT@10:0.8039 NDCG@1:0.2693 NDCG@5:0.4625 NDCG@10:0.5153 MRR:0.4360
Train, Epoch:91, rec_loss:443.3512
Val, Epoch:91, HIT@1:0.2727 HIT@5:0.6431 HIT@10:0.8018 NDCG@1:0.2727 NDCG@5:0.4646 NDCG@10:0.5162 MRR:0.4380
Train, Epoch:92, rec_loss:442.3456
Val, Epoch:92, HIT@1:0.2707 HIT@5:0.6418 HIT@10:0.8023 NDCG@1:0.2707 NDCG@5:0.4638 NDCG@10:0.5160 MRR:0.4375
Train, Epoch:93, rec_loss:437.2012
Val, Epoch:93, HIT@1:0.2691 HIT@5:0.6418 HIT@10:0.8025 NDCG@1:0.2691 NDCG@5:0.4625 NDCG@10:0.5147 MRR:0.4358
Train, Epoch:94, rec_loss:437.8441
Val, Epoch:94, HIT@1:0.2710 HIT@5:0.6429 HIT@10:0.8021 NDCG@1:0.2710 NDCG@5:0.4637 NDCG@10:0.5154 MRR:0.4368
Train, Epoch:95, rec_loss:437.1672
Val, Epoch:95, HIT@1:0.2730 HIT@5:0.6422 HIT@10:0.8039 NDCG@1:0.2730 NDCG@5:0.4644 NDCG@10:0.5169 MRR:0.4381
Train, Epoch:96, rec_loss:439.3795
Val, Epoch:96, HIT@1:0.2743 HIT@5:0.6438 HIT@10:0.8022 NDCG@1:0.2743 NDCG@5:0.4665 NDCG@10:0.5179 MRR:0.4400
Train, Epoch:97, rec_loss:439.2062
Val, Epoch:97, HIT@1:0.2750 HIT@5:0.6449 HIT@10:0.8046 NDCG@1:0.2750 NDCG@5:0.4672 NDCG@10:0.5191 MRR:0.4407
Train, Epoch:98, rec_loss:437.6529
Val, Epoch:98, HIT@1:0.2739 HIT@5:0.6431 HIT@10:0.8016 NDCG@1:0.2739 NDCG@5:0.4658 NDCG@10:0.5173 MRR:0.4393
Train, Epoch:99, rec_loss:438.7608
Val, Epoch:99, HIT@1:0.2737 HIT@5:0.6449 HIT@10:0.8026 NDCG@1:0.2737 NDCG@5:0.4662 NDCG@10:0.5174 MRR:0.4392
Train, Epoch:100, rec_loss:435.9893
Val, Epoch:100, HIT@1:0.2717 HIT@5:0.6466 HIT@10:0.8041 NDCG@1:0.2717 NDCG@5:0.4662 NDCG@10:0.5174 MRR:0.4385
Train, Epoch:101, rec_loss:436.3433
Val, Epoch:101, HIT@1:0.2712 HIT@5:0.6445 HIT@10:0.8054 NDCG@1:0.2712 NDCG@5:0.4649 NDCG@10:0.5172 MRR:0.4379
Train, Epoch:102, rec_loss:437.8246
Val, Epoch:102, HIT@1:0.2743 HIT@5:0.6449 HIT@10:0.8030 NDCG@1:0.2743 NDCG@5:0.4673 NDCG@10:0.5187 MRR:0.4407
Train, Epoch:103, rec_loss:438.3849
Val, Epoch:103, HIT@1:0.2730 HIT@5:0.6452 HIT@10:0.8028 NDCG@1:0.2730 NDCG@5:0.4670 NDCG@10:0.5183 MRR:0.4401
Train, Epoch:104, rec_loss:434.9820
Val, Epoch:104, HIT@1:0.2787 HIT@5:0.6467 HIT@10:0.8046 NDCG@1:0.2787 NDCG@5:0.4700 NDCG@10:0.5214 MRR:0.4436
Train, Epoch:105, rec_loss:435.6339
Val, Epoch:105, HIT@1:0.2737 HIT@5:0.6445 HIT@10:0.8040 NDCG@1:0.2737 NDCG@5:0.4669 NDCG@10:0.5187 MRR:0.4403
Train, Epoch:106, rec_loss:433.8439
Val, Epoch:106, HIT@1:0.2756 HIT@5:0.6447 HIT@10:0.8037 NDCG@1:0.2756 NDCG@5:0.4676 NDCG@10:0.5193 MRR:0.4412
Train, Epoch:107, rec_loss:435.6539
Val, Epoch:107, HIT@1:0.2750 HIT@5:0.6427 HIT@10:0.8031 NDCG@1:0.2750 NDCG@5:0.4661 NDCG@10:0.5183 MRR:0.4402
Train, Epoch:108, rec_loss:433.6724
Val, Epoch:108, HIT@1:0.2735 HIT@5:0.6450 HIT@10:0.8030 NDCG@1:0.2735 NDCG@5:0.4665 NDCG@10:0.5178 MRR:0.4394
Train, Epoch:109, rec_loss:433.1473
Val, Epoch:109, HIT@1:0.2727 HIT@5:0.6437 HIT@10:0.8028 NDCG@1:0.2727 NDCG@5:0.4656 NDCG@10:0.5174 MRR:0.4390
Train, Epoch:110, rec_loss:437.0046
Val, Epoch:110, HIT@1:0.2772 HIT@5:0.6462 HIT@10:0.8045 NDCG@1:0.2772 NDCG@5:0.4686 NDCG@10:0.5201 MRR:0.4419
Train, Epoch:111, rec_loss:435.2929
Val, Epoch:111, HIT@1:0.2745 HIT@5:0.6449 HIT@10:0.8040 NDCG@1:0.2745 NDCG@5:0.4664 NDCG@10:0.5181 MRR:0.4396
Train, Epoch:112, rec_loss:432.5924
Val, Epoch:112, HIT@1:0.2762 HIT@5:0.6458 HIT@10:0.8047 NDCG@1:0.2762 NDCG@5:0.4681 NDCG@10:0.5197 MRR:0.4414
Train, Epoch:113, rec_loss:432.5844
Val, Epoch:113, HIT@1:0.2722 HIT@5:0.6443 HIT@10:0.8028 NDCG@1:0.2722 NDCG@5:0.4655 NDCG@10:0.5171 MRR:0.4386
Train, Epoch:114, rec_loss:433.5892
Val, Epoch:114, HIT@1:0.2723 HIT@5:0.6455 HIT@10:0.8059 NDCG@1:0.2723 NDCG@5:0.4666 NDCG@10:0.5187 MRR:0.4395
Test, Epoch:0, HIT@1:0.2672 HIT@5:0.6342 HIT@10:0.7988 NDCG@1:0.2672 NDCG@5:0.4585 NDCG@10:0.5120 MRR:0.4335
